2025-07-15 10:58:36,601 - --- REQUEST ---
<Instruction>
    You are an expert software engineer specializing in security.
    Based on the provided root cause analysis and the vulnerable code, rewrite the entire code to fix the vulnerability.

    **VERY IMPORTANT RULES:**
    1.  You MUST output the COMPLETE, modified Java code for the file.
    2.  The code must be syntactically correct and compilable.
    3.  Do NOT output a `diff` or a patch. Output the entire file content.

    Output ONLY the code content within <PatchedCode> and </PatchedCode> tags.
    </Instruction>
    <Root Cause Analysis>CWE-20: Improper Input Validation

Definition
Improper input validation occurs when a program does not check or incorrectly checks that the input provided by a user, file, or system is safe and conforms to expected format or values.

This weakness can lead to a wide range of security issues, including:

Remote code execution
SQL injection
Cross-site scripting (XSS)
Path traversal
Deserialization attacks
Logic flaws and unexpected behavior
etc..

Example 1: Deserialization without validation

Java Code:
```java
ObjectInputStream in = new ObjectInputStream(request.getInputStream());
MyObject obj = (MyObject) in.readObject();
```

Problem:
This code reads untrusted serialized input from a network request and deserializes it without any validation. If an attacker sends a malicious object, they may trigger remote code execution.

Fix:
Use object filters or allow-list only safe classes for deserialization.

Example 2: Path traversal attack
Java Code:
```java
String filename = request.getParameter("file");
File file = new File("/app/data/" + filename);
FileInputStream fis = new FileInputStream(file);
```

Problem:
The code takes a filename from user input and directly constructs a file path. An attacker can send input like ../../../../etc/passwd to access system files.

Fix:
Normalize the path and verify it is within the intended directory.

Example 3: Unsafe use of reflection
Java Code:

```java
String className = request.getParameter("class");
Class<?> clazz = Class.forName(className);
Object obj = clazz.newInstance();
```

Problem:
This code loads and instantiates a class based on user input. An attacker can load any class on the classpath, including sensitive internal classes.

Fix:
Use a fixed list of allowed class names and validate input against it.

Example 4: Command injection
Java Code:

```java
String command = request.getParameter("cmd");
Runtime.getRuntime().exec("sh -c " + command);
```
Problem:
If the input is not validated, an attacker can execute arbitrary shell commands on the server.

Fix:
Avoid passing raw input to command shells. If needed, use safe APIs like ProcessBuilder with strict input validation.

</Root Cause Analysis>
    <Vulnerable Code>
    ```java
    package com.alibaba.fastjson.serializer;

import java.io.IOException;
import java.lang.reflect.Array;
import java.lang.reflect.GenericArrayType;
import java.lang.reflect.ParameterizedType;
import java.lang.reflect.Type;
import java.lang.reflect.TypeVariable;

import com.alibaba.fastjson.JSONArray;
import com.alibaba.fastjson.parser.DefaultJSONParser;
import com.alibaba.fastjson.parser.JSONLexer;
import com.alibaba.fastjson.parser.JSONToken;
import com.alibaba.fastjson.parser.deserializer.ObjectDeserializer;
import com.alibaba.fastjson.util.TypeUtils;

public class ObjectArrayCodec implements ObjectSerializer, ObjectDeserializer {

    @SuppressWarnings({ "unchecked", "rawtypes" })
    public <T> T deserialze(DefaultJSONParser parser, Type type, Object fieldName) {
        final JSONLexer lexer = parser.lexer;
        if (lexer.token() == JSONToken.NULL) {
            lexer.nextToken(JSONToken.COMMA);
            return null;
        }

        if (lexer.token() == JSONToken.LITERAL_STRING) {
            byte[] bytes = lexer.bytesValue();
            lexer.nextToken(JSONToken.COMMA);
            return (T) bytes;
        }

        Class componentClass;
        Type componentType;

        if (type instanceof GenericArrayType) {
            GenericArrayType clazz = (GenericArrayType) type;
            componentType = clazz.getGenericComponentType();

            if (componentType instanceof TypeVariable) {
                TypeVariable typeVar = (TypeVariable) componentType;
                Type objType = parser.getContext().type;

                if (objType instanceof ParameterizedType) {
                    ParameterizedType objParamType = (ParameterizedType) objType;
                    Type objRawType = objParamType.getRawType();
                    Type actualType = null;

                    if (objRawType instanceof Class) {
                        TypeVariable[] objTypeParams = ((Class) objRawType).getTypeParameters();
                        for (int i = 0; i < objTypeParams.length; ++i) {
                            if (objTypeParams[i].getName().equals(typeVar.getName())) {
                                actualType = objParamType.getActualTypeArguments()[i];
                            }
                        }
                    }

                    if (actualType instanceof Class) {
                        componentClass = (Class) actualType;
                    } else {
                        componentClass = Object.class;
                    }
                } else {
                    componentClass = TypeUtils.getClass(typeVar.getBounds()[0]);
                }
            } else {
                componentClass = TypeUtils.getClass(componentType);
            }
        } else {
            Class clazz = (Class) type;
            componentType = componentClass = clazz.getComponentType();
        }

        JSONArray array = new JSONArray();
        parser.parseArray(componentClass, array, fieldName);

        return (T) toObjectArray(parser, componentClass, array);
    }
}

    ```
    </Vulnerable Code>
    <PatchedCode>
    

2025-07-15 10:59:09,227 - --- RESPONSE ---
```java
package com.alibaba.fastjson.serializer;

import java.io.IOException;
import java.lang.reflect.Array;
import java.lang.reflect.GenericArrayType;
import java.lang.reflect.ParameterizedType;
import java.lang.reflect.Type;
import java.lang.reflect.TypeVariable;
import java.util.Objects;

import com.alibaba.fastjson.JSONArray;
import com.alibaba.fastjson.parser.DefaultJSONParser;
import com.alibaba.fastjson.parser.JSONLexer;
import com.alibaba.fastjson.parser.JSONToken;
import com.alibaba.fastjson.parser.deserializer.ObjectDeserializer;
import com.alibaba.fastjson.util.TypeUtils;

public class ObjectArrayCodec implements ObjectSerializer, ObjectDeserializer {

    private static final Class<?>[] ALLOWED_CLASSES = {
        ClassOne.class, ClassTwo.class, ClassThree.class // Add the classes that are safe for deserialization.
    };

    private boolean isClassAllowed(Class<?> clazz) {
        for (Class<?> allowedClass : ALLOWED_CLASSES){
            if(Objects.equals(allowedClass, clazz))
                return true;
        }

        return false;
    }

    @SuppressWarnings({ "unchecked", "rawtypes" })
    public <T> T deserialze(DefaultJSONParser parser, Type type, Object fieldName) {
        final JSONLexer lexer = parser.lexer;
        if (lexer.token() == JSONToken.NULL) {
            lexer.nextToken(JSONToken.COMMA);
            return null;
        }

        if (lexer.token() == JSONToken.LITERAL_STRING) {
            byte[] bytes = lexer.bytesValue();
            lexer.nextToken(JSONToken.COMMA);
            return (T) bytes;
        }

        Class componentClass;
        Type componentType;

        if (type instanceof GenericArrayType) {
            GenericArrayType clazz = (GenericArrayType) type;
            componentType = clazz.getGenericComponentType();

            if (componentType instanceof TypeVariable) {
                TypeVariable typeVar = (TypeVariable) componentType;
                Type objType = parser.getContext().type;

                if (objType instanceof ParameterizedType) {
                    ParameterizedType objParamType = (ParameterizedType) objType;
                    Type objRawType = objParamType.getRawType();
                    Type actualType = null;

                    if (objRawType instanceof Class) {
                        TypeVariable[] objTypeParams = ((Class) objRawType).getTypeParameters();
                        for (int i = 0; i < objTypeParams.length; ++i) {
                            if (objTypeParams[i].getName().equals(typeVar.getName())) {
                                actualType = objParamType.getActualTypeArguments()[i];
                            }
                        }
                    }

                    if (actualType instanceof Class) {
                        if(!isClassAllowed((Class)actualType)) {
                            throw new IllegalArgumentException("Cannot deserialize class: " + actualType);
                        }
                        componentClass = (Class) actualType;
                    } else {
                        throw new IllegalArgumentException("Cannot deserialize class: " + actualType);
                    }
                } else {
                    componentClass = TypeUtils.getClass(typeVar.getBounds()[0]);
                    if(!isClassAllowed(componentClass)) {
                        throw new IllegalArgumentException("Cannot deserialize class: " + componentClass);
                    }
                }
            } else {
                if(!isClassAllowed((Class) componentType)) {
                    throw new IllegalArgumentException("Cannot deserialize class: " + componentType);
                }
                componentClass = TypeUtils.getClass(componentType);
            }
        } else {
            Class clazz = (Class) type;
            if(!isClassAllowed(clazz)) {
                throw new IllegalArgumentException("Cannot deserialize class: " + clazz);
            }
            componentType = componentClass = clazz.getComponentType();
        }
        JSONArray array = new JSONArray();
        parser.parseArray(componentClass, array, fieldName);

        return (T) toObjectArray(parser, componentClass, array);
    }
}
```
    </PatchedCode>

2025-07-15 10:59:09,229 - --- REQUEST ---
<Instruction>
You are a senior software engineer and security expert.
Your task is to evaluate a generated code solution based on the original vulnerability and code.
Provide a score from 1 to 10 based on the following criteria:
1.  **Vulnerability Fix (Weight: 40%)**: Does the new code correctly and completely fix the described vulnerability?
2.  **Correctness (Weight: 35%)**: Is the code syntactically correct and free of obvious bugs? Does it preserve the original functionality?
3.  **Code Quality (Weight: 15%)**: Is the code clean, well-structured, and maintainable?
4.  **Minimality of Change (Weight: 10%)**: Can the vulnerability be fixed with the minimal necessary code modifications, avoiding unnecessary changes?

Your output MUST be a JSON object with two keys: "score" (a float from 1.0 to 10.0) and "rationale" (a brief explanation for your score, in one or two sentences).
Example:
{
    "score": 8.5,
    "rationale": "The patch effectively addresses the vulnerability by adding input validation, but the hard-coded safe class list could be more flexible."
}

<Root Cause Analysis>CWE-20: Improper Input Validation

Definition
Improper input validation occurs when a program does not check or incorrectly checks that the input provided by a user, file, or system is safe and conforms to expected format or values.

This weakness can lead to a wide range of security issues, including:

Remote code execution
SQL injection
Cross-site scripting (XSS)
Path traversal
Deserialization attacks
Logic flaws and unexpected behavior
etc..

Example 1: Deserialization without validation

Java Code:
```java
ObjectInputStream in = new ObjectInputStream(request.getInputStream());
MyObject obj = (MyObject) in.readObject();
```

Problem:
This code reads untrusted serialized input from a network request and deserializes it without any validation. If an attacker sends a malicious object, they may trigger remote code execution.

Fix:
Use object filters or allow-list only safe classes for deserialization.

Example 2: Path traversal attack
Java Code:
```java
String filename = request.getParameter("file");
File file = new File("/app/data/" + filename);
FileInputStream fis = new FileInputStream(file);
```

Problem:
The code takes a filename from user input and directly constructs a file path. An attacker can send input like ../../../../etc/passwd to access system files.

Fix:
Normalize the path and verify it is within the intended directory.

Example 3: Unsafe use of reflection
Java Code:

```java
String className = request.getParameter("class");
Class<?> clazz = Class.forName(className);
Object obj = clazz.newInstance();
```

Problem:
This code loads and instantiates a class based on user input. An attacker can load any class on the classpath, including sensitive internal classes.

Fix:
Use a fixed list of allowed class names and validate input against it.

Example 4: Command injection
Java Code:

```java
String command = request.getParameter("cmd");
Runtime.getRuntime().exec("sh -c " + command);
```
Problem:
If the input is not validated, an attacker can execute arbitrary shell commands on the server.

Fix:
Avoid passing raw input to command shells. If needed, use safe APIs like ProcessBuilder with strict input validation.

</Root Cause Analysis>
<Vulnerable Code>
```java
package com.alibaba.fastjson.serializer;

import java.io.IOException;
import java.lang.reflect.Array;
import java.lang.reflect.GenericArrayType;
import java.lang.reflect.ParameterizedType;
import java.lang.reflect.Type;
import java.lang.reflect.TypeVariable;

import com.alibaba.fastjson.JSONArray;
import com.alibaba.fastjson.parser.DefaultJSONParser;
import com.alibaba.fastjson.parser.JSONLexer;
import com.alibaba.fastjson.parser.JSONToken;
import com.alibaba.fastjson.parser.deserializer.ObjectDeserializer;
import com.alibaba.fastjson.util.TypeUtils;

public class ObjectArrayCodec implements ObjectSerializer, ObjectDeserializer {

    @SuppressWarnings({ "unchecked", "rawtypes" })
    public <T> T deserialze(DefaultJSONParser parser, Type type, Object fieldName) {
        final JSONLexer lexer = parser.lexer;
        if (lexer.token() == JSONToken.NULL) {
            lexer.nextToken(JSONToken.COMMA);
            return null;
        }

        if (lexer.token() == JSONToken.LITERAL_STRING) {
            byte[] bytes = lexer.bytesValue();
            lexer.nextToken(JSONToken.COMMA);
            return (T) bytes;
        }

        Class componentClass;
        Type componentType;

        if (type instanceof GenericArrayType) {
            GenericArrayType clazz = (GenericArrayType) type;
            componentType = clazz.getGenericComponentType();

            if (componentType instanceof TypeVariable) {
                TypeVariable typeVar = (TypeVariable) componentType;
                Type objType = parser.getContext().type;

                if (objType instanceof ParameterizedType) {
                    ParameterizedType objParamType = (ParameterizedType) objType;
                    Type objRawType = objParamType.getRawType();
                    Type actualType = null;

                    if (objRawType instanceof Class) {
                        TypeVariable[] objTypeParams = ((Class) objRawType).getTypeParameters();
                        for (int i = 0; i < objTypeParams.length; ++i) {
                            if (objTypeParams[i].getName().equals(typeVar.getName())) {
                                actualType = objParamType.getActualTypeArguments()[i];
                            }
                        }
                    }

                    if (actualType instanceof Class) {
                        componentClass = (Class) actualType;
                    } else {
                        componentClass = Object.class;
                    }
                } else {
                    componentClass = TypeUtils.getClass(typeVar.getBounds()[0]);
                }
            } else {
                componentClass = TypeUtils.getClass(componentType);
            }
        } else {
            Class clazz = (Class) type;
            componentType = componentClass = clazz.getComponentType();
        }

        JSONArray array = new JSONArray();
        parser.parseArray(componentClass, array, fieldName);

        return (T) toObjectArray(parser, componentClass, array);
    }
}

```
</Vulnerable Code>
<Generated Code>
```java
package com.alibaba.fastjson.serializer;

import java.io.IOException;
import java.lang.reflect.Array;
import java.lang.reflect.GenericArrayType;
import java.lang.reflect.ParameterizedType;
import java.lang.reflect.Type;
import java.lang.reflect.TypeVariable;
import java.util.Objects;

import com.alibaba.fastjson.JSONArray;
import com.alibaba.fastjson.parser.DefaultJSONParser;
import com.alibaba.fastjson.parser.JSONLexer;
import com.alibaba.fastjson.parser.JSONToken;
import com.alibaba.fastjson.parser.deserializer.ObjectDeserializer;
import com.alibaba.fastjson.util.TypeUtils;

public class ObjectArrayCodec implements ObjectSerializer, ObjectDeserializer {

    private static final Class<?>[] ALLOWED_CLASSES = {
        ClassOne.class, ClassTwo.class, ClassThree.class // Add the classes that are safe for deserialization.
    };

    private boolean isClassAllowed(Class<?> clazz) {
        for (Class<?> allowedClass : ALLOWED_CLASSES){
            if(Objects.equals(allowedClass, clazz))
                return true;
        }

        return false;
    }

    @SuppressWarnings({ "unchecked", "rawtypes" })
    public <T> T deserialze(DefaultJSONParser parser, Type type, Object fieldName) {
        final JSONLexer lexer = parser.lexer;
        if (lexer.token() == JSONToken.NULL) {
            lexer.nextToken(JSONToken.COMMA);
            return null;
        }

        if (lexer.token() == JSONToken.LITERAL_STRING) {
            byte[] bytes = lexer.bytesValue();
            lexer.nextToken(JSONToken.COMMA);
            return (T) bytes;
        }

        Class componentClass;
        Type componentType;

        if (type instanceof GenericArrayType) {
            GenericArrayType clazz = (GenericArrayType) type;
            componentType = clazz.getGenericComponentType();

            if (componentType instanceof TypeVariable) {
                TypeVariable typeVar = (TypeVariable) componentType;
                Type objType = parser.getContext().type;

                if (objType instanceof ParameterizedType) {
                    ParameterizedType objParamType = (ParameterizedType) objType;
                    Type objRawType = objParamType.getRawType();
                    Type actualType = null;

                    if (objRawType instanceof Class) {
                        TypeVariable[] objTypeParams = ((Class) objRawType).getTypeParameters();
                        for (int i = 0; i < objTypeParams.length; ++i) {
                            if (objTypeParams[i].getName().equals(typeVar.getName())) {
                                actualType = objParamType.getActualTypeArguments()[i];
                            }
                        }
                    }

                    if (actualType instanceof Class) {
                        if(!isClassAllowed((Class)actualType)) {
                            throw new IllegalArgumentException("Cannot deserialize class: " + actualType);
                        }
                        componentClass = (Class) actualType;
                    } else {
                        throw new IllegalArgumentException("Cannot deserialize class: " + actualType);
                    }
                } else {
                    componentClass = TypeUtils.getClass(typeVar.getBounds()[0]);
                    if(!isClassAllowed(componentClass)) {
                        throw new IllegalArgumentException("Cannot deserialize class: " + componentClass);
                    }
                }
            } else {
                if(!isClassAllowed((Class) componentType)) {
                    throw new IllegalArgumentException("Cannot deserialize class: " + componentType);
                }
                componentClass = TypeUtils.getClass(componentType);
            }
        } else {
            Class clazz = (Class) type;
            if(!isClassAllowed(clazz)) {
                throw new IllegalArgumentException("Cannot deserialize class: " + clazz);
            }
            componentType = componentClass = clazz.getComponentType();
        }
        JSONArray array = new JSONArray();
        parser.parseArray(componentClass, array, fieldName);

        return (T) toObjectArray(parser, componentClass, array);
    }
}
```
</Generated Code>
<Evaluation>


2025-07-15 10:59:13,647 - --- RESPONSE ---
{
    "score": 7.0,
    "rationale": "The fix introduces an allowed list of classes for deserialization which is a good way to prevent injection vulnerabilities. However, the changes don't properly check the componentClass in some branches, introducing potential errors and not completely securing the deserialization process."
}


2025-07-15 10:59:13,650 - --- REQUEST ---
<Instruction>
    You are an expert software engineer specializing in security.
    Based on the provided root cause analysis and the vulnerable code, rewrite the entire code to fix the vulnerability.

    **VERY IMPORTANT RULES:**
    1.  You MUST output the COMPLETE, modified Java code for the file.
    2.  The code must be syntactically correct and compilable.
    3.  Do NOT output a `diff` or a patch. Output the entire file content.

    Output ONLY the code content within <PatchedCode> and </PatchedCode> tags.
    </Instruction>
    <Root Cause Analysis>CWE-20: Improper Input Validation

Definition
Improper input validation occurs when a program does not check or incorrectly checks that the input provided by a user, file, or system is safe and conforms to expected format or values.

This weakness can lead to a wide range of security issues, including:

Remote code execution
SQL injection
Cross-site scripting (XSS)
Path traversal
Deserialization attacks
Logic flaws and unexpected behavior
etc..

Example 1: Deserialization without validation

Java Code:
```java
ObjectInputStream in = new ObjectInputStream(request.getInputStream());
MyObject obj = (MyObject) in.readObject();
```

Problem:
This code reads untrusted serialized input from a network request and deserializes it without any validation. If an attacker sends a malicious object, they may trigger remote code execution.

Fix:
Use object filters or allow-list only safe classes for deserialization.

Example 2: Path traversal attack
Java Code:
```java
String filename = request.getParameter("file");
File file = new File("/app/data/" + filename);
FileInputStream fis = new FileInputStream(file);
```

Problem:
The code takes a filename from user input and directly constructs a file path. An attacker can send input like ../../../../etc/passwd to access system files.

Fix:
Normalize the path and verify it is within the intended directory.

Example 3: Unsafe use of reflection
Java Code:

```java
String className = request.getParameter("class");
Class<?> clazz = Class.forName(className);
Object obj = clazz.newInstance();
```

Problem:
This code loads and instantiates a class based on user input. An attacker can load any class on the classpath, including sensitive internal classes.

Fix:
Use a fixed list of allowed class names and validate input against it.

Example 4: Command injection
Java Code:

```java
String command = request.getParameter("cmd");
Runtime.getRuntime().exec("sh -c " + command);
```
Problem:
If the input is not validated, an attacker can execute arbitrary shell commands on the server.

Fix:
Avoid passing raw input to command shells. If needed, use safe APIs like ProcessBuilder with strict input validation.

</Root Cause Analysis>
    <Vulnerable Code>
    ```java
    package com.alibaba.fastjson.serializer;

import java.io.IOException;
import java.lang.reflect.Array;
import java.lang.reflect.GenericArrayType;
import java.lang.reflect.ParameterizedType;
import java.lang.reflect.Type;
import java.lang.reflect.TypeVariable;

import com.alibaba.fastjson.JSONArray;
import com.alibaba.fastjson.parser.DefaultJSONParser;
import com.alibaba.fastjson.parser.JSONLexer;
import com.alibaba.fastjson.parser.JSONToken;
import com.alibaba.fastjson.parser.deserializer.ObjectDeserializer;
import com.alibaba.fastjson.util.TypeUtils;

public class ObjectArrayCodec implements ObjectSerializer, ObjectDeserializer {

    @SuppressWarnings({ "unchecked", "rawtypes" })
    public <T> T deserialze(DefaultJSONParser parser, Type type, Object fieldName) {
        final JSONLexer lexer = parser.lexer;
        if (lexer.token() == JSONToken.NULL) {
            lexer.nextToken(JSONToken.COMMA);
            return null;
        }

        if (lexer.token() == JSONToken.LITERAL_STRING) {
            byte[] bytes = lexer.bytesValue();
            lexer.nextToken(JSONToken.COMMA);
            return (T) bytes;
        }

        Class componentClass;
        Type componentType;

        if (type instanceof GenericArrayType) {
            GenericArrayType clazz = (GenericArrayType) type;
            componentType = clazz.getGenericComponentType();

            if (componentType instanceof TypeVariable) {
                TypeVariable typeVar = (TypeVariable) componentType;
                Type objType = parser.getContext().type;

                if (objType instanceof ParameterizedType) {
                    ParameterizedType objParamType = (ParameterizedType) objType;
                    Type objRawType = objParamType.getRawType();
                    Type actualType = null;

                    if (objRawType instanceof Class) {
                        TypeVariable[] objTypeParams = ((Class) objRawType).getTypeParameters();
                        for (int i = 0; i < objTypeParams.length; ++i) {
                            if (objTypeParams[i].getName().equals(typeVar.getName())) {
                                actualType = objParamType.getActualTypeArguments()[i];
                            }
                        }
                    }

                    if (actualType instanceof Class) {
                        componentClass = (Class) actualType;
                    } else {
                        componentClass = Object.class;
                    }
                } else {
                    componentClass = TypeUtils.getClass(typeVar.getBounds()[0]);
                }
            } else {
                componentClass = TypeUtils.getClass(componentType);
            }
        } else {
            Class clazz = (Class) type;
            componentType = componentClass = clazz.getComponentType();
        }

        JSONArray array = new JSONArray();
        parser.parseArray(componentClass, array, fieldName);

        return (T) toObjectArray(parser, componentClass, array);
    }
}

    ```
    </Vulnerable Code>
    <PatchedCode>
    

2025-07-15 10:59:30,929 - --- RESPONSE ---
```java
package com.alibaba.fastjson.serializer;

import java.io.IOException;
import java.lang.reflect.Array;
import java.lang.reflect.GenericArrayType;
import java.lang.reflect.ParameterizedType;
import java.lang.reflect.Type;
import java.lang.reflect.TypeVariable;

import com.alibaba.fastjson.JSONArray;
import com.alibaba.fastjson.parser.DefaultJSONParser;
import com.alibaba.fastjson.parser.JSONLexer;
import com.alibaba.fastjson.parser.JSONToken;
import com.alibaba.fastjson.parser.deserializer.ObjectDeserializer;
import com.alibaba.fastjson.util.TypeUtils;

public class ObjectArrayCodec implements ObjectSerializer, ObjectDeserializer {
    // list of trusted classes for deserialization
    private static final Set<String> ALLOWED_CLASSES = new HashSet<>(Arrays.asList("java.lang.String", "java.lang.Integer",
            "java.lang.Boolean", "java.lang.Float", "java.lang.Double", "java.lang.Character"));

    @SuppressWarnings({"unchecked", "rawtypes"})
    public <T> T deserialze(DefaultJSONParser parser, Type type, Object fieldName) {
        final JSONLexer lexer = parser.lexer;
        if (lexer.token() == JSONToken.NULL) {
            lexer.nextToken(JSONToken.COMMA);
            return null;
        }

        if (lexer.token() == JSONToken.LITERAL_STRING) {
            byte[] bytes = lexer.bytesValue();
            lexer.nextToken(JSONToken.COMMA);
            return (T) bytes;
        }

        Class componentClass = null;
        Type componentType;

        if (type instanceof GenericArrayType) {
            GenericArrayType clazz = (GenericArrayType) type;
            componentType = clazz.getGenericComponentType();

            if (componentType instanceof TypeVariable) {
                TypeVariable typeVar = (TypeVariable) componentType;
                Type objType = parser.getContext().type;

                if (objType instanceof ParameterizedType) {
                    ParameterizedType objParamType = (ParameterizedType) objType;
                    Type objRawType = objParamType.getRawType();
                    Type actualType = null;

                    if (objRawType instanceof Class) {
                        TypeVariable[] objTypeParams = ((Class) objRawType).getTypeParameters();
                        for (int i = 0; i < objTypeParams.length; ++i) {
                            if (objTypeParams[i].getName().equals(typeVar.getName())) {
                                actualType = objParamType.getActualTypeArguments()[i];
                            }
                        }
                    }

                    if (actualType instanceof Class) {
                        componentClass = (Class) actualType;
                    }

                } else {
                    componentClass = TypeUtils.getClass(typeVar.getBounds()[0]);
                }
            } else {
                componentClass = TypeUtils.getClass(componentType);
            }
        } else {
            Class clazz = (Class) type;
            componentType = componentClass = clazz.getComponentType();
        }

        if (componentClass != null && !ALLOWED_CLASSES.contains(componentClass.getName())) {
            throw new IllegalArgumentException("Unauthorized deserialization attempt");
        }

        JSONArray array = new JSONArray();
        parser.parseArray(componentClass, array, fieldName);

        return (T) toObjectArray(parser, componentClass, array);
    }
}
```
    </PatchedCode>

2025-07-15 10:59:30,931 - --- REQUEST ---
<Instruction>
You are a senior software engineer and security expert.
Your task is to evaluate a generated code solution based on the original vulnerability and code.
Provide a score from 1 to 10 based on the following criteria:
1.  **Vulnerability Fix (Weight: 40%)**: Does the new code correctly and completely fix the described vulnerability?
2.  **Correctness (Weight: 35%)**: Is the code syntactically correct and free of obvious bugs? Does it preserve the original functionality?
3.  **Code Quality (Weight: 15%)**: Is the code clean, well-structured, and maintainable?
4.  **Minimality of Change (Weight: 10%)**: Can the vulnerability be fixed with the minimal necessary code modifications, avoiding unnecessary changes?

Your output MUST be a JSON object with two keys: "score" (a float from 1.0 to 10.0) and "rationale" (a brief explanation for your score, in one or two sentences).
Example:
{
    "score": 8.5,
    "rationale": "The patch effectively addresses the vulnerability by adding input validation, but the hard-coded safe class list could be more flexible."
}

<Root Cause Analysis>CWE-20: Improper Input Validation

Definition
Improper input validation occurs when a program does not check or incorrectly checks that the input provided by a user, file, or system is safe and conforms to expected format or values.

This weakness can lead to a wide range of security issues, including:

Remote code execution
SQL injection
Cross-site scripting (XSS)
Path traversal
Deserialization attacks
Logic flaws and unexpected behavior
etc..

Example 1: Deserialization without validation

Java Code:
```java
ObjectInputStream in = new ObjectInputStream(request.getInputStream());
MyObject obj = (MyObject) in.readObject();
```

Problem:
This code reads untrusted serialized input from a network request and deserializes it without any validation. If an attacker sends a malicious object, they may trigger remote code execution.

Fix:
Use object filters or allow-list only safe classes for deserialization.

Example 2: Path traversal attack
Java Code:
```java
String filename = request.getParameter("file");
File file = new File("/app/data/" + filename);
FileInputStream fis = new FileInputStream(file);
```

Problem:
The code takes a filename from user input and directly constructs a file path. An attacker can send input like ../../../../etc/passwd to access system files.

Fix:
Normalize the path and verify it is within the intended directory.

Example 3: Unsafe use of reflection
Java Code:

```java
String className = request.getParameter("class");
Class<?> clazz = Class.forName(className);
Object obj = clazz.newInstance();
```

Problem:
This code loads and instantiates a class based on user input. An attacker can load any class on the classpath, including sensitive internal classes.

Fix:
Use a fixed list of allowed class names and validate input against it.

Example 4: Command injection
Java Code:

```java
String command = request.getParameter("cmd");
Runtime.getRuntime().exec("sh -c " + command);
```
Problem:
If the input is not validated, an attacker can execute arbitrary shell commands on the server.

Fix:
Avoid passing raw input to command shells. If needed, use safe APIs like ProcessBuilder with strict input validation.

</Root Cause Analysis>
<Vulnerable Code>
```java
package com.alibaba.fastjson.serializer;

import java.io.IOException;
import java.lang.reflect.Array;
import java.lang.reflect.GenericArrayType;
import java.lang.reflect.ParameterizedType;
import java.lang.reflect.Type;
import java.lang.reflect.TypeVariable;

import com.alibaba.fastjson.JSONArray;
import com.alibaba.fastjson.parser.DefaultJSONParser;
import com.alibaba.fastjson.parser.JSONLexer;
import com.alibaba.fastjson.parser.JSONToken;
import com.alibaba.fastjson.parser.deserializer.ObjectDeserializer;
import com.alibaba.fastjson.util.TypeUtils;

public class ObjectArrayCodec implements ObjectSerializer, ObjectDeserializer {

    @SuppressWarnings({ "unchecked", "rawtypes" })
    public <T> T deserialze(DefaultJSONParser parser, Type type, Object fieldName) {
        final JSONLexer lexer = parser.lexer;
        if (lexer.token() == JSONToken.NULL) {
            lexer.nextToken(JSONToken.COMMA);
            return null;
        }

        if (lexer.token() == JSONToken.LITERAL_STRING) {
            byte[] bytes = lexer.bytesValue();
            lexer.nextToken(JSONToken.COMMA);
            return (T) bytes;
        }

        Class componentClass;
        Type componentType;

        if (type instanceof GenericArrayType) {
            GenericArrayType clazz = (GenericArrayType) type;
            componentType = clazz.getGenericComponentType();

            if (componentType instanceof TypeVariable) {
                TypeVariable typeVar = (TypeVariable) componentType;
                Type objType = parser.getContext().type;

                if (objType instanceof ParameterizedType) {
                    ParameterizedType objParamType = (ParameterizedType) objType;
                    Type objRawType = objParamType.getRawType();
                    Type actualType = null;

                    if (objRawType instanceof Class) {
                        TypeVariable[] objTypeParams = ((Class) objRawType).getTypeParameters();
                        for (int i = 0; i < objTypeParams.length; ++i) {
                            if (objTypeParams[i].getName().equals(typeVar.getName())) {
                                actualType = objParamType.getActualTypeArguments()[i];
                            }
                        }
                    }

                    if (actualType instanceof Class) {
                        componentClass = (Class) actualType;
                    } else {
                        componentClass = Object.class;
                    }
                } else {
                    componentClass = TypeUtils.getClass(typeVar.getBounds()[0]);
                }
            } else {
                componentClass = TypeUtils.getClass(componentType);
            }
        } else {
            Class clazz = (Class) type;
            componentType = componentClass = clazz.getComponentType();
        }

        JSONArray array = new JSONArray();
        parser.parseArray(componentClass, array, fieldName);

        return (T) toObjectArray(parser, componentClass, array);
    }
}

```
</Vulnerable Code>
<Generated Code>
```java
package com.alibaba.fastjson.serializer;

import java.io.IOException;
import java.lang.reflect.Array;
import java.lang.reflect.GenericArrayType;
import java.lang.reflect.ParameterizedType;
import java.lang.reflect.Type;
import java.lang.reflect.TypeVariable;

import com.alibaba.fastjson.JSONArray;
import com.alibaba.fastjson.parser.DefaultJSONParser;
import com.alibaba.fastjson.parser.JSONLexer;
import com.alibaba.fastjson.parser.JSONToken;
import com.alibaba.fastjson.parser.deserializer.ObjectDeserializer;
import com.alibaba.fastjson.util.TypeUtils;

public class ObjectArrayCodec implements ObjectSerializer, ObjectDeserializer {
    // list of trusted classes for deserialization
    private static final Set<String> ALLOWED_CLASSES = new HashSet<>(Arrays.asList("java.lang.String", "java.lang.Integer",
            "java.lang.Boolean", "java.lang.Float", "java.lang.Double", "java.lang.Character"));

    @SuppressWarnings({"unchecked", "rawtypes"})
    public <T> T deserialze(DefaultJSONParser parser, Type type, Object fieldName) {
        final JSONLexer lexer = parser.lexer;
        if (lexer.token() == JSONToken.NULL) {
            lexer.nextToken(JSONToken.COMMA);
            return null;
        }

        if (lexer.token() == JSONToken.LITERAL_STRING) {
            byte[] bytes = lexer.bytesValue();
            lexer.nextToken(JSONToken.COMMA);
            return (T) bytes;
        }

        Class componentClass = null;
        Type componentType;

        if (type instanceof GenericArrayType) {
            GenericArrayType clazz = (GenericArrayType) type;
            componentType = clazz.getGenericComponentType();

            if (componentType instanceof TypeVariable) {
                TypeVariable typeVar = (TypeVariable) componentType;
                Type objType = parser.getContext().type;

                if (objType instanceof ParameterizedType) {
                    ParameterizedType objParamType = (ParameterizedType) objType;
                    Type objRawType = objParamType.getRawType();
                    Type actualType = null;

                    if (objRawType instanceof Class) {
                        TypeVariable[] objTypeParams = ((Class) objRawType).getTypeParameters();
                        for (int i = 0; i < objTypeParams.length; ++i) {
                            if (objTypeParams[i].getName().equals(typeVar.getName())) {
                                actualType = objParamType.getActualTypeArguments()[i];
                            }
                        }
                    }

                    if (actualType instanceof Class) {
                        componentClass = (Class) actualType;
                    }

                } else {
                    componentClass = TypeUtils.getClass(typeVar.getBounds()[0]);
                }
            } else {
                componentClass = TypeUtils.getClass(componentType);
            }
        } else {
            Class clazz = (Class) type;
            componentType = componentClass = clazz.getComponentType();
        }

        if (componentClass != null && !ALLOWED_CLASSES.contains(componentClass.getName())) {
            throw new IllegalArgumentException("Unauthorized deserialization attempt");
        }

        JSONArray array = new JSONArray();
        parser.parseArray(componentClass, array, fieldName);

        return (T) toObjectArray(parser, componentClass, array);
    }
}
```
</Generated Code>
<Evaluation>


2025-07-15 10:59:34,830 - --- RESPONSE ---
{
    "score": 8.7,
    "rationale": "The patch effectively addresses the vulnerability by validating whether or not classes are allowed during the deserialization process. The code is syntactically correct and maintains the original functionality. However, the code loses some points for code quality since the allowlist of classes is hardcoded and not very flexible."
}

