2025-07-17 20:13:06,401 - --- REQUEST ---
<Instruction>
You are an expert security analyst. Analyze the provided vulnerable code to identify the root cause of the vulnerability.
Your analysis should be concise and structured as a JSON object.
Output MUST be a JSON object with a single root key "vulnerability_analysis".
</Instruction>
<Vulnerable Code>
```java
package com.alibaba.fastjson.serializer;

import java.io.IOException;
import java.lang.reflect.Array;
import java.lang.reflect.GenericArrayType;
import java.lang.reflect.ParameterizedType;
import java.lang.reflect.Type;
import java.lang.reflect.TypeVariable;

import com.alibaba.fastjson.JSONArray;
import com.alibaba.fastjson.parser.DefaultJSONParser;
import com.alibaba.fastjson.parser.JSONLexer;
import com.alibaba.fastjson.parser.JSONToken;
import com.alibaba.fastjson.parser.deserializer.ObjectDeserializer;
import com.alibaba.fastjson.util.TypeUtils;

public class ObjectArrayCodec implements ObjectSerializer, ObjectDeserializer {

    @SuppressWarnings({ "unchecked", "rawtypes" })
    public <T> T deserialze(DefaultJSONParser parser, Type type, Object fieldName) {
        final JSONLexer lexer = parser.lexer;
        if (lexer.token() == JSONToken.NULL) {
            lexer.nextToken(JSONToken.COMMA);
            return null;
        }

        if (lexer.token() == JSONToken.LITERAL_STRING) {
            byte[] bytes = lexer.bytesValue();
            lexer.nextToken(JSONToken.COMMA);
            return (T) bytes;
        }

        Class componentClass;
        Type componentType;

        if (type instanceof GenericArrayType) {
            GenericArrayType clazz = (GenericArrayType) type;
            componentType = clazz.getGenericComponentType();

            if (componentType instanceof TypeVariable) {
                TypeVariable typeVar = (TypeVariable) componentType;
                Type objType = parser.getContext().type;

                if (objType instanceof ParameterizedType) {
                    ParameterizedType objParamType = (ParameterizedType) objType;
                    Type objRawType = objParamType.getRawType();
                    Type actualType = null;

                    if (objRawType instanceof Class) {
                        TypeVariable[] objTypeParams = ((Class) objRawType).getTypeParameters();
                        for (int i = 0; i < objTypeParams.length; ++i) {
                            if (objTypeParams[i].getName().equals(typeVar.getName())) {
                                actualType = objParamType.getActualTypeArguments()[i];
                            }
                        }
                    }

                    if (actualType instanceof Class) {
                        componentClass = (Class) actualType;
                    } else {
                        componentClass = Object.class;
                    }
                } else {
                    componentClass = TypeUtils.getClass(typeVar.getBounds()[0]);
                }
            } else {
                componentClass = TypeUtils.getClass(componentType);
            }
        } else {
            Class clazz = (Class) type;
            componentType = componentClass = clazz.getComponentType();
        }

        JSONArray array = new JSONArray();
        parser.parseArray(componentClass, array, fieldName);

        return (T) toObjectArray(parser, componentClass, array);
    }
}

```
</Vulnerable Code>
<Analysis>


2025-07-17 20:13:15,667 - --- RESPONSE ---
```json
{
  "vulnerability_analysis": {
    "description": "Type confusion vulnerability due to incorrect handling of generic types.",
    "root_cause": "The `deserialze` method attempts to handle generic array types, but it incorrectly determines the component type in certain cases. When the component type is a TypeVariable and the object type is a ParameterizedType, the code tries to resolve the actual type argument. However, it assumes that the resolved `actualType` will always be a Class, which is not true. If `actualType` is not a Class (e.g., another ParameterizedType, a TypeVariable, or a WildcardType), the code casts it to a Class, which can lead to a ClassCastException at runtime or later during usage.  Furthermore, if it's a different ParameterizedType than expected, the code might create an array with the wrong component type, leading to type confusion.",
    "impact": "An attacker could exploit this vulnerability by providing a malicious JSON payload that triggers the incorrect type handling. This could lead to unexpected behavior, crashes, or potentially arbitrary code execution depending on how the incorrectly typed array is used.",
    "example": "If the attacker provides a JSON array intended to deserialize to a specific parameterized type nested in the array. e.g. `List<String>[][]`, the code might resolve to an incorrect component type such as String[][] instead of the expected List<String>[] during the nested iterations, which would cause a ClassCastException down the line when trying to assign the array value to a `List<String>[][]` variable.",
    "remediation": "The code should correctly handle cases where `actualType` is not a Class. This can be done by checking the type of `actualType` and using the appropriate logic for each type, or by using a more robust type resolution mechanism."
  }
}
```

