2025-07-18 01:02:06,136 - --- REQUEST ---
<Instruction>
You are an expert software engineer specializing in security.
please generate the code semantics of the following code.
you should generate the code semantics in the following format:

title: code title
concept: code concept
core_flaw: code core flaw
analogy: code analogy
quote: code quote

You must output the code semantics in the following format:
```json
{
    "vulnerable_code_abstraction": {
        "title": "Abstract Representation of Vulnerable Code: Unconditional Type Trustor",
        "concept": "This code assumes that type information passed from an external source is trustworthy and delegates to the internal parser logic based on this assumption. Despite the possibility that 'componentClass' and 'componentType' can differ, it uses them interchangeably in certain sections, performing instantiation without validation.",
        "core_flaw": "The core flaw is that critical information determining the system's behavior (the type) is introduced from external input but is used without any structural validation or reliability checks. Specifically, if the type information used in the type inference process and the parsing delegation process mismatches, malicious objects can be created through a vulnerable path.",
        "analogy": "This is like passing a blueprint received from an external source to the production line without review. Even though problems in the blueprint could lead to the creation of dangerous machinery or parts, a structure that passes it on based solely on its appearance is highly vulnerable from a security perspective.",
        "quote": "Under the assumption that 'all input can be potentially hostile,' the reliability of input data must be verified before it is used for system control decisions. (Source: Secure Coding Principles)"
    }
}
```
</Instruction>

<Code>
```java
    public <T> T deserialze(DefaultJSONParser parser, Type type, Object fieldName) {
        final JSONLexer lexer = parser.lexer;
        if (lexer.token() == JSONToken.NULL) {
            lexer.nextToken(JSONToken.COMMA);
            return null;
        }

        if (lexer.token() == JSONToken.LITERAL_STRING) {
            byte[] bytes = lexer.bytesValue();
            lexer.nextToken(JSONToken.COMMA);
            return (T) bytes;
        }

        Class componentClass;
        Type componentType;

        if (type instanceof GenericArrayType) {
            GenericArrayType clazz = (GenericArrayType) type;
            componentType = clazz.getGenericComponentType();

            if (componentType instanceof TypeVariable) {
                TypeVariable typeVar = (TypeVariable) componentType;
                Type objType = parser.getContext().type;

                if (objType instanceof ParameterizedType) {
                    ParameterizedType objParamType = (ParameterizedType) objType;
                    Type objRawType = objParamType.getRawType();
                    Type actualType = null;

                    if (objRawType instanceof Class) {
                        TypeVariable[] objTypeParams = ((Class) objRawType).getTypeParameters();
                        for (int i = 0; i < objTypeParams.length; ++i) {
                            if (objTypeParams[i].getName().equals(typeVar.getName())) {
                                actualType = objParamType.getActualTypeArguments()[i];
                            }
                        }
                    }

                    if (actualType instanceof Class) {
                        componentClass = (Class) actualType;
                    } else {
                        componentClass = Object.class;
                    }
                } else {
                    componentClass = TypeUtils.getClass(typeVar.getBounds()[0]);
                }
            } else {
                componentClass = TypeUtils.getClass(componentType);
            }
        } else {
            Class clazz = (Class) type;
            componentType = componentClass = clazz.getComponentType();
        }

        JSONArray array = new JSONArray();
        parser.parseArray(componentClass, array, fieldName);

        return (T) toObjectArray(parser, componentClass, array);
    }
```
</Code>
<Analysis>


2025-07-18 01:02:14,845 - --- RESPONSE ---
```json
{
  "vulnerable_code_abstraction": {
    "title": "Unvalidated Type Conversion in Deserialization",
    "concept": "This code deserializes JSON data into Java objects. It attempts to handle generic types, but it makes assumptions about the consistency between declared types (`type`) and inferred component types (`componentClass`, `componentType`).  It uses `componentClass` to guide the parsing process, even though it might derive from different sources than the original declared `type`.",
    "core_flaw": "The core flaw lies in the potential mismatch between the expected type (`type`) and the inferred component type (`componentClass`) used during deserialization. The code infers `componentClass` through various mechanisms, including type variables and generic array types.  If a malicious actor provides a JSON structure that exploits inconsistencies in how `componentClass` is determined, it could lead to unexpected type conversions and object instantiations.  Specifically, the `parser.parseArray(componentClass, array, fieldName)` and `toObjectArray(parser, componentClass, array)` calls rely on `componentClass` which might not accurately reflect the intended type `type`.  This opens a potential attack vector for injecting malicious objects or triggering unintended behavior.",
    "analogy": "Imagine a factory that builds toys based on blueprints. The blueprint specifies that a particular toy should be made of plastic. However, the factory's internal system, based on some assumptions about material availability, decides to use metal instead. The resulting toy, while seemingly conforming to the general shape described in the blueprint, could be dangerously heavy and unsafe for children. This is similar to how the code might instantiate an object of an unintended type based on an inferred type, even though the original type declaration specified something different.",
    "quote": "“Never trust user input, even if it appears to be valid.”  — Secure Coding Principles"
  }
}
```


