2025-07-17 20:13:56,400 - --- REQUEST ---
<Instruction>
You are an expert security analyst. Analyze the provided vulnerable code to identify the root cause of the vulnerability.
Your analysis should be concise and structured as a JSON object.
Output MUST be a JSON object with a single root key "vulnerability_analysis".
</Instruction>
<Vulnerable Code>
```java
package com.alibaba.fastjson.serializer;

import java.io.IOException;
import java.lang.reflect.Array;
import java.lang.reflect.GenericArrayType;
import java.lang.reflect.ParameterizedType;
import java.lang.reflect.Type;
import java.lang.reflect.TypeVariable;

import com.alibaba.fastjson.JSONArray;
import com.alibaba.fastjson.parser.DefaultJSONParser;
import com.alibaba.fastjson.parser.JSONLexer;
import com.alibaba.fastjson.parser.JSONToken;
import com.alibaba.fastjson.parser.deserializer.ObjectDeserializer;
import com.alibaba.fastjson.util.TypeUtils;

public class ObjectArrayCodec implements ObjectSerializer, ObjectDeserializer {

    @SuppressWarnings({ "unchecked", "rawtypes" })
    public <T> T deserialze(DefaultJSONParser parser, Type type, Object fieldName) {
        final JSONLexer lexer = parser.lexer;
        if (lexer.token() == JSONToken.NULL) {
            lexer.nextToken(JSONToken.COMMA);
            return null;
        }

        if (lexer.token() == JSONToken.LITERAL_STRING) {
            byte[] bytes = lexer.bytesValue();
            lexer.nextToken(JSONToken.COMMA);
            return (T) bytes;
        }

        Class componentClass;
        Type componentType;

        if (type instanceof GenericArrayType) {
            GenericArrayType clazz = (GenericArrayType) type;
            componentType = clazz.getGenericComponentType();

            if (componentType instanceof TypeVariable) {
                TypeVariable typeVar = (TypeVariable) componentType;
                Type objType = parser.getContext().type;

                if (objType instanceof ParameterizedType) {
                    ParameterizedType objParamType = (ParameterizedType) objType;
                    Type objRawType = objParamType.getRawType();
                    Type actualType = null;

                    if (objRawType instanceof Class) {
                        TypeVariable[] objTypeParams = ((Class) objRawType).getTypeParameters();
                        for (int i = 0; i < objTypeParams.length; ++i) {
                            if (objTypeParams[i].getName().equals(typeVar.getName())) {
                                actualType = objParamType.getActualTypeArguments()[i];
                            }
                        }
                    }

                    if (actualType instanceof Class) {
                        componentClass = (Class) actualType;
                    } else {
                        componentClass = Object.class;
                    }
                } else {
                    componentClass = TypeUtils.getClass(typeVar.getBounds()[0]);
                }
            } else {
                componentClass = TypeUtils.getClass(componentType);
            }
        } else {
            Class clazz = (Class) type;
            componentType = componentClass = clazz.getComponentType();
        }

        JSONArray array = new JSONArray();
        parser.parseArray(componentClass, array, fieldName);

        return (T) toObjectArray(parser, componentClass, array);
    }
}

```
</Vulnerable Code>
<Analysis>


2025-07-17 20:14:05,376 - --- RESPONSE ---
```json
{
  "vulnerability_analysis": {
    "description": "The `deserialze` method in `ObjectArrayCodec` is vulnerable to a type confusion attack.  When deserializing an array, if the incoming JSON is a string, the method directly casts the string to a byte array and returns it without further checks. This can lead to unexpected behavior or crashes if the caller expects an actual array.",
    "root_cause": "Incorrect handling of JSON string literals during deserialization. The code assumes that a JSON string should be treated as a byte array, bypassing the expected array parsing logic. This allows a malicious actor to provide a string where an array is expected, leading to a type confusion.",
    "impact": "An attacker can exploit this vulnerability by providing a JSON string where an array of objects is expected. This can lead to type confusion, potentially causing crashes or unexpected behavior in the application.  The attacker may be able to leverage this to further exploit the application depending on how the returned value is used.",
    "remediation": "The `deserialze` method needs to correctly handle JSON strings when an array is expected.  Instead of directly casting the string to a byte array, it should either throw an exception indicating a type mismatch or attempt to parse the string according to the expected array type.  The check for `JSONToken.LITERAL_STRING` should only be performed when the component type is byte or Byte.",
    "example": "If the application expects an array of integers, an attacker can send a JSON string. This string will be incorrectly interpreted as a byte array and returned. When the application tries to access elements of this supposed array as integers, it will likely crash or behave erratically."
  }
}
```


