2025-07-18 01:06:53,125 - --- REQUEST ---
<Instruction>
You are an expert software engineer specializing in security.
please generate the code semantics of the following code.
you should generate the code semantics in the following format:

title: code title
concept: code concept
core_flaw: code core flaw
analogy: code analogy
quote: code quote

You must output the code semantics in the following format:
```json
{
    "vulnerable_code_abstraction": {
        "title": "Abstract Representation of Vulnerable Code: Unconditional Type Trustor",
        "concept": "This code assumes that type information passed from an external source is trustworthy and delegates to the internal parser logic based on this assumption. Despite the possibility that 'componentClass' and 'componentType' can differ, it uses them interchangeably in certain sections, performing instantiation without validation.",
        "core_flaw": "The core flaw is that critical information determining the system's behavior (the type) is introduced from external input but is used without any structural validation or reliability checks. Specifically, if the type information used in the type inference process and the parsing delegation process mismatches, malicious objects can be created through a vulnerable path.",
        "analogy": "This is like passing a blueprint received from an external source to the production line without review. Even though problems in the blueprint could lead to the creation of dangerous machinery or parts, a structure that passes it on based solely on its appearance is highly vulnerable from a security perspective.",
        "quote": "Under the assumption that 'all input can be potentially hostile,' the reliability of input data must be verified before it is used for system control decisions. (Source: Secure Coding Principles)"
    }
}
```
</Instruction>

<Code>
```java
    public <T> T deserialze(DefaultJSONParser parser, Type type, Object fieldName) {
        final JSONLexer lexer = parser.lexer;
        if (lexer.token() == JSONToken.NULL) {
            lexer.nextToken(JSONToken.COMMA);
            return null;
        }

        if (lexer.token() == JSONToken.LITERAL_STRING) {
            byte[] bytes = lexer.bytesValue();
            lexer.nextToken(JSONToken.COMMA);
            return (T) bytes;
        }

        Class componentClass;
        Type componentType;

        if (type instanceof GenericArrayType) {
            GenericArrayType clazz = (GenericArrayType) type;
            componentType = clazz.getGenericComponentType();

            if (componentType instanceof TypeVariable) {
                TypeVariable typeVar = (TypeVariable) componentType;
                Type objType = parser.getContext().type;

                if (objType instanceof ParameterizedType) {
                    ParameterizedType objParamType = (ParameterizedType) objType;
                    Type objRawType = objParamType.getRawType();
                    Type actualType = null;

                    if (objRawType instanceof Class) {
                        TypeVariable[] objTypeParams = ((Class) objRawType).getTypeParameters();
                        for (int i = 0; i < objTypeParams.length; ++i) {
                            if (objTypeParams[i].getName().equals(typeVar.getName())) {
                                actualType = objParamType.getActualTypeArguments()[i];
                            }
                        }
                    }

                    if (actualType instanceof Class) {
                        componentClass = (Class) actualType;
                    } else {
                        componentClass = Object.class;
                    }
                } else {
                    componentClass = TypeUtils.getClass(typeVar.getBounds()[0]);
                }
            } else {
                componentClass = TypeUtils.getClass(componentType);
            }
        } else {
            Class clazz = (Class) type;
            componentType = componentClass = clazz.getComponentType();
        }

        JSONArray array = new JSONArray();
        parser.parseArray(componentClass, array, fieldName);

        return (T) toObjectArray(parser, componentClass, array);
    }
```
</Code>
<Analysis>


2025-07-18 01:07:01,112 - --- RESPONSE ---
```json
{
  "vulnerable_code_abstraction": {
    "title": "Unvalidated Type Conversion during Deserialization",
    "concept": "This code deserializes JSON data into Java objects. It attempts to handle generic types and arrays, inferring component types from various sources like `GenericArrayType`, `TypeVariable`, and `ParameterizedType`. However, it lacks proper validation and relies heavily on type information derived from the input data, potentially leading to type confusion vulnerabilities.",
    "core_flaw": "The code infers the component type (`componentClass`) through a complex process involving nested conditionals based on runtime type information.  Critically, it uses `componentClass` to determine how to parse the subsequent JSON data.  If an attacker provides malicious input that manipulates the type inference logic, they can cause the `componentClass` to be different from the expected type, leading to incorrect parsing and object creation.  This can have security implications, particularly if the deserialized objects are used in sensitive operations.",
    "analogy": "Imagine a factory that builds products based on blueprints.  This code is like a factory worker who receives a blueprint from an untrusted source, tries to figure out what parts to use based on complex, implicit instructions in the blueprint, and then builds the product without double-checking if the inferred parts are actually correct.  If the blueprint is maliciously crafted, the worker could end up building something entirely different and potentially dangerous.",
    "quote": "“Never trust user input,” is a golden rule of secure coding. Validating all input before using it in any way is critical to preventing vulnerabilities. (Source: OWASP)"
  }
}
```


2025-07-18 01:07:01,136 - --- REQUEST ---
<Instruction>
    You are an expert software engineer specializing in security.
    Based on the provided code semantics analysis and the vulnerable code, rewrite the entire code to fix the vulnerability.
    If available, use the provided RAG (Retrieval-Augmented Generation) context which contains relevant security principles or similar solved cases.

    **VERY IMPORTANT RULES:**
    1.  You MUST output the COMPLETE, modified Java code for the file.
    2.  The code must be syntactically correct and compilable.
    3.  Do NOT output a `diff` or a patch. Output the entire file content.

    Output ONLY the code content within <PatchedCode> and </PatchedCode> tags.
    </Instruction>
    <Code Semantics Analysis>
    {
  "vulnerable_code_abstraction": {
    "title": "Unvalidated Type Conversion during Deserialization",
    "concept": "This code deserializes JSON data into Java objects. It attempts to handle generic types and arrays, inferring component types from various sources like `GenericArrayType`, `TypeVariable`, and `ParameterizedType`. However, it lacks proper validation and relies heavily on type information derived from the input data, potentially leading to type confusion vulnerabilities.",
    "core_flaw": "The code infers the component type (`componentClass`) through a complex process involving nested conditionals based on runtime type information.  Critically, it uses `componentClass` to determine how to parse the subsequent JSON data.  If an attacker provides malicious input that manipulates the type inference logic, they can cause the `componentClass` to be different from the expected type, leading to incorrect parsing and object creation.  This can have security implications, particularly if the deserialized objects are used in sensitive operations.",
    "analogy": "Imagine a factory that builds products based on blueprints.  This code is like a factory worker who receives a blueprint from an untrusted source, tries to figure out what parts to use based on complex, implicit instructions in the blueprint, and then builds the product without double-checking if the inferred parts are actually correct.  If the blueprint is maliciously crafted, the worker could end up building something entirely different and potentially dangerous.",
    "quote": "\u201cNever trust user input,\u201d is a golden rule of secure coding. Validating all input before using it in any way is critical to preventing vulnerabilities. (Source: OWASP)"
  }
}
    </Code Semantics Analysis>
    <Vulnerable Code>
    ```java
        public <T> T deserialze(DefaultJSONParser parser, Type type, Object fieldName) {
        final JSONLexer lexer = parser.lexer;
        if (lexer.token() == JSONToken.NULL) {
            lexer.nextToken(JSONToken.COMMA);
            return null;
        }

        if (lexer.token() == JSONToken.LITERAL_STRING) {
            byte[] bytes = lexer.bytesValue();
            lexer.nextToken(JSONToken.COMMA);
            return (T) bytes;
        }

        Class componentClass;
        Type componentType;

        if (type instanceof GenericArrayType) {
            GenericArrayType clazz = (GenericArrayType) type;
            componentType = clazz.getGenericComponentType();

            if (componentType instanceof TypeVariable) {
                TypeVariable typeVar = (TypeVariable) componentType;
                Type objType = parser.getContext().type;

                if (objType instanceof ParameterizedType) {
                    ParameterizedType objParamType = (ParameterizedType) objType;
                    Type objRawType = objParamType.getRawType();
                    Type actualType = null;

                    if (objRawType instanceof Class) {
                        TypeVariable[] objTypeParams = ((Class) objRawType).getTypeParameters();
                        for (int i = 0; i < objTypeParams.length; ++i) {
                            if (objTypeParams[i].getName().equals(typeVar.getName())) {
                                actualType = objParamType.getActualTypeArguments()[i];
                            }
                        }
                    }

                    if (actualType instanceof Class) {
                        componentClass = (Class) actualType;
                    } else {
                        componentClass = Object.class;
                    }
                } else {
                    componentClass = TypeUtils.getClass(typeVar.getBounds()[0]);
                }
            } else {
                componentClass = TypeUtils.getClass(componentType);
            }
        } else {
            Class clazz = (Class) type;
            componentType = componentClass = clazz.getComponentType();
        }

        JSONArray array = new JSONArray();
        parser.parseArray(componentClass, array, fieldName);

        return (T) toObjectArray(parser, componentClass, array);
    }
    ```
    </Vulnerable Code>
    <RAG Context>
    []
    </RAG Context>
    <PatchedCode>
    

2025-07-18 01:07:11,159 - --- RESPONSE ---
```java
import com.alibaba.fastjson.JSONArray;
import com.alibaba.fastjson.JSONException;
import com.alibaba.fastjson.parser.DefaultJSONParser;
import com.alibaba.fastjson.parser.JSONLexer;
import com.alibaba.fastjson.parser.JSONToken;
import com.alibaba.fastjson.util.TypeUtils;

import java.lang.reflect.*;
import java.util.ArrayList;
import java.util.List;

public class JSONDeserializer {

    public <T> T deserialze(DefaultJSONParser parser, Type type, Object fieldName) {
        final JSONLexer lexer = parser.lexer;
        if (lexer.token() == JSONToken.NULL) {
            lexer.nextToken(JSONToken.COMMA);
            return null;
        }

        if (lexer.token() == JSONToken.LITERAL_STRING) {
            byte[] bytes = lexer.bytesValue();
            lexer.nextToken(JSONToken.COMMA);
            if (type == byte[].class) {
                return (T) bytes;
            } else {
                throw new JSONException("Type mismatch: expected byte array, got String");
            }

        }


        Class<?> componentClass = null;
        Type componentType;

        if (type instanceof GenericArrayType) {
            GenericArrayType gat = (GenericArrayType) type;
            componentType = gat.getGenericComponentType();
        } else if (type instanceof Class<?>) {
             Class<?> clazz = (Class<?>) type;
             if(clazz.isArray()){
                 componentType = clazz.getComponentType();
             } else {
                throw new JSONException("Type mismatch: expected array type");
             }
        } else{
            throw new JSONException("Unsupported type " + type.getTypeName());
        }
        
        if (componentType instanceof Class) {
            componentClass = (Class<?>) componentType;
        } else if (componentType instanceof ParameterizedType) {
             componentClass = (Class<?>) ((ParameterizedType) componentType).getRawType();
        } else if (componentType instanceof TypeVariable) {
            TypeVariable<?> tv = (TypeVariable<?>) componentType;
            Type[] bounds = tv.getBounds();
            if (bounds.length == 1 && bounds[0] instanceof Class) {
                 componentClass = (Class<?>) bounds[0];
            } else {
                componentClass = Object.class; // Default fallback
            }
        } else {
             componentClass = Object.class; // Default fallback
        }

        List<Object> list = new ArrayList<>();
        parser.parseArray(componentClass, list, fieldName);

        return (T) toObjectArray(parser, componentClass, list);

    }



    private Object toObjectArray(DefaultJSONParser parser, Class<?> componentType, List<Object> list) {
        if (componentType.isPrimitive()) {
            throw new JSONException("Primitive component type not supported for array conversion: " + componentType);
        }
        Object array = Array.newInstance(componentType, list.size());
        for (int i = 0; i < list.size(); i++) {
            Array.set(array, i, TypeUtils.cast(list.get(i), componentType, parser.getConfig()));
        }
        return array;
    }
}
```</PatchedCode>

