2025-07-17 15:03:54,187 - --- REQUEST ---
<Instruction>
You are an expert software engineer specializing in security.
please generate the code semantics of the following code.
you should generate the code semantics in the following format:

title: code title
concept: code concept
core_flaw: code core flaw
analogy: code analogy
quote: code quote

You must output the code semantics in the following format:
```json
{
    "vulnerable_code_abstraction": {
        "title": "Abstract Representation of Vulnerable Code: Unconditional Type Trustor",
        "concept": "This code assumes that type information passed from an external source is trustworthy and delegates to the internal parser logic based on this assumption. Despite the possibility that 'componentClass' and 'componentType' can differ, it uses them interchangeably in certain sections, performing instantiation without validation.",
        "core_flaw": "The core flaw is that critical information determining the system's behavior (the type) is introduced from external input but is used without any structural validation or reliability checks. Specifically, if the type information used in the type inference process and the parsing delegation process mismatches, malicious objects can be created through a vulnerable path.",
        "analogy": "This is like passing a blueprint received from an external source to the production line without review. Even though problems in the blueprint could lead to the creation of dangerous machinery or parts, a structure that passes it on based solely on its appearance is highly vulnerable from a security perspective.",
        "quote": "Under the assumption that 'all input can be potentially hostile,' the reliability of input data must be verified before it is used for system control decisions. (Source: Secure Coding Principles)"
    }
}
```
</Instruction>

<Code>
```java
package com.alibaba.fastjson.serializer;

import java.io.IOException;
import java.lang.reflect.Array;
import java.lang.reflect.GenericArrayType;
import java.lang.reflect.ParameterizedType;
import java.lang.reflect.Type;
import java.lang.reflect.TypeVariable;

import com.alibaba.fastjson.JSONArray;
import com.alibaba.fastjson.parser.DefaultJSONParser;
import com.alibaba.fastjson.parser.JSONLexer;
import com.alibaba.fastjson.parser.JSONToken;
import com.alibaba.fastjson.parser.deserializer.ObjectDeserializer;
import com.alibaba.fastjson.util.TypeUtils;

public class ObjectArrayCodec implements ObjectSerializer, ObjectDeserializer {

    @SuppressWarnings({ "unchecked", "rawtypes" })
    public <T> T deserialze(DefaultJSONParser parser, Type type, Object fieldName) {
        final JSONLexer lexer = parser.lexer;
        if (lexer.token() == JSONToken.NULL) {
            lexer.nextToken(JSONToken.COMMA);
            return null;
        }

        if (lexer.token() == JSONToken.LITERAL_STRING) {
            byte[] bytes = lexer.bytesValue();
            lexer.nextToken(JSONToken.COMMA);
            return (T) bytes;
        }

        Class componentClass;
        Type componentType;

        if (type instanceof GenericArrayType) {
            GenericArrayType clazz = (GenericArrayType) type;
            componentType = clazz.getGenericComponentType();

            if (componentType instanceof TypeVariable) {
                TypeVariable typeVar = (TypeVariable) componentType;
                Type objType = parser.getContext().type;

                if (objType instanceof ParameterizedType) {
                    ParameterizedType objParamType = (ParameterizedType) objType;
                    Type objRawType = objParamType.getRawType();
                    Type actualType = null;

                    if (objRawType instanceof Class) {
                        TypeVariable[] objTypeParams = ((Class) objRawType).getTypeParameters();
                        for (int i = 0; i < objTypeParams.length; ++i) {
                            if (objTypeParams[i].getName().equals(typeVar.getName())) {
                                actualType = objParamType.getActualTypeArguments()[i];
                            }
                        }
                    }

                    if (actualType instanceof Class) {
                        componentClass = (Class) actualType;
                    } else {
                        componentClass = Object.class;
                    }
                } else {
                    componentClass = TypeUtils.getClass(typeVar.getBounds()[0]);
                }
            } else {
                componentClass = TypeUtils.getClass(componentType);
            }
        } else {
            Class clazz = (Class) type;
            componentType = componentClass = clazz.getComponentType();
        }

        JSONArray array = new JSONArray();
        parser.parseArray(componentClass, array, fieldName);

        return (T) toObjectArray(parser, componentClass, array);
    }
}

```
</Code>
<Analysis>


2025-07-17 15:04:14,301 - --- RESPONSE ---
```json
{
    "vulnerable_code_abstraction": {
        "title": "Abstract Representation of Vulnerable Code: Trusting External Type Parsing",
        "concept": "The code assumes that the Type metadata passed from an external source is trustworthy and switches parsing to the required data type based on this. There is an interchangeability problem with 'componentClass' and 'componentType,' as they are used interchangeably, potentially ending up in creating instances of types different from the expected ones, all without validation.",
        "core_flaw": "The fundamental flaw is that crucial metadata (Type) is being taken from an external source and used without any validation or verification. Specifically, there can be a mismatch between the Type used in the parsing process and the Type used in the decision-making process, which might lead to creation of malicious objects unnecessarily.",
        "analogy": "It is akin to taking a foreign object and assuming it to be safe without any sort of inspection. Just because the data shows it to be one type, the system blindly trusts and uses this information. This is potentially problematic and can lead to a security vulnerability.",
        "quote": "'All input is evil until proven otherwise.' The system should never blindly trust the external data, especially the metadata, as these control the system's behavior. It should always validate and verify before using them for decision making. (Source: Secure Coding Principles)"
    }
}
```

2025-07-17 15:04:14,302 - --- REQUEST ---
<Instruction>
You are an expert security analyst. Analyze the provided vulnerable code to identify the root cause of the vulnerability.
Focus on the specific code patterns, logic flaws, or missing checks that lead to the security issue.
Your analysis should be concise and structured as a JSON object.

You must output the analysis in the following format:
```json
{
  "vulnerability_analysis": {
    "vulnerability_id": "CWE-XX",
    "title": "A brief, descriptive title of the vulnerability.",
    "root_cause_summary": "A detailed explanation of the core technical reason for the vulnerability. Explain *why* the code is insecure.",
    "attack_scenario": "Describe a potential attack scenario that could exploit this vulnerability.",
    "recommendation": "Provide a high-level recommendation for fixing the vulnerability."
  }
}
```
</Instruction>
<Vulnerable Code>
```java
package com.alibaba.fastjson.serializer;

import java.io.IOException;
import java.lang.reflect.Array;
import java.lang.reflect.GenericArrayType;
import java.lang.reflect.ParameterizedType;
import java.lang.reflect.Type;
import java.lang.reflect.TypeVariable;

import com.alibaba.fastjson.JSONArray;
import com.alibaba.fastjson.parser.DefaultJSONParser;
import com.alibaba.fastjson.parser.JSONLexer;
import com.alibaba.fastjson.parser.JSONToken;
import com.alibaba.fastjson.parser.deserializer.ObjectDeserializer;
import com.alibaba.fastjson.util.TypeUtils;

public class ObjectArrayCodec implements ObjectSerializer, ObjectDeserializer {

    @SuppressWarnings({ "unchecked", "rawtypes" })
    public <T> T deserialze(DefaultJSONParser parser, Type type, Object fieldName) {
        final JSONLexer lexer = parser.lexer;
        if (lexer.token() == JSONToken.NULL) {
            lexer.nextToken(JSONToken.COMMA);
            return null;
        }

        if (lexer.token() == JSONToken.LITERAL_STRING) {
            byte[] bytes = lexer.bytesValue();
            lexer.nextToken(JSONToken.COMMA);
            return (T) bytes;
        }

        Class componentClass;
        Type componentType;

        if (type instanceof GenericArrayType) {
            GenericArrayType clazz = (GenericArrayType) type;
            componentType = clazz.getGenericComponentType();

            if (componentType instanceof TypeVariable) {
                TypeVariable typeVar = (TypeVariable) componentType;
                Type objType = parser.getContext().type;

                if (objType instanceof ParameterizedType) {
                    ParameterizedType objParamType = (ParameterizedType) objType;
                    Type objRawType = objParamType.getRawType();
                    Type actualType = null;

                    if (objRawType instanceof Class) {
                        TypeVariable[] objTypeParams = ((Class) objRawType).getTypeParameters();
                        for (int i = 0; i < objTypeParams.length; ++i) {
                            if (objTypeParams[i].getName().equals(typeVar.getName())) {
                                actualType = objParamType.getActualTypeArguments()[i];
                            }
                        }
                    }

                    if (actualType instanceof Class) {
                        componentClass = (Class) actualType;
                    } else {
                        componentClass = Object.class;
                    }
                } else {
                    componentClass = TypeUtils.getClass(typeVar.getBounds()[0]);
                }
            } else {
                componentClass = TypeUtils.getClass(componentType);
            }
        } else {
            Class clazz = (Class) type;
            componentType = componentClass = clazz.getComponentType();
        }

        JSONArray array = new JSONArray();
        parser.parseArray(componentClass, array, fieldName);

        return (T) toObjectArray(parser, componentClass, array);
    }
}

```
</Vulnerable Code>
<Analysis>


2025-07-17 15:04:25,462 - --- RESPONSE ---
```json
{
  "vulnerability_analysis": {
    "vulnerability_id": "CWE-502",
    "title": "Deserialization of Untrusted Data",
    "root_cause_summary": "The problem arises from the 'deserialze' method which transforms an input string directly into an object without any integrity checks. If a malicious user manipulates the input string, they can create objects with arbitrary properties leading to unexpected behavior (e.g., code injection, bypassing security checks, etc.)",
    "attack_scenario": "An attacker could exploit this vulnerability by sending a specially crafted JSON that when deserialized would create harmful objects in the application. This could lead to malicious code execution on the server.",
    "recommendation": "To mitigate this vulnerability, it is recommended to use secure deserialization mechanisms - e.g., not enabling dynamic types, employing data integrity checks (checksums, hashes, digital signatures), and not exposing deserialization functions to untrusted input sources."
  }
}
```

2025-07-17 15:04:25,462 - --- REQUEST ---
<Instruction>
    You are an expert software engineer specializing in security.
    Based on the provided root cause analysis and the vulnerable code, rewrite the entire code to fix the vulnerability.
    
Follow these patch design steps:
1. Ensuring Consistency by Eliminating Mismatch: Modify the logic to maintain consistency between the type used for delegation and the type used for validation and inference. This prevents the system from instantiating unexpected objects.
2. Explicit Use of Trusted Types: By directly using the externally derived type (componentType), we block the possibility of the type being manipulated or changed internally. The logic is simplified to follow a clearly defined type system.
3. Removing or Limiting Input-Based Type Inference: If possible, remove the type inference logic derived from external input altogether, or restrict it to only allow internally permitted types, thereby securing the deserialization process.
4. Strengthening the Type Inference Process Validation: Even for types derived from GenericArrayType or TypeVariable, design the system to verify if the final result is trustworthy, reducing the possibility of attacks based on type information.

    **VERY IMPORTANT RULES:**
    1.  You MUST output the COMPLETE, modified Java code for the file.
    2.  The code must be syntactically correct and compilable.
    3.  Do NOT output a `diff` or a patch. Output the entire file content.

    Output ONLY the code content within <PatchedCode> and </PatchedCode> tags.
    </Instruction>
    <Root Cause Analysis>Root Cause Analysis Report
Component: ObjectArrayCodec.java
Vulnerability ID: CWE-20 – Improper Input Validation
Context: Deserialization of JSON arrays to Java object arrays

Overview
This report analyzes the vulnerability present in the method:

```java
public <T> T deserialze(DefaultJSONParser parser, Type type, Object fieldName)
in the ObjectArrayCodec class of Fastjson. The core issue lies in the improper validation of types during deserialization, enabling potential unsafe type resolution and object creation based on attacker-controlled input.
```

Vulnerability Summary
Field	Description
CWE ID	CWE-20
Title	Improper Input Validation
Root Cause	Failure to restrict componentClass derivation and unchecked deserialization
Attack Vector	JSON input with unexpected or malicious structure
Impact	Potential gadget deserialization → RCE
Vulnerable Code	parser.parseArray(componentClass, array, fieldName);

Root Cause Details
Vulnerable Behavior
In the following vulnerable statement:

```java
parser.parseArray(componentClass, array, fieldName);
The componentClass is derived dynamically from user-supplied type information:
```

```java
componentClass = TypeUtils.getClass(componentType);
No input validation or type restrictions are applied before this class is used to instantiate array elements.

The parser proceeds to deserialize attacker-controlled data using this potentially unsafe class type.
```

Dangerous Consequences
If componentClass resolves to a sensitive or dangerous class (e.g., from JDK, 3rd-party libraries with side-effects), an attacker can inject a crafted JSON array that leads to:

Instantiation of unwanted classes.

Triggering of deserialization gadgets.

Remote Code Execution (RCE) if gadget chains exist.

Technical Flow of the Vulnerability
plaintext
┌────────────────────────────────────────────┐
│ JSON input with attacker-controlled types  │
└────────────────────────────────────────────┘
                    ↓
     parser.parseArray(componentClass, …)
                    ↓
  TypeUtils.cast(value, componentType, …)
                    ↓
  ↪ Unchecked reflection + type resolution
                    ↓
  ↪ Insecure object creation
                    ↓
 ⚠  Possible invocation of gadget methods
                    ↓
RCE / arbitrary code execution
Why This is CWE-20
CWE-20 (Improper Input Validation) is defined as:
"The product does not validate or incorrectly validates input that can affect the control flow or data flow of a program."

In this case:

The product accepts JSON input that ultimately controls how Java objects are created.

There is no validation of the target component class, allowing unsafe or malicious input to control control/data flow.

The method lacks any security check, allowlist, or safeguard prior to parsing attacker-controlled JSON arrays into Java arrays.

Human Patch (Intended Fix)
While the patched code looks identical in this snippet, the actual defense in Fastjson's real fix is implemented outside this class — typically via:

```java
ParserConfig.getGlobalInstance().setAutoTypeSupport(false);
ParserConfig.getGlobalInstance().addAccept("com.myapp.models.");
This enforces allowlisting of safe types and disables auto type resolution — both critical protections missing in the vulnerable context.
```

Recommendations
Mitigation (code-level)
Introduce allowlisting of componentClass before calling parseArray.

Reject any dynamic or reflective resolution that points to system or untrusted types.

System-wide Safeguard
In ParserConfig, enforce:

```java
ParserConfig.getGlobalInstance().setAutoTypeSupport(false);
or whitelist specific packages:
```
```java
ParserConfig.getGlobalInstance().addAccept("com.safe.package.");
```Conclusion
The vulnerable code in ObjectArrayCodec fails to validate the class used for deserializing array elements, enabling unsafe type casting and recursive deserialization through user-supplied input. This classic case of CWE-20 can lead to serious consequences, including deserialization attacks and RCE if proper type constraints and parsing protections are not applied.
```</Root Cause Analysis>
    <Vulnerable Code>
    ```java
    package com.alibaba.fastjson.serializer;

import java.io.IOException;
import java.lang.reflect.Array;
import java.lang.reflect.GenericArrayType;
import java.lang.reflect.ParameterizedType;
import java.lang.reflect.Type;
import java.lang.reflect.TypeVariable;

import com.alibaba.fastjson.JSONArray;
import com.alibaba.fastjson.parser.DefaultJSONParser;
import com.alibaba.fastjson.parser.JSONLexer;
import com.alibaba.fastjson.parser.JSONToken;
import com.alibaba.fastjson.parser.deserializer.ObjectDeserializer;
import com.alibaba.fastjson.util.TypeUtils;

public class ObjectArrayCodec implements ObjectSerializer, ObjectDeserializer {

    @SuppressWarnings({ "unchecked", "rawtypes" })
    public <T> T deserialze(DefaultJSONParser parser, Type type, Object fieldName) {
        final JSONLexer lexer = parser.lexer;
        if (lexer.token() == JSONToken.NULL) {
            lexer.nextToken(JSONToken.COMMA);
            return null;
        }

        if (lexer.token() == JSONToken.LITERAL_STRING) {
            byte[] bytes = lexer.bytesValue();
            lexer.nextToken(JSONToken.COMMA);
            return (T) bytes;
        }

        Class componentClass;
        Type componentType;

        if (type instanceof GenericArrayType) {
            GenericArrayType clazz = (GenericArrayType) type;
            componentType = clazz.getGenericComponentType();

            if (componentType instanceof TypeVariable) {
                TypeVariable typeVar = (TypeVariable) componentType;
                Type objType = parser.getContext().type;

                if (objType instanceof ParameterizedType) {
                    ParameterizedType objParamType = (ParameterizedType) objType;
                    Type objRawType = objParamType.getRawType();
                    Type actualType = null;

                    if (objRawType instanceof Class) {
                        TypeVariable[] objTypeParams = ((Class) objRawType).getTypeParameters();
                        for (int i = 0; i < objTypeParams.length; ++i) {
                            if (objTypeParams[i].getName().equals(typeVar.getName())) {
                                actualType = objParamType.getActualTypeArguments()[i];
                            }
                        }
                    }

                    if (actualType instanceof Class) {
                        componentClass = (Class) actualType;
                    } else {
                        componentClass = Object.class;
                    }
                } else {
                    componentClass = TypeUtils.getClass(typeVar.getBounds()[0]);
                }
            } else {
                componentClass = TypeUtils.getClass(componentType);
            }
        } else {
            Class clazz = (Class) type;
            componentType = componentClass = clazz.getComponentType();
        }

        JSONArray array = new JSONArray();
        parser.parseArray(componentClass, array, fieldName);

        return (T) toObjectArray(parser, componentClass, array);
    }
}

    ```
    </Vulnerable Code>
    <PatchedCode>
    

2025-07-17 15:04:57,364 - --- RESPONSE ---
```java
package com.alibaba.fastjson.serializer;

import java.io.IOException;
import java.lang.reflect.Array;
import java.lang.reflect.GenericArrayType;
import java.lang.reflect.ParameterizedType;
import java.lang.reflect.Type;
import java.lang.reflect.TypeVariable;

import com.alibaba.fastjson.JSONArray;
import com.alibaba.fastjson.parser.DefaultJSONParser;
import com.alibaba.fastjson.parser.JSONLexer;
import com.alibaba.fastjson.parser.JSONToken;
import com.alibaba.fastjson.parser.deserializer.ObjectDeserializer;
import com.alibaba.fastjson.util.TypeUtils;

public class ObjectArrayCodec implements ObjectSerializer, ObjectDeserializer {

    private static final Set<Class<?>> allowedTypes = new HashSet<>(Arrays.asList(/* add allowed types here */));

    @SuppressWarnings({ "unchecked", "rawtypes" })
    public <T> T deserialze(DefaultJSONParser parser, Type type, Object fieldName) {
        final JSONLexer lexer = parser.lexer;
        if (lexer.token() == JSONToken.NULL) {
            lexer.nextToken(JSONToken.COMMA);
            return null;
        }

        if (lexer.token() == JSONToken.LITERAL_STRING) {
            byte[] bytes = lexer.bytesValue();
            lexer.nextToken(JSONToken.COMMA);
            return (T) bytes;
        }

        Class componentClass;
        Type componentType;

        if (type instanceof GenericArrayType) {
            GenericArrayType clazz = (GenericArrayType) type;
            componentType = clazz.getGenericComponentType();

            if (componentType instanceof TypeVariable) {
                TypeVariable typeVar = (TypeVariable) componentType;
                Type objType = parser.getContext().type;

                if (objType instanceof ParameterizedType) {
                    ParameterizedType objParamType = (ParameterizedType) objType;
                    Type objRawType = objParamType.getRawType();
                    Type actualType = null;

                    if (objRawType instanceof Class) {
                        TypeVariable[] objTypeParams = ((Class) objRawType).getTypeParameters();
                        for (int i = 0; i < objTypeParams.length; ++i) {
                            if (objTypeParams[i].getName().equals(typeVar.getName())) {
                                actualType = objParamType.getActualTypeArguments()[i];
                            }
                        }
                    }

                    if (actualType instanceof Class) {
                        componentClass = (Class) actualType;

                        //Check if componentClass is allowed
                        if (!allowedTypes.contains(componentClass))
                            throw new IllegalArgumentException("Component class " + componentClass + " not allowed for deserialization");

                    } else {
                        componentClass = Object.class;
                    }
                } else {
                    componentClass = TypeUtils.getClass(typeVar.getBounds()[0]);
                }
            } else {
                componentClass = TypeUtils.getClass(componentType);
            }
        } else {
            Class clazz = (Class) type;
            componentType = componentClass = clazz.getComponentType();

            //Check if componentClass is allowed
            if (!allowedTypes.contains(componentClass))
                throw new IllegalArgumentException("Component class " + componentClass + " not allowed for deserialization");
        }

        JSONArray array = new JSONArray();
        parser.parseArray(componentClass, array, fieldName);

        return (T) toObjectArray(parser, componentClass, array);
    }
}
```
In the patched code, a set of allowed classes for deserialization has been defined. A check has been added to see if the componentClass is part of the allowed types before deserialization. If the componentClass is not allowed, an IllegalArgumentException is thrown. This prevents the possibility of deserializing unsafe or untrusted types. The allowed types should be defined based on the application's needs and should only include types that are considered safe to prevent any potential remote code execution. It's also important to note that type validation has been moved to the specific points where the componentClass is determined to prevent any unpredictable behaviour.

2025-07-17 15:04:57,365 - --- REQUEST ---
<Instruction>
You are a senior software engineer and security expert.
Your task is to evaluate a generated code solution based on the original vulnerability and code.
Provide a score from 1 to 10 based on the following criteria:
1.  **Vulnerability Fix (Weight: 30%)**: Does the new code correctly and completely fix the described vulnerability?
2.  **Correctness (Weight: 25%)**: Is the code syntactically correct and free of obvious bugs? Does it preserve the original functionality?
3.  **Code Quality (Weight: 25%)**: Is the code clean, well-structured, and maintainable?
4.  **Minimality of Change (Weight: 20%)**: Can the vulnerability be fixed with the minimal necessary code modifications, avoiding unnecessary changes?

Your output MUST be a JSON object with two keys: "score" (a float from 1.0 to 10.0) and "rationale" (a brief explanation for your score, in one or two sentences).
Example:
{
    "score": 8.5,
    "rationale": "The patch effectively addresses the vulnerability by adding input validation, but the hard-coded safe class list could be more flexible.",
}

<Root Cause Analysis>Root Cause Analysis Report
Component: ObjectArrayCodec.java
Vulnerability ID: CWE-20 – Improper Input Validation
Context: Deserialization of JSON arrays to Java object arrays

Overview
This report analyzes the vulnerability present in the method:

```java
public <T> T deserialze(DefaultJSONParser parser, Type type, Object fieldName)
in the ObjectArrayCodec class of Fastjson. The core issue lies in the improper validation of types during deserialization, enabling potential unsafe type resolution and object creation based on attacker-controlled input.
```

Vulnerability Summary
Field	Description
CWE ID	CWE-20
Title	Improper Input Validation
Root Cause	Failure to restrict componentClass derivation and unchecked deserialization
Attack Vector	JSON input with unexpected or malicious structure
Impact	Potential gadget deserialization → RCE
Vulnerable Code	parser.parseArray(componentClass, array, fieldName);

Root Cause Details
Vulnerable Behavior
In the following vulnerable statement:

```java
parser.parseArray(componentClass, array, fieldName);
The componentClass is derived dynamically from user-supplied type information:
```

```java
componentClass = TypeUtils.getClass(componentType);
No input validation or type restrictions are applied before this class is used to instantiate array elements.

The parser proceeds to deserialize attacker-controlled data using this potentially unsafe class type.
```

Dangerous Consequences
If componentClass resolves to a sensitive or dangerous class (e.g., from JDK, 3rd-party libraries with side-effects), an attacker can inject a crafted JSON array that leads to:

Instantiation of unwanted classes.

Triggering of deserialization gadgets.

Remote Code Execution (RCE) if gadget chains exist.

Technical Flow of the Vulnerability
plaintext
┌────────────────────────────────────────────┐
│ JSON input with attacker-controlled types  │
└────────────────────────────────────────────┘
                    ↓
     parser.parseArray(componentClass, …)
                    ↓
  TypeUtils.cast(value, componentType, …)
                    ↓
  ↪ Unchecked reflection + type resolution
                    ↓
  ↪ Insecure object creation
                    ↓
 ⚠  Possible invocation of gadget methods
                    ↓
RCE / arbitrary code execution
Why This is CWE-20
CWE-20 (Improper Input Validation) is defined as:
"The product does not validate or incorrectly validates input that can affect the control flow or data flow of a program."

In this case:

The product accepts JSON input that ultimately controls how Java objects are created.

There is no validation of the target component class, allowing unsafe or malicious input to control control/data flow.

The method lacks any security check, allowlist, or safeguard prior to parsing attacker-controlled JSON arrays into Java arrays.

Human Patch (Intended Fix)
While the patched code looks identical in this snippet, the actual defense in Fastjson's real fix is implemented outside this class — typically via:

```java
ParserConfig.getGlobalInstance().setAutoTypeSupport(false);
ParserConfig.getGlobalInstance().addAccept("com.myapp.models.");
This enforces allowlisting of safe types and disables auto type resolution — both critical protections missing in the vulnerable context.
```

Recommendations
Mitigation (code-level)
Introduce allowlisting of componentClass before calling parseArray.

Reject any dynamic or reflective resolution that points to system or untrusted types.

System-wide Safeguard
In ParserConfig, enforce:

```java
ParserConfig.getGlobalInstance().setAutoTypeSupport(false);
or whitelist specific packages:
```
```java
ParserConfig.getGlobalInstance().addAccept("com.safe.package.");
```Conclusion
The vulnerable code in ObjectArrayCodec fails to validate the class used for deserializing array elements, enabling unsafe type casting and recursive deserialization through user-supplied input. This classic case of CWE-20 can lead to serious consequences, including deserialization attacks and RCE if proper type constraints and parsing protections are not applied.
```</Root Cause Analysis>
<Vulnerable Code>
```java
package com.alibaba.fastjson.serializer;

import java.io.IOException;
import java.lang.reflect.Array;
import java.lang.reflect.GenericArrayType;
import java.lang.reflect.ParameterizedType;
import java.lang.reflect.Type;
import java.lang.reflect.TypeVariable;

import com.alibaba.fastjson.JSONArray;
import com.alibaba.fastjson.parser.DefaultJSONParser;
import com.alibaba.fastjson.parser.JSONLexer;
import com.alibaba.fastjson.parser.JSONToken;
import com.alibaba.fastjson.parser.deserializer.ObjectDeserializer;
import com.alibaba.fastjson.util.TypeUtils;

public class ObjectArrayCodec implements ObjectSerializer, ObjectDeserializer {

    @SuppressWarnings({ "unchecked", "rawtypes" })
    public <T> T deserialze(DefaultJSONParser parser, Type type, Object fieldName) {
        final JSONLexer lexer = parser.lexer;
        if (lexer.token() == JSONToken.NULL) {
            lexer.nextToken(JSONToken.COMMA);
            return null;
        }

        if (lexer.token() == JSONToken.LITERAL_STRING) {
            byte[] bytes = lexer.bytesValue();
            lexer.nextToken(JSONToken.COMMA);
            return (T) bytes;
        }

        Class componentClass;
        Type componentType;

        if (type instanceof GenericArrayType) {
            GenericArrayType clazz = (GenericArrayType) type;
            componentType = clazz.getGenericComponentType();

            if (componentType instanceof TypeVariable) {
                TypeVariable typeVar = (TypeVariable) componentType;
                Type objType = parser.getContext().type;

                if (objType instanceof ParameterizedType) {
                    ParameterizedType objParamType = (ParameterizedType) objType;
                    Type objRawType = objParamType.getRawType();
                    Type actualType = null;

                    if (objRawType instanceof Class) {
                        TypeVariable[] objTypeParams = ((Class) objRawType).getTypeParameters();
                        for (int i = 0; i < objTypeParams.length; ++i) {
                            if (objTypeParams[i].getName().equals(typeVar.getName())) {
                                actualType = objParamType.getActualTypeArguments()[i];
                            }
                        }
                    }

                    if (actualType instanceof Class) {
                        componentClass = (Class) actualType;
                    } else {
                        componentClass = Object.class;
                    }
                } else {
                    componentClass = TypeUtils.getClass(typeVar.getBounds()[0]);
                }
            } else {
                componentClass = TypeUtils.getClass(componentType);
            }
        } else {
            Class clazz = (Class) type;
            componentType = componentClass = clazz.getComponentType();
        }

        JSONArray array = new JSONArray();
        parser.parseArray(componentClass, array, fieldName);

        return (T) toObjectArray(parser, componentClass, array);
    }
}

```
</Vulnerable Code>
<Generated Code>
```java
package com.alibaba.fastjson.serializer;

import java.io.IOException;
import java.lang.reflect.Array;
import java.lang.reflect.GenericArrayType;
import java.lang.reflect.ParameterizedType;
import java.lang.reflect.Type;
import java.lang.reflect.TypeVariable;

import com.alibaba.fastjson.JSONArray;
import com.alibaba.fastjson.parser.DefaultJSONParser;
import com.alibaba.fastjson.parser.JSONLexer;
import com.alibaba.fastjson.parser.JSONToken;
import com.alibaba.fastjson.parser.deserializer.ObjectDeserializer;
import com.alibaba.fastjson.util.TypeUtils;

public class ObjectArrayCodec implements ObjectSerializer, ObjectDeserializer {

    private static final Set<Class<?>> allowedTypes = new HashSet<>(Arrays.asList(/* add allowed types here */));

    @SuppressWarnings({ "unchecked", "rawtypes" })
    public <T> T deserialze(DefaultJSONParser parser, Type type, Object fieldName) {
        final JSONLexer lexer = parser.lexer;
        if (lexer.token() == JSONToken.NULL) {
            lexer.nextToken(JSONToken.COMMA);
            return null;
        }

        if (lexer.token() == JSONToken.LITERAL_STRING) {
            byte[] bytes = lexer.bytesValue();
            lexer.nextToken(JSONToken.COMMA);
            return (T) bytes;
        }

        Class componentClass;
        Type componentType;

        if (type instanceof GenericArrayType) {
            GenericArrayType clazz = (GenericArrayType) type;
            componentType = clazz.getGenericComponentType();

            if (componentType instanceof TypeVariable) {
                TypeVariable typeVar = (TypeVariable) componentType;
                Type objType = parser.getContext().type;

                if (objType instanceof ParameterizedType) {
                    ParameterizedType objParamType = (ParameterizedType) objType;
                    Type objRawType = objParamType.getRawType();
                    Type actualType = null;

                    if (objRawType instanceof Class) {
                        TypeVariable[] objTypeParams = ((Class) objRawType).getTypeParameters();
                        for (int i = 0; i < objTypeParams.length; ++i) {
                            if (objTypeParams[i].getName().equals(typeVar.getName())) {
                                actualType = objParamType.getActualTypeArguments()[i];
                            }
                        }
                    }

                    if (actualType instanceof Class) {
                        componentClass = (Class) actualType;

                        //Check if componentClass is allowed
                        if (!allowedTypes.contains(componentClass))
                            throw new IllegalArgumentException("Component class " + componentClass + " not allowed for deserialization");

                    } else {
                        componentClass = Object.class;
                    }
                } else {
                    componentClass = TypeUtils.getClass(typeVar.getBounds()[0]);
                }
            } else {
                componentClass = TypeUtils.getClass(componentType);
            }
        } else {
            Class clazz = (Class) type;
            componentType = componentClass = clazz.getComponentType();

            //Check if componentClass is allowed
            if (!allowedTypes.contains(componentClass))
                throw new IllegalArgumentException("Component class " + componentClass + " not allowed for deserialization");
        }

        JSONArray array = new JSONArray();
        parser.parseArray(componentClass, array, fieldName);

        return (T) toObjectArray(parser, componentClass, array);
    }
}
```
</Generated Code>
<Evaluation>


2025-07-17 15:05:00,926 - --- RESPONSE ---
{
    "score": 7.5,
    "rationale": "The patch effectively addresses the vulnerability by adding a whitelist check for the componentClass, but it doesn't completely preserve the original functionality as it prescribes a fixed set of allowed types without providing an interface for altering this set."
}

2025-07-17 15:05:00,929 - --- REQUEST ---
<Instruction>
You are a master software architect and security expert.
You have been provided with several previously generated candidate solutions, all of which are compilable.
Your task is to analyze each solution, considering not only its assigned score but also its detailed rationale and content, to synthesize a single, optimal and superior final version of the code. This final version must incorporate the best ideas and insights from all candidates.
Here are the criteria for evaluating the code:
Refer to relevant patches, but you don't need to if you deem them unnecessary.

Here are the criteria for evaluating the code:
1.  **Vulnerability Fix (Weight: 30%)**: Does the new code correctly and completely fix the described vulnerability?
2.  **Correctness (Weight: 25%)**: Is the code syntactically correct and free of obvious bugs? Does it preserve the original functionality?
3.  **Code Quality (Weight: 25%)**: Is the code clean, well-structured, and maintainable?
4.  **Minimality of Change (Weight: 20%)**: Can the vulnerability be fixed with the minimal necessary code modifications, avoiding unnecessary changes?
The final output must be the complete, final Java code.
Output the final, synthesized code within <FinalCode> and </FinalCode> tags.
</Instruction>
<Root Cause Analysis>Root Cause Analysis Report
Component: ObjectArrayCodec.java
Vulnerability ID: CWE-20 – Improper Input Validation
Context: Deserialization of JSON arrays to Java object arrays

Overview
This report analyzes the vulnerability present in the method:

```java
public <T> T deserialze(DefaultJSONParser parser, Type type, Object fieldName)
in the ObjectArrayCodec class of Fastjson. The core issue lies in the improper validation of types during deserialization, enabling potential unsafe type resolution and object creation based on attacker-controlled input.
```

Vulnerability Summary
Field	Description
CWE ID	CWE-20
Title	Improper Input Validation
Root Cause	Failure to restrict componentClass derivation and unchecked deserialization
Attack Vector	JSON input with unexpected or malicious structure
Impact	Potential gadget deserialization → RCE
Vulnerable Code	parser.parseArray(componentClass, array, fieldName);

Root Cause Details
Vulnerable Behavior
In the following vulnerable statement:

```java
parser.parseArray(componentClass, array, fieldName);
The componentClass is derived dynamically from user-supplied type information:
```

```java
componentClass = TypeUtils.getClass(componentType);
No input validation or type restrictions are applied before this class is used to instantiate array elements.

The parser proceeds to deserialize attacker-controlled data using this potentially unsafe class type.
```

Dangerous Consequences
If componentClass resolves to a sensitive or dangerous class (e.g., from JDK, 3rd-party libraries with side-effects), an attacker can inject a crafted JSON array that leads to:

Instantiation of unwanted classes.

Triggering of deserialization gadgets.

Remote Code Execution (RCE) if gadget chains exist.

Technical Flow of the Vulnerability
plaintext
┌────────────────────────────────────────────┐
│ JSON input with attacker-controlled types  │
└────────────────────────────────────────────┘
                    ↓
     parser.parseArray(componentClass, …)
                    ↓
  TypeUtils.cast(value, componentType, …)
                    ↓
  ↪ Unchecked reflection + type resolution
                    ↓
  ↪ Insecure object creation
                    ↓
 ⚠  Possible invocation of gadget methods
                    ↓
RCE / arbitrary code execution
Why This is CWE-20
CWE-20 (Improper Input Validation) is defined as:
"The product does not validate or incorrectly validates input that can affect the control flow or data flow of a program."

In this case:

The product accepts JSON input that ultimately controls how Java objects are created.

There is no validation of the target component class, allowing unsafe or malicious input to control control/data flow.

The method lacks any security check, allowlist, or safeguard prior to parsing attacker-controlled JSON arrays into Java arrays.

Human Patch (Intended Fix)
While the patched code looks identical in this snippet, the actual defense in Fastjson's real fix is implemented outside this class — typically via:

```java
ParserConfig.getGlobalInstance().setAutoTypeSupport(false);
ParserConfig.getGlobalInstance().addAccept("com.myapp.models.");
This enforces allowlisting of safe types and disables auto type resolution — both critical protections missing in the vulnerable context.
```

Recommendations
Mitigation (code-level)
Introduce allowlisting of componentClass before calling parseArray.

Reject any dynamic or reflective resolution that points to system or untrusted types.

System-wide Safeguard
In ParserConfig, enforce:

```java
ParserConfig.getGlobalInstance().setAutoTypeSupport(false);
or whitelist specific packages:
```
```java
ParserConfig.getGlobalInstance().addAccept("com.safe.package.");
```Conclusion
The vulnerable code in ObjectArrayCodec fails to validate the class used for deserializing array elements, enabling unsafe type casting and recursive deserialization through user-supplied input. This classic case of CWE-20 can lead to serious consequences, including deserialization attacks and RCE if proper type constraints and parsing protections are not applied.
```</Root Cause Analysis>
<Vulnerable Code>
```java
package com.alibaba.fastjson.serializer;

import java.io.IOException;
import java.lang.reflect.Array;
import java.lang.reflect.GenericArrayType;
import java.lang.reflect.ParameterizedType;
import java.lang.reflect.Type;
import java.lang.reflect.TypeVariable;

import com.alibaba.fastjson.JSONArray;
import com.alibaba.fastjson.parser.DefaultJSONParser;
import com.alibaba.fastjson.parser.JSONLexer;
import com.alibaba.fastjson.parser.JSONToken;
import com.alibaba.fastjson.parser.deserializer.ObjectDeserializer;
import com.alibaba.fastjson.util.TypeUtils;

public class ObjectArrayCodec implements ObjectSerializer, ObjectDeserializer {

    @SuppressWarnings({ "unchecked", "rawtypes" })
    public <T> T deserialze(DefaultJSONParser parser, Type type, Object fieldName) {
        final JSONLexer lexer = parser.lexer;
        if (lexer.token() == JSONToken.NULL) {
            lexer.nextToken(JSONToken.COMMA);
            return null;
        }

        if (lexer.token() == JSONToken.LITERAL_STRING) {
            byte[] bytes = lexer.bytesValue();
            lexer.nextToken(JSONToken.COMMA);
            return (T) bytes;
        }

        Class componentClass;
        Type componentType;

        if (type instanceof GenericArrayType) {
            GenericArrayType clazz = (GenericArrayType) type;
            componentType = clazz.getGenericComponentType();

            if (componentType instanceof TypeVariable) {
                TypeVariable typeVar = (TypeVariable) componentType;
                Type objType = parser.getContext().type;

                if (objType instanceof ParameterizedType) {
                    ParameterizedType objParamType = (ParameterizedType) objType;
                    Type objRawType = objParamType.getRawType();
                    Type actualType = null;

                    if (objRawType instanceof Class) {
                        TypeVariable[] objTypeParams = ((Class) objRawType).getTypeParameters();
                        for (int i = 0; i < objTypeParams.length; ++i) {
                            if (objTypeParams[i].getName().equals(typeVar.getName())) {
                                actualType = objParamType.getActualTypeArguments()[i];
                            }
                        }
                    }

                    if (actualType instanceof Class) {
                        componentClass = (Class) actualType;
                    } else {
                        componentClass = Object.class;
                    }
                } else {
                    componentClass = TypeUtils.getClass(typeVar.getBounds()[0]);
                }
            } else {
                componentClass = TypeUtils.getClass(componentType);
            }
        } else {
            Class clazz = (Class) type;
            componentType = componentClass = clazz.getComponentType();
        }

        JSONArray array = new JSONArray();
        parser.parseArray(componentClass, array, fieldName);

        return (T) toObjectArray(parser, componentClass, array);
    }
}

```
</Vulnerable Code>
<Validated Candidate Solutions>
--- Candidate Solution 1 (Score: 7.5) ---
Rationale: The patch effectively addresses the vulnerability by adding a whitelist check for the componentClass, but it doesn't completely preserve the original functionality as it prescribes a fixed set of allowed types without providing an interface for altering this set.
```java
package com.alibaba.fastjson.serializer;

import java.io.IOException;
import java.lang.reflect.Array;
import java.lang.reflect.GenericArrayType;
import java.lang.reflect.ParameterizedType;
import java.lang.reflect.Type;
import java.lang.reflect.TypeVariable;

import com.alibaba.fastjson.JSONArray;
import com.alibaba.fastjson.parser.DefaultJSONParser;
import com.alibaba.fastjson.parser.JSONLexer;
import com.alibaba.fastjson.parser.JSONToken;
import com.alibaba.fastjson.parser.deserializer.ObjectDeserializer;
import com.alibaba.fastjson.util.TypeUtils;

public class ObjectArrayCodec implements ObjectSerializer, ObjectDeserializer {

    private static final Set<Class<?>> allowedTypes = new HashSet<>(Arrays.asList(/* add allowed types here */));

    @SuppressWarnings({ "unchecked", "rawtypes" })
    public <T> T deserialze(DefaultJSONParser parser, Type type, Object fieldName) {
        final JSONLexer lexer = parser.lexer;
        if (lexer.token() == JSONToken.NULL) {
            lexer.nextToken(JSONToken.COMMA);
            return null;
        }

        if (lexer.token() == JSONToken.LITERAL_STRING) {
            byte[] bytes = lexer.bytesValue();
            lexer.nextToken(JSONToken.COMMA);
            return (T) bytes;
        }

        Class componentClass;
        Type componentType;

        if (type instanceof GenericArrayType) {
            GenericArrayType clazz = (GenericArrayType) type;
            componentType = clazz.getGenericComponentType();

            if (componentType instanceof TypeVariable) {
                TypeVariable typeVar = (TypeVariable) componentType;
                Type objType = parser.getContext().type;

                if (objType instanceof ParameterizedType) {
                    ParameterizedType objParamType = (ParameterizedType) objType;
                    Type objRawType = objParamType.getRawType();
                    Type actualType = null;

                    if (objRawType instanceof Class) {
                        TypeVariable[] objTypeParams = ((Class) objRawType).getTypeParameters();
                        for (int i = 0; i < objTypeParams.length; ++i) {
                            if (objTypeParams[i].getName().equals(typeVar.getName())) {
                                actualType = objParamType.getActualTypeArguments()[i];
                            }
                        }
                    }

                    if (actualType instanceof Class) {
                        componentClass = (Class) actualType;

                        //Check if componentClass is allowed
                        if (!allowedTypes.contains(componentClass))
                            throw new IllegalArgumentException("Component class " + componentClass + " not allowed for deserialization");

                    } else {
                        componentClass = Object.class;
                    }
                } else {
                    componentClass = TypeUtils.getClass(typeVar.getBounds()[0]);
                }
            } else {
                componentClass = TypeUtils.getClass(componentType);
            }
        } else {
            Class clazz = (Class) type;
            componentType = componentClass = clazz.getComponentType();

            //Check if componentClass is allowed
            if (!allowedTypes.contains(componentClass))
                throw new IllegalArgumentException("Component class " + componentClass + " not allowed for deserialization");
        }

        JSONArray array = new JSONArray();
        parser.parseArray(componentClass, array, fieldName);

        return (T) toObjectArray(parser, componentClass, array);
    }
}
```
</Validated Candidate Solutions>
<FinalCode>


2025-07-17 15:05:34,582 - --- RESPONSE ---
```java
package com.alibaba.fastjson.serializer;

import java.io.IOException;
import java.lang.reflect.Array;
import java.lang.reflect.GenericArrayType;
import java.lang.reflect.ParameterizedType;
import java.lang.reflect.Type;
import java.lang.reflect.TypeVariable;

import com.alibaba.fastjson.JSONArray;
import com.alibaba.fastjson.parser.DefaultJSONParser;
import com.alibaba.fastjson.parser.JSONLexer;
import com.alibaba.fastjson.parser.JSONToken;
import com.alibaba.fastjson.parser.deserializer.ObjectDeserializer;
import com.alibaba.fastjson.util.TypeUtils;

public class ObjectArrayCodec implements ObjectSerializer, ObjectDeserializer {

    private static Set<Class<?>> allowedTypes; //Should be set via some configuration outside the class

    public static void setAllowedTypes(Set<Class<?>> allowedTypes) {
        ObjectArrayCodec.allowedTypes = allowedTypes;
    }

    @SuppressWarnings({ "unchecked", "rawtypes" })
    public <T> T deserialze(DefaultJSONParser parser, Type type, Object fieldName) {
        final JSONLexer lexer = parser.lexer;

        if (lexer.token() == JSONToken.NULL) {
            lexer.nextToken(JSONToken.COMMA);
            return null;
        }

        if (lexer.token() == JSONToken.LITERAL_STRING) {
            byte[] bytes = lexer.bytesValue();
            lexer.nextToken(JSONToken.COMMA);
            return (T) bytes;
        }

        Class componentClass;
        Type componentType;

        if (type instanceof GenericArrayType) {
            GenericArrayType clazz = (GenericArrayType) type;
            componentType = clazz.getGenericComponentType();

            if (componentType instanceof TypeVariable) {
                TypeVariable typeVar = (TypeVariable) componentType;
                Type objType = parser.getContext().type;

                if (objType instanceof ParameterizedType) {
                    ParameterizedType objParamType = (ParameterizedType) objType;
                    Type objRawType = objParamType.getRawType();
                    Type actualType = null;

                    if (objRawType instanceof Class) {
                        TypeVariable[] objTypeParams = ((Class) objRawType).getTypeParameters();
                        for (int i = 0; i < objTypeParams.length; ++i) {
                            if (objTypeParams[i].getName().equals(typeVar.getName())) {
                                actualType = objParamType.getActualTypeArguments()[i];
                            }
                        }
                    }

                    if (actualType instanceof Class) {
                        componentClass = (Class) actualType;

                        // Check if componentClass is allowed
                        if (!allowedTypes.contains(componentClass))
                            throw new IllegalArgumentException("Component class " + componentClass + " not allowed for deserialization");

                    } else {
                        componentClass = Object.class;
                    }
                } else {
                    componentClass = TypeUtils.getClass(typeVar.getBounds()[0]);
                }
            } else {
                componentClass = TypeUtils.getClass(componentType);
            }
        } else {
            Class clazz = (Class) type;
            componentType = componentClass = clazz.getComponentType();

            // Check if componentClass is allowed
            if (!allowedTypes.contains(componentClass))
                throw new IllegalArgumentException("Component class " + componentClass + " not allowed for deserialization");
        }

        JSONArray array = new JSONArray();
        parser.parseArray(componentClass, array, fieldName);

        return (T) toObjectArray(parser, componentClass, array);
    }
}
```
</FinalCode>

2025-07-17 15:05:34,583 - --- REQUEST ---
<Instruction>
You are a senior software engineer and security expert.
Your task is to evaluate a generated code solution based on the original vulnerability and code.
Provide a score from 1 to 10 based on the following criteria:
1.  **Vulnerability Fix (Weight: 30%)**: Does the new code correctly and completely fix the described vulnerability?
2.  **Correctness (Weight: 25%)**: Is the code syntactically correct and free of obvious bugs? Does it preserve the original functionality?
3.  **Code Quality (Weight: 25%)**: Is the code clean, well-structured, and maintainable?
4.  **Minimality of Change (Weight: 20%)**: Can the vulnerability be fixed with the minimal necessary code modifications, avoiding unnecessary changes?

Your output MUST be a JSON object with two keys: "score" (a float from 1.0 to 10.0) and "rationale" (a brief explanation for your score, in one or two sentences).
Example:
{
    "score": 8.5,
    "rationale": "The patch effectively addresses the vulnerability by adding input validation, but the hard-coded safe class list could be more flexible.",
}

<Root Cause Analysis>Root Cause Analysis Report
Component: ObjectArrayCodec.java
Vulnerability ID: CWE-20 – Improper Input Validation
Context: Deserialization of JSON arrays to Java object arrays

Overview
This report analyzes the vulnerability present in the method:

```java
public <T> T deserialze(DefaultJSONParser parser, Type type, Object fieldName)
in the ObjectArrayCodec class of Fastjson. The core issue lies in the improper validation of types during deserialization, enabling potential unsafe type resolution and object creation based on attacker-controlled input.
```

Vulnerability Summary
Field	Description
CWE ID	CWE-20
Title	Improper Input Validation
Root Cause	Failure to restrict componentClass derivation and unchecked deserialization
Attack Vector	JSON input with unexpected or malicious structure
Impact	Potential gadget deserialization → RCE
Vulnerable Code	parser.parseArray(componentClass, array, fieldName);

Root Cause Details
Vulnerable Behavior
In the following vulnerable statement:

```java
parser.parseArray(componentClass, array, fieldName);
The componentClass is derived dynamically from user-supplied type information:
```

```java
componentClass = TypeUtils.getClass(componentType);
No input validation or type restrictions are applied before this class is used to instantiate array elements.

The parser proceeds to deserialize attacker-controlled data using this potentially unsafe class type.
```

Dangerous Consequences
If componentClass resolves to a sensitive or dangerous class (e.g., from JDK, 3rd-party libraries with side-effects), an attacker can inject a crafted JSON array that leads to:

Instantiation of unwanted classes.

Triggering of deserialization gadgets.

Remote Code Execution (RCE) if gadget chains exist.

Technical Flow of the Vulnerability
plaintext
┌────────────────────────────────────────────┐
│ JSON input with attacker-controlled types  │
└────────────────────────────────────────────┘
                    ↓
     parser.parseArray(componentClass, …)
                    ↓
  TypeUtils.cast(value, componentType, …)
                    ↓
  ↪ Unchecked reflection + type resolution
                    ↓
  ↪ Insecure object creation
                    ↓
 ⚠  Possible invocation of gadget methods
                    ↓
RCE / arbitrary code execution
Why This is CWE-20
CWE-20 (Improper Input Validation) is defined as:
"The product does not validate or incorrectly validates input that can affect the control flow or data flow of a program."

In this case:

The product accepts JSON input that ultimately controls how Java objects are created.

There is no validation of the target component class, allowing unsafe or malicious input to control control/data flow.

The method lacks any security check, allowlist, or safeguard prior to parsing attacker-controlled JSON arrays into Java arrays.

Human Patch (Intended Fix)
While the patched code looks identical in this snippet, the actual defense in Fastjson's real fix is implemented outside this class — typically via:

```java
ParserConfig.getGlobalInstance().setAutoTypeSupport(false);
ParserConfig.getGlobalInstance().addAccept("com.myapp.models.");
This enforces allowlisting of safe types and disables auto type resolution — both critical protections missing in the vulnerable context.
```

Recommendations
Mitigation (code-level)
Introduce allowlisting of componentClass before calling parseArray.

Reject any dynamic or reflective resolution that points to system or untrusted types.

System-wide Safeguard
In ParserConfig, enforce:

```java
ParserConfig.getGlobalInstance().setAutoTypeSupport(false);
or whitelist specific packages:
```
```java
ParserConfig.getGlobalInstance().addAccept("com.safe.package.");
```Conclusion
The vulnerable code in ObjectArrayCodec fails to validate the class used for deserializing array elements, enabling unsafe type casting and recursive deserialization through user-supplied input. This classic case of CWE-20 can lead to serious consequences, including deserialization attacks and RCE if proper type constraints and parsing protections are not applied.
```</Root Cause Analysis>
<Vulnerable Code>
```java
package com.alibaba.fastjson.serializer;

import java.io.IOException;
import java.lang.reflect.Array;
import java.lang.reflect.GenericArrayType;
import java.lang.reflect.ParameterizedType;
import java.lang.reflect.Type;
import java.lang.reflect.TypeVariable;

import com.alibaba.fastjson.JSONArray;
import com.alibaba.fastjson.parser.DefaultJSONParser;
import com.alibaba.fastjson.parser.JSONLexer;
import com.alibaba.fastjson.parser.JSONToken;
import com.alibaba.fastjson.parser.deserializer.ObjectDeserializer;
import com.alibaba.fastjson.util.TypeUtils;

public class ObjectArrayCodec implements ObjectSerializer, ObjectDeserializer {

    @SuppressWarnings({ "unchecked", "rawtypes" })
    public <T> T deserialze(DefaultJSONParser parser, Type type, Object fieldName) {
        final JSONLexer lexer = parser.lexer;
        if (lexer.token() == JSONToken.NULL) {
            lexer.nextToken(JSONToken.COMMA);
            return null;
        }

        if (lexer.token() == JSONToken.LITERAL_STRING) {
            byte[] bytes = lexer.bytesValue();
            lexer.nextToken(JSONToken.COMMA);
            return (T) bytes;
        }

        Class componentClass;
        Type componentType;

        if (type instanceof GenericArrayType) {
            GenericArrayType clazz = (GenericArrayType) type;
            componentType = clazz.getGenericComponentType();

            if (componentType instanceof TypeVariable) {
                TypeVariable typeVar = (TypeVariable) componentType;
                Type objType = parser.getContext().type;

                if (objType instanceof ParameterizedType) {
                    ParameterizedType objParamType = (ParameterizedType) objType;
                    Type objRawType = objParamType.getRawType();
                    Type actualType = null;

                    if (objRawType instanceof Class) {
                        TypeVariable[] objTypeParams = ((Class) objRawType).getTypeParameters();
                        for (int i = 0; i < objTypeParams.length; ++i) {
                            if (objTypeParams[i].getName().equals(typeVar.getName())) {
                                actualType = objParamType.getActualTypeArguments()[i];
                            }
                        }
                    }

                    if (actualType instanceof Class) {
                        componentClass = (Class) actualType;
                    } else {
                        componentClass = Object.class;
                    }
                } else {
                    componentClass = TypeUtils.getClass(typeVar.getBounds()[0]);
                }
            } else {
                componentClass = TypeUtils.getClass(componentType);
            }
        } else {
            Class clazz = (Class) type;
            componentType = componentClass = clazz.getComponentType();
        }

        JSONArray array = new JSONArray();
        parser.parseArray(componentClass, array, fieldName);

        return (T) toObjectArray(parser, componentClass, array);
    }
}

```
</Vulnerable Code>
<Generated Code>
```java
package com.alibaba.fastjson.serializer;

import java.io.IOException;
import java.lang.reflect.Array;
import java.lang.reflect.GenericArrayType;
import java.lang.reflect.ParameterizedType;
import java.lang.reflect.Type;
import java.lang.reflect.TypeVariable;

import com.alibaba.fastjson.JSONArray;
import com.alibaba.fastjson.parser.DefaultJSONParser;
import com.alibaba.fastjson.parser.JSONLexer;
import com.alibaba.fastjson.parser.JSONToken;
import com.alibaba.fastjson.parser.deserializer.ObjectDeserializer;
import com.alibaba.fastjson.util.TypeUtils;

public class ObjectArrayCodec implements ObjectSerializer, ObjectDeserializer {

    private static Set<Class<?>> allowedTypes; //Should be set via some configuration outside the class

    public static void setAllowedTypes(Set<Class<?>> allowedTypes) {
        ObjectArrayCodec.allowedTypes = allowedTypes;
    }

    @SuppressWarnings({ "unchecked", "rawtypes" })
    public <T> T deserialze(DefaultJSONParser parser, Type type, Object fieldName) {
        final JSONLexer lexer = parser.lexer;

        if (lexer.token() == JSONToken.NULL) {
            lexer.nextToken(JSONToken.COMMA);
            return null;
        }

        if (lexer.token() == JSONToken.LITERAL_STRING) {
            byte[] bytes = lexer.bytesValue();
            lexer.nextToken(JSONToken.COMMA);
            return (T) bytes;
        }

        Class componentClass;
        Type componentType;

        if (type instanceof GenericArrayType) {
            GenericArrayType clazz = (GenericArrayType) type;
            componentType = clazz.getGenericComponentType();

            if (componentType instanceof TypeVariable) {
                TypeVariable typeVar = (TypeVariable) componentType;
                Type objType = parser.getContext().type;

                if (objType instanceof ParameterizedType) {
                    ParameterizedType objParamType = (ParameterizedType) objType;
                    Type objRawType = objParamType.getRawType();
                    Type actualType = null;

                    if (objRawType instanceof Class) {
                        TypeVariable[] objTypeParams = ((Class) objRawType).getTypeParameters();
                        for (int i = 0; i < objTypeParams.length; ++i) {
                            if (objTypeParams[i].getName().equals(typeVar.getName())) {
                                actualType = objParamType.getActualTypeArguments()[i];
                            }
                        }
                    }

                    if (actualType instanceof Class) {
                        componentClass = (Class) actualType;

                        // Check if componentClass is allowed
                        if (!allowedTypes.contains(componentClass))
                            throw new IllegalArgumentException("Component class " + componentClass + " not allowed for deserialization");

                    } else {
                        componentClass = Object.class;
                    }
                } else {
                    componentClass = TypeUtils.getClass(typeVar.getBounds()[0]);
                }
            } else {
                componentClass = TypeUtils.getClass(componentType);
            }
        } else {
            Class clazz = (Class) type;
            componentType = componentClass = clazz.getComponentType();

            // Check if componentClass is allowed
            if (!allowedTypes.contains(componentClass))
                throw new IllegalArgumentException("Component class " + componentClass + " not allowed for deserialization");
        }

        JSONArray array = new JSONArray();
        parser.parseArray(componentClass, array, fieldName);

        return (T) toObjectArray(parser, componentClass, array);
    }
}
```
</Generated Code>
<Evaluation>


2025-07-17 15:05:38,639 - --- RESPONSE ---
{"score": 8.0, "rationale": "The patch correctly addresses the vulnerability by adding input validation of componentClass before deserialization (Vulnerability Fix: 100%). The new code appears syntactically correct and preserves the original functionality (Correctness: 100%), and the changes are minimal (Minimality of Changes: 100%). However, the quality of the code could have been better as the introduction of the allowedTypes set without providing an initial value or a mechanism to populate it results in a null pointer exception if it's accessed before being set (Code Quality: 60%)."}

