2025-07-17 20:01:40,444 - --- REQUEST ---
<Instruction>
You are an expert software engineer specializing in security.
please generate the code semantics of the following code.
you should generate the code semantics in the following format:

title: code title
concept: code concept
core_flaw: code core flaw
analogy: code analogy
quote: code quote

You must output the code semantics in the following format:
```json
{
    "vulnerable_code_abstraction": {
        "title": "Abstract Representation of Vulnerable Code: Unconditional Type Trustor",
        "concept": "This code assumes that type information passed from an external source is trustworthy and delegates to the internal parser logic based on this assumption. Despite the possibility that 'componentClass' and 'componentType' can differ, it uses them interchangeably in certain sections, performing instantiation without validation.",
        "core_flaw": "The core flaw is that critical information determining the system's behavior (the type) is introduced from external input but is used without any structural validation or reliability checks. Specifically, if the type information used in the type inference process and the parsing delegation process mismatches, malicious objects can be created through a vulnerable path.",
        "analogy": "This is like passing a blueprint received from an external source to the production line without review. Even though problems in the blueprint could lead to the creation of dangerous machinery or parts, a structure that passes it on based solely on its appearance is highly vulnerable from a security perspective.",
        "quote": "Under the assumption that 'all input can be potentially hostile,' the reliability of input data must be verified before it is used for system control decisions. (Source: Secure Coding Principles)"
    }
}
```
</Instruction>

<Code>
```java
/*
 * Copyright 1999-2101 Alibaba Group.
 *
 * Licensed under the Apache License, Version 2.0 (the "License");
 * you may not use this file except in compliance with the License.
 * You may obtain a copy of the License at
 *
 *      http://www.apache.org/licenses/LICENSE-2.0
 *
 * Unless required by applicable law or agreed to in writing, software
 * distributed under the License is distributed on an "AS IS" BASIS,
 * WITHOUT WARRANTIES OR CONDITIONS OF ANY KIND, either express or implied.
 * See the License for the specific language governing permissions and
 * limitations under the License.
 */
package com.alibaba.fastjson.serializer;

import java.io.IOException;
import java.lang.reflect.Array;
import java.lang.reflect.GenericArrayType;
import java.lang.reflect.ParameterizedType;
import java.lang.reflect.Type;
import java.lang.reflect.TypeVariable;

import com.alibaba.fastjson.JSONArray;
import com.alibaba.fastjson.parser.DefaultJSONParser;
import com.alibaba.fastjson.parser.JSONLexer;
import com.alibaba.fastjson.parser.JSONToken;
import com.alibaba.fastjson.parser.deserializer.ObjectDeserializer;
import com.alibaba.fastjson.util.TypeUtils;

/**
 * @author wenshao[szujobs@hotmail.com]
 */
public class ObjectArrayCodec implements ObjectSerializer, ObjectDeserializer {

    public static final ObjectArrayCodec instance = new ObjectArrayCodec();

    public ObjectArrayCodec(){
    }

    public final void write(JSONSerializer serializer, Object object, Object fieldName, Type fieldType, int features)
                                                                                                       throws IOException {
        SerializeWriter out = serializer.out;

        Object[] array = (Object[]) object;

        if (object == null) {
            out.writeNull(SerializerFeature.WriteNullListAsEmpty);
            return;
        }

        int size = array.length;

        int end = size - 1;

        if (end == -1) {
            out.append("[]");
            return;
        }

        SerialContext context = serializer.context;
        serializer.setContext(context, object, fieldName, 0);

        try {
            Class<?> preClazz = null;
            ObjectSerializer preWriter = null;
            out.append('[');

            if (out.isEnabled(SerializerFeature.PrettyFormat)) {
                serializer.incrementIndent();
                serializer.println();
                for (int i = 0; i < size; ++i) {
                    if (i != 0) {
                        out.write(',');
                        serializer.println();
                    }
                    serializer.write(array[i]);
                }
                serializer.decrementIdent();
                serializer.println();
                out.write(']');
                return;
            }

            for (int i = 0; i < end; ++i) {
                Object item = array[i];

                if (item == null) {
                    out.append("null,");
                } else {
                    if (serializer.containsReference(item)) {
                        serializer.writeReference(item);
                    } else {
                        Class<?> clazz = item.getClass();

                        if (clazz == preClazz) {
                            preWriter.write(serializer, item, null, null, 0);
                        } else {
                            preClazz = clazz;
                            preWriter = serializer.getObjectWriter(clazz);

                            preWriter.write(serializer, item, null, null, 0);
                        }
                    }
                    out.append(',');
                }
            }

            Object item = array[end];

            if (item == null) {
                out.append("null]");
            } else {
                if (serializer.containsReference(item)) {
                    serializer.writeReference(item);
                } else {
                    serializer.writeWithFieldName(item, end);
                }
                out.append(']');
            }
        } finally {
            serializer.context = context;
        }
    }
    
    @SuppressWarnings({ "unchecked", "rawtypes" })
    public <T> T deserialze(DefaultJSONParser parser, Type type, Object fieldName) {
        final JSONLexer lexer = parser.lexer;
        if (lexer.token() == JSONToken.NULL) {
            lexer.nextToken(JSONToken.COMMA);
            return null;
        }

        if (lexer.token() == JSONToken.LITERAL_STRING) {
            byte[] bytes = lexer.bytesValue();
            lexer.nextToken(JSONToken.COMMA);
            return (T) bytes;
        }

        Class componentClass;
        Type componentType;
        if (type instanceof GenericArrayType) {
            GenericArrayType clazz = (GenericArrayType) type;
            componentType = clazz.getGenericComponentType();
            if (componentType instanceof TypeVariable) {
                TypeVariable typeVar = (TypeVariable) componentType;
                Type objType = parser.getContext().type;
                if (objType instanceof ParameterizedType) {
                    ParameterizedType objParamType = (ParameterizedType) objType;
                    Type objRawType = objParamType.getRawType();
                    Type actualType = null;
                    if (objRawType instanceof Class) {
                        TypeVariable[] objTypeParams = ((Class) objRawType).getTypeParameters();
                        for (int i = 0; i < objTypeParams.length; ++i) {
                            if (objTypeParams[i].getName().equals(typeVar.getName())) {
                                actualType = objParamType.getActualTypeArguments()[i];
                            }
                        }
                    }
                    if (actualType instanceof Class) {
                        componentClass = (Class) actualType;
                    } else {
                        componentClass = Object.class;
                    }
                } else {
                    componentClass = TypeUtils.getClass(typeVar.getBounds()[0]);
                }
            } else {
                componentClass = TypeUtils.getClass(componentType);
            }
        } else {
            Class clazz = (Class) type;
            componentType = componentClass = clazz.getComponentType();
        }
        JSONArray array = new JSONArray();
        parser.parseArray(componentClass, array, fieldName);

        return (T) toObjectArray(parser, componentClass, array);
    }

    @SuppressWarnings("unchecked")
    private <T> T toObjectArray(DefaultJSONParser parser, Class<?> componentType, JSONArray array) {
        if (array == null) {
            return null;
        }

        int size = array.size();

        Object objArray = Array.newInstance(componentType, size);
        for (int i = 0; i < size; ++i) {
            Object value = array.get(i);

            if (value == array) {
                Array.set(objArray, i, objArray);
                continue;
            }

            if (componentType.isArray()) {
                Object element;
                if (componentType.isInstance(value)) {
                    element = value;
                } else {
                    element = toObjectArray(parser, componentType, (JSONArray) value);
                }

                Array.set(objArray, i, element);
            } else {
                Object element = null;
                if (value instanceof JSONArray) {
                    boolean contains = false;
                    JSONArray valueArray = (JSONArray) value;
                    int valueArraySize = valueArray.size();
                    for (int y = 0; y < valueArraySize; ++y) {
                        Object valueItem = valueArray.get(y);
                        if (valueItem == array) {
                            valueArray.set(i, objArray);
                            contains = true;
                        }
                    }
                    if (contains) {
                        element = valueArray.toArray();
                    }
                }

                if (element == null) {
                    element = TypeUtils.cast(value, componentType, parser.getConfig());
                }
                Array.set(objArray, i, element);

            }
        }

        array.setRelatedArray(objArray);
        array.setComponentType(componentType);
        return (T) objArray; // TODO
    }

    public int getFastMatchToken() {
        return JSONToken.LBRACKET;
    }
}

```
</Code>
<Analysis>


2025-07-17 20:01:48,795 - --- RESPONSE ---
```json
{
  "vulnerable_code_abstraction": {
    "title": "Unsafe Type Conversion during Deserialization of Arrays",
    "concept": "This code deserializes JSON arrays into Java arrays. It attempts to handle generic types and nested arrays. However, it uses `TypeUtils.cast` without sufficiently validating that the JSON array elements are compatible with the declared component type of the array.  It infers the component type from the `Type` parameter, but this type information might not accurately reflect the actual types of elements within the JSON array, especially when dealing with nested structures or generic type parameters.",
    "core_flaw": "The core flaw lies in the blind trust of the inferred component type.  The code assumes the JSON data conforms to the expected type, leading to a potential type confusion vulnerability. An attacker could provide a JSON array with elements of a different type than expected, causing `TypeUtils.cast` to perform an unsafe cast. This can lead to unexpected behavior, crashes, or potentially even arbitrary code execution if the type confusion is exploited in a downstream component.",
    "analogy": "Imagine a factory expecting a shipment of metal parts based on a provided blueprint (the `Type` parameter). However, the factory performs no quality check on the incoming shipment. An attacker could replace some metal parts with plastic imitations. The factory's machinery, expecting metal, might malfunction or break when processing the plastic parts. The blueprint itself is correct, but the delivered content doesn't match.",
    "quote": "“Never trust user input,” is a cardinal rule of secure coding. Input must always be validated before use. (Source: OWASP)"
  }
}
```


2025-07-17 20:01:48,797 - --- REQUEST ---
<Instruction>
You are an expert security analyst. Analyze the provided vulnerable code to identify the root cause of the vulnerability.
Focus on the specific code patterns, logic flaws, or missing checks that lead to the security issue.
Your analysis should be concise and structured as a JSON object.

You must output the analysis in the following format:
```json
{
  "vulnerability_analysis": {
    "vulnerability_id": "CWE-XX",
    "title": "A brief, descriptive title of the vulnerability.",
    "root_cause_summary": "A detailed explanation of the core technical reason for the vulnerability. Explain *why* the code is insecure.",
    "attack_scenario": "Describe a potential attack scenario that could exploit this vulnerability.",
    "recommendation": "Provide a high-level recommendation for fixing the vulnerability."
  }
}
```
</Instruction>
<Vulnerable Code>
```java
/*
 * Copyright 1999-2101 Alibaba Group.
 *
 * Licensed under the Apache License, Version 2.0 (the "License");
 * you may not use this file except in compliance with the License.
 * You may obtain a copy of the License at
 *
 *      http://www.apache.org/licenses/LICENSE-2.0
 *
 * Unless required by applicable law or agreed to in writing, software
 * distributed under the License is distributed on an "AS IS" BASIS,
 * WITHOUT WARRANTIES OR CONDITIONS OF ANY KIND, either express or implied.
 * See the License for the specific language governing permissions and
 * limitations under the License.
 */
package com.alibaba.fastjson.serializer;

import java.io.IOException;
import java.lang.reflect.Array;
import java.lang.reflect.GenericArrayType;
import java.lang.reflect.ParameterizedType;
import java.lang.reflect.Type;
import java.lang.reflect.TypeVariable;

import com.alibaba.fastjson.JSONArray;
import com.alibaba.fastjson.parser.DefaultJSONParser;
import com.alibaba.fastjson.parser.JSONLexer;
import com.alibaba.fastjson.parser.JSONToken;
import com.alibaba.fastjson.parser.deserializer.ObjectDeserializer;
import com.alibaba.fastjson.util.TypeUtils;

/**
 * @author wenshao[szujobs@hotmail.com]
 */
public class ObjectArrayCodec implements ObjectSerializer, ObjectDeserializer {

    public static final ObjectArrayCodec instance = new ObjectArrayCodec();

    public ObjectArrayCodec(){
    }

    public final void write(JSONSerializer serializer, Object object, Object fieldName, Type fieldType, int features)
                                                                                                       throws IOException {
        SerializeWriter out = serializer.out;

        Object[] array = (Object[]) object;

        if (object == null) {
            out.writeNull(SerializerFeature.WriteNullListAsEmpty);
            return;
        }

        int size = array.length;

        int end = size - 1;

        if (end == -1) {
            out.append("[]");
            return;
        }

        SerialContext context = serializer.context;
        serializer.setContext(context, object, fieldName, 0);

        try {
            Class<?> preClazz = null;
            ObjectSerializer preWriter = null;
            out.append('[');

            if (out.isEnabled(SerializerFeature.PrettyFormat)) {
                serializer.incrementIndent();
                serializer.println();
                for (int i = 0; i < size; ++i) {
                    if (i != 0) {
                        out.write(',');
                        serializer.println();
                    }
                    serializer.write(array[i]);
                }
                serializer.decrementIdent();
                serializer.println();
                out.write(']');
                return;
            }

            for (int i = 0; i < end; ++i) {
                Object item = array[i];

                if (item == null) {
                    out.append("null,");
                } else {
                    if (serializer.containsReference(item)) {
                        serializer.writeReference(item);
                    } else {
                        Class<?> clazz = item.getClass();

                        if (clazz == preClazz) {
                            preWriter.write(serializer, item, null, null, 0);
                        } else {
                            preClazz = clazz;
                            preWriter = serializer.getObjectWriter(clazz);

                            preWriter.write(serializer, item, null, null, 0);
                        }
                    }
                    out.append(',');
                }
            }

            Object item = array[end];

            if (item == null) {
                out.append("null]");
            } else {
                if (serializer.containsReference(item)) {
                    serializer.writeReference(item);
                } else {
                    serializer.writeWithFieldName(item, end);
                }
                out.append(']');
            }
        } finally {
            serializer.context = context;
        }
    }
    
    @SuppressWarnings({ "unchecked", "rawtypes" })
    public <T> T deserialze(DefaultJSONParser parser, Type type, Object fieldName) {
        final JSONLexer lexer = parser.lexer;
        if (lexer.token() == JSONToken.NULL) {
            lexer.nextToken(JSONToken.COMMA);
            return null;
        }

        if (lexer.token() == JSONToken.LITERAL_STRING) {
            byte[] bytes = lexer.bytesValue();
            lexer.nextToken(JSONToken.COMMA);
            return (T) bytes;
        }

        Class componentClass;
        Type componentType;
        if (type instanceof GenericArrayType) {
            GenericArrayType clazz = (GenericArrayType) type;
            componentType = clazz.getGenericComponentType();
            if (componentType instanceof TypeVariable) {
                TypeVariable typeVar = (TypeVariable) componentType;
                Type objType = parser.getContext().type;
                if (objType instanceof ParameterizedType) {
                    ParameterizedType objParamType = (ParameterizedType) objType;
                    Type objRawType = objParamType.getRawType();
                    Type actualType = null;
                    if (objRawType instanceof Class) {
                        TypeVariable[] objTypeParams = ((Class) objRawType).getTypeParameters();
                        for (int i = 0; i < objTypeParams.length; ++i) {
                            if (objTypeParams[i].getName().equals(typeVar.getName())) {
                                actualType = objParamType.getActualTypeArguments()[i];
                            }
                        }
                    }
                    if (actualType instanceof Class) {
                        componentClass = (Class) actualType;
                    } else {
                        componentClass = Object.class;
                    }
                } else {
                    componentClass = TypeUtils.getClass(typeVar.getBounds()[0]);
                }
            } else {
                componentClass = TypeUtils.getClass(componentType);
            }
        } else {
            Class clazz = (Class) type;
            componentType = componentClass = clazz.getComponentType();
        }
        JSONArray array = new JSONArray();
        parser.parseArray(componentClass, array, fieldName);

        return (T) toObjectArray(parser, componentClass, array);
    }

    @SuppressWarnings("unchecked")
    private <T> T toObjectArray(DefaultJSONParser parser, Class<?> componentType, JSONArray array) {
        if (array == null) {
            return null;
        }

        int size = array.size();

        Object objArray = Array.newInstance(componentType, size);
        for (int i = 0; i < size; ++i) {
            Object value = array.get(i);

            if (value == array) {
                Array.set(objArray, i, objArray);
                continue;
            }

            if (componentType.isArray()) {
                Object element;
                if (componentType.isInstance(value)) {
                    element = value;
                } else {
                    element = toObjectArray(parser, componentType, (JSONArray) value);
                }

                Array.set(objArray, i, element);
            } else {
                Object element = null;
                if (value instanceof JSONArray) {
                    boolean contains = false;
                    JSONArray valueArray = (JSONArray) value;
                    int valueArraySize = valueArray.size();
                    for (int y = 0; y < valueArraySize; ++y) {
                        Object valueItem = valueArray.get(y);
                        if (valueItem == array) {
                            valueArray.set(i, objArray);
                            contains = true;
                        }
                    }
                    if (contains) {
                        element = valueArray.toArray();
                    }
                }

                if (element == null) {
                    element = TypeUtils.cast(value, componentType, parser.getConfig());
                }
                Array.set(objArray, i, element);

            }
        }

        array.setRelatedArray(objArray);
        array.setComponentType(componentType);
        return (T) objArray; // TODO
    }

    public int getFastMatchToken() {
        return JSONToken.LBRACKET;
    }
}

```
</Vulnerable Code>
<Analysis>


2025-07-17 20:01:56,219 - --- RESPONSE ---
```json
{
  "vulnerability_analysis": {
    "vulnerability_id": "CWE-835",
    "title": "Infinite Recursion during Deserialization of Nested Arrays",
    "root_cause_summary": "The `toObjectArray` method recursively calls itself when deserializing nested arrays.  If a nested JSONArray contains a circular reference back to the original array being deserialized, this leads to infinite recursion. The condition `value == array` attempts to detect this circularity, but it's insufficient when dealing with nested structures.  While it correctly handles direct self-references, it doesn't prevent recursion when a nested array references the outer array.  The code continues processing the nested array, eventually reaching the problematic reference again, leading to the infinite loop.",
    "attack_scenario": "An attacker can provide malicious JSON input containing a nested array structure with a circular reference. For instance, consider a JSON structure that represents a nested array where a sub-array refers back to the root array. During deserialization, the `toObjectArray` function would enter an infinite recursive loop, causing a stack overflow error and denial-of-service on the server.",
    "recommendation": "Replace the simple circular reference check (`value == array`) with a more robust mechanism that tracks all encountered arrays during the deserialization process.  This can be accomplished using a Set or similar data structure to store references to the arrays being processed. Before processing each array, check if it already exists in the Set. If so, stop processing and handle the circular reference appropriately (e.g., by throwing an exception or substituting a null value). This prevents infinite recursion even with complex nested structures."
  }
}
```

2025-07-17 20:01:56,221 - --- REQUEST ---
<Instruction>
    You are an expert software engineer specializing in security.
    Based on the provided root cause analysis and the vulnerable code, rewrite the entire code to fix the vulnerability.
    
Follow these patch design steps:
1. Ensuring Consistency by Eliminating Mismatch: Modify the logic to maintain consistency between the type used for delegation and the type used for validation and inference. This prevents the system from instantiating unexpected objects.
2. Explicit Use of Trusted Types: By directly using the externally derived type (componentType), we block the possibility of the type being manipulated or changed internally. The logic is simplified to follow a clearly defined type system.
3. Removing or Limiting Input-Based Type Inference: If possible, remove the type inference logic derived from external input altogether, or restrict it to only allow internally permitted types, thereby securing the deserialization process.
4. Strengthening the Type Inference Process Validation: Even for types derived from GenericArrayType or TypeVariable, design the system to verify if the final result is trustworthy, reducing the possibility of attacks based on type information.

    **VERY IMPORTANT RULES:**
    1.  You MUST output the COMPLETE, modified Java code for the file.
    2.  The code must be syntactically correct and compilable.
    3.  Do NOT output a `diff` or a patch. Output the entire file content.

    Output ONLY the code content within <PatchedCode> and </PatchedCode> tags.
    </Instruction>
    <Root Cause Analysis>Root Cause Analysis Report
Component: ObjectArrayCodec.java
Vulnerability ID: CWE-20 – Improper Input Validation
Context: Deserialization of JSON arrays to Java object arrays

Overview
This report analyzes the vulnerability present in the method:

```java
public <T> T deserialze(DefaultJSONParser parser, Type type, Object fieldName)
in the ObjectArrayCodec class of Fastjson. The core issue lies in the improper validation of types during deserialization, enabling potential unsafe type resolution and object creation based on attacker-controlled input.
```

Vulnerability Summary
Field	Description
CWE ID	CWE-20
Title	Improper Input Validation
Root Cause	Failure to restrict componentClass derivation and unchecked deserialization
Attack Vector	JSON input with unexpected or malicious structure
Impact	Potential gadget deserialization → RCE
Vulnerable Code	parser.parseArray(componentClass, array, fieldName);

Root Cause Details
Vulnerable Behavior
In the following vulnerable statement:

```java
parser.parseArray(componentClass, array, fieldName);
The componentClass is derived dynamically from user-supplied type information:
```

```java
componentClass = TypeUtils.getClass(componentType);
No input validation or type restrictions are applied before this class is used to instantiate array elements.

The parser proceeds to deserialize attacker-controlled data using this potentially unsafe class type.
```

Dangerous Consequences
If componentClass resolves to a sensitive or dangerous class (e.g., from JDK, 3rd-party libraries with side-effects), an attacker can inject a crafted JSON array that leads to:

Instantiation of unwanted classes.

Triggering of deserialization gadgets.

Remote Code Execution (RCE) if gadget chains exist.

Technical Flow of the Vulnerability
plaintext
┌────────────────────────────────────────────┐
│ JSON input with attacker-controlled types  │
└────────────────────────────────────────────┘
                    ↓
     parser.parseArray(componentClass, …)
                    ↓
  TypeUtils.cast(value, componentType, …)
                    ↓
  ↪ Unchecked reflection + type resolution
                    ↓
  ↪ Insecure object creation
                    ↓
 ⚠  Possible invocation of gadget methods
                    ↓
RCE / arbitrary code execution
Why This is CWE-20
CWE-20 (Improper Input Validation) is defined as:
"The product does not validate or incorrectly validates input that can affect the control flow or data flow of a program."

In this case:

The product accepts JSON input that ultimately controls how Java objects are created.

There is no validation of the target component class, allowing unsafe or malicious input to control control/data flow.

The method lacks any security check, allowlist, or safeguard prior to parsing attacker-controlled JSON arrays into Java arrays.

Human Patch (Intended Fix)
While the patched code looks identical in this snippet, the actual defense in Fastjson's real fix is implemented outside this class — typically via:

```java
ParserConfig.getGlobalInstance().setAutoTypeSupport(false);
ParserConfig.getGlobalInstance().addAccept("com.myapp.models.");
This enforces allowlisting of safe types and disables auto type resolution — both critical protections missing in the vulnerable context.
```

Recommendations
Mitigation (code-level)
Introduce allowlisting of componentClass before calling parseArray.

Reject any dynamic or reflective resolution that points to system or untrusted types.

System-wide Safeguard
In ParserConfig, enforce:

```java
ParserConfig.getGlobalInstance().setAutoTypeSupport(false);
or whitelist specific packages:
```
```java
ParserConfig.getGlobalInstance().addAccept("com.safe.package.");
```Conclusion
The vulnerable code in ObjectArrayCodec fails to validate the class used for deserializing array elements, enabling unsafe type casting and recursive deserialization through user-supplied input. This classic case of CWE-20 can lead to serious consequences, including deserialization attacks and RCE if proper type constraints and parsing protections are not applied.
```</Root Cause Analysis>
    <Vulnerable Code>
    ```java
    /*
 * Copyright 1999-2101 Alibaba Group.
 *
 * Licensed under the Apache License, Version 2.0 (the "License");
 * you may not use this file except in compliance with the License.
 * You may obtain a copy of the License at
 *
 *      http://www.apache.org/licenses/LICENSE-2.0
 *
 * Unless required by applicable law or agreed to in writing, software
 * distributed under the License is distributed on an "AS IS" BASIS,
 * WITHOUT WARRANTIES OR CONDITIONS OF ANY KIND, either express or implied.
 * See the License for the specific language governing permissions and
 * limitations under the License.
 */
package com.alibaba.fastjson.serializer;

import java.io.IOException;
import java.lang.reflect.Array;
import java.lang.reflect.GenericArrayType;
import java.lang.reflect.ParameterizedType;
import java.lang.reflect.Type;
import java.lang.reflect.TypeVariable;

import com.alibaba.fastjson.JSONArray;
import com.alibaba.fastjson.parser.DefaultJSONParser;
import com.alibaba.fastjson.parser.JSONLexer;
import com.alibaba.fastjson.parser.JSONToken;
import com.alibaba.fastjson.parser.deserializer.ObjectDeserializer;
import com.alibaba.fastjson.util.TypeUtils;

/**
 * @author wenshao[szujobs@hotmail.com]
 */
public class ObjectArrayCodec implements ObjectSerializer, ObjectDeserializer {

    public static final ObjectArrayCodec instance = new ObjectArrayCodec();

    public ObjectArrayCodec(){
    }

    public final void write(JSONSerializer serializer, Object object, Object fieldName, Type fieldType, int features)
                                                                                                       throws IOException {
        SerializeWriter out = serializer.out;

        Object[] array = (Object[]) object;

        if (object == null) {
            out.writeNull(SerializerFeature.WriteNullListAsEmpty);
            return;
        }

        int size = array.length;

        int end = size - 1;

        if (end == -1) {
            out.append("[]");
            return;
        }

        SerialContext context = serializer.context;
        serializer.setContext(context, object, fieldName, 0);

        try {
            Class<?> preClazz = null;
            ObjectSerializer preWriter = null;
            out.append('[');

            if (out.isEnabled(SerializerFeature.PrettyFormat)) {
                serializer.incrementIndent();
                serializer.println();
                for (int i = 0; i < size; ++i) {
                    if (i != 0) {
                        out.write(',');
                        serializer.println();
                    }
                    serializer.write(array[i]);
                }
                serializer.decrementIdent();
                serializer.println();
                out.write(']');
                return;
            }

            for (int i = 0; i < end; ++i) {
                Object item = array[i];

                if (item == null) {
                    out.append("null,");
                } else {
                    if (serializer.containsReference(item)) {
                        serializer.writeReference(item);
                    } else {
                        Class<?> clazz = item.getClass();

                        if (clazz == preClazz) {
                            preWriter.write(serializer, item, null, null, 0);
                        } else {
                            preClazz = clazz;
                            preWriter = serializer.getObjectWriter(clazz);

                            preWriter.write(serializer, item, null, null, 0);
                        }
                    }
                    out.append(',');
                }
            }

            Object item = array[end];

            if (item == null) {
                out.append("null]");
            } else {
                if (serializer.containsReference(item)) {
                    serializer.writeReference(item);
                } else {
                    serializer.writeWithFieldName(item, end);
                }
                out.append(']');
            }
        } finally {
            serializer.context = context;
        }
    }
    
    @SuppressWarnings({ "unchecked", "rawtypes" })
    public <T> T deserialze(DefaultJSONParser parser, Type type, Object fieldName) {
        final JSONLexer lexer = parser.lexer;
        if (lexer.token() == JSONToken.NULL) {
            lexer.nextToken(JSONToken.COMMA);
            return null;
        }

        if (lexer.token() == JSONToken.LITERAL_STRING) {
            byte[] bytes = lexer.bytesValue();
            lexer.nextToken(JSONToken.COMMA);
            return (T) bytes;
        }

        Class componentClass;
        Type componentType;
        if (type instanceof GenericArrayType) {
            GenericArrayType clazz = (GenericArrayType) type;
            componentType = clazz.getGenericComponentType();
            if (componentType instanceof TypeVariable) {
                TypeVariable typeVar = (TypeVariable) componentType;
                Type objType = parser.getContext().type;
                if (objType instanceof ParameterizedType) {
                    ParameterizedType objParamType = (ParameterizedType) objType;
                    Type objRawType = objParamType.getRawType();
                    Type actualType = null;
                    if (objRawType instanceof Class) {
                        TypeVariable[] objTypeParams = ((Class) objRawType).getTypeParameters();
                        for (int i = 0; i < objTypeParams.length; ++i) {
                            if (objTypeParams[i].getName().equals(typeVar.getName())) {
                                actualType = objParamType.getActualTypeArguments()[i];
                            }
                        }
                    }
                    if (actualType instanceof Class) {
                        componentClass = (Class) actualType;
                    } else {
                        componentClass = Object.class;
                    }
                } else {
                    componentClass = TypeUtils.getClass(typeVar.getBounds()[0]);
                }
            } else {
                componentClass = TypeUtils.getClass(componentType);
            }
        } else {
            Class clazz = (Class) type;
            componentType = componentClass = clazz.getComponentType();
        }
        JSONArray array = new JSONArray();
        parser.parseArray(componentClass, array, fieldName);

        return (T) toObjectArray(parser, componentClass, array);
    }

    @SuppressWarnings("unchecked")
    private <T> T toObjectArray(DefaultJSONParser parser, Class<?> componentType, JSONArray array) {
        if (array == null) {
            return null;
        }

        int size = array.size();

        Object objArray = Array.newInstance(componentType, size);
        for (int i = 0; i < size; ++i) {
            Object value = array.get(i);

            if (value == array) {
                Array.set(objArray, i, objArray);
                continue;
            }

            if (componentType.isArray()) {
                Object element;
                if (componentType.isInstance(value)) {
                    element = value;
                } else {
                    element = toObjectArray(parser, componentType, (JSONArray) value);
                }

                Array.set(objArray, i, element);
            } else {
                Object element = null;
                if (value instanceof JSONArray) {
                    boolean contains = false;
                    JSONArray valueArray = (JSONArray) value;
                    int valueArraySize = valueArray.size();
                    for (int y = 0; y < valueArraySize; ++y) {
                        Object valueItem = valueArray.get(y);
                        if (valueItem == array) {
                            valueArray.set(i, objArray);
                            contains = true;
                        }
                    }
                    if (contains) {
                        element = valueArray.toArray();
                    }
                }

                if (element == null) {
                    element = TypeUtils.cast(value, componentType, parser.getConfig());
                }
                Array.set(objArray, i, element);

            }
        }

        array.setRelatedArray(objArray);
        array.setComponentType(componentType);
        return (T) objArray; // TODO
    }

    public int getFastMatchToken() {
        return JSONToken.LBRACKET;
    }
}

    ```
    </Vulnerable Code>
    <PatchedCode>
    

2025-07-17 20:02:11,836 - --- RESPONSE ---
```java
/*
 * Copyright 1999-2101 Alibaba Group.
 *
 * Licensed under the Apache License, Version 2.0 (the "License");
 * you may not use this file except in compliance with the License.
 * You may obtain a copy of the License at
 *
 *      http://www.apache.org/licenses/LICENSE-2.0
 *
 * Unless required by applicable law or agreed to in writing, software
 * distributed under the License is distributed on an "AS IS" BASIS,
 * WITHOUT WARRANTIES OR CONDITIONS OF ANY KIND, either express or implied.
 * See the License for the specific language governing permissions and
 * limitations under the License.
 */
package com.alibaba.fastjson.serializer;

import java.io.IOException;
import java.lang.reflect.Array;
import java.lang.reflect.Type;
import java.util.Collection;

import com.alibaba.fastjson.JSONArray;
import com.alibaba.fastjson.parser.DefaultJSONParser;
import com.alibaba.fastjson.parser.JSONLexer;
import com.alibaba.fastjson.parser.JSONToken;
import com.alibaba.fastjson.parser.ParseContext;
import com.alibaba.fastjson.parser.deserializer.ObjectDeserializer;
import com.alibaba.fastjson.util.TypeUtils;

/**
 * @author wenshao[szujobs@hotmail.com]
 */
public class ObjectArrayCodec implements ObjectSerializer, ObjectDeserializer {

    public static final ObjectArrayCodec instance = new ObjectArrayCodec();

    public ObjectArrayCodec(){
    }

    public final void write(JSONSerializer serializer, Object object, Object fieldName, Type fieldType, int features)
                                                                                                       throws IOException {
        SerializeWriter out = serializer.out;

        Object[] array = (Object[]) object;

        if (object == null) {
            out.writeNull(SerializerFeature.WriteNullListAsEmpty);
            return;
        }

        int size = array.length;

        int end = size - 1;

        if (end == -1) {
            out.append("[]");
            return;
        }

        SerialContext context = serializer.context;
        serializer.setContext(context, object, fieldName, 0);

        try {
            Class<?> preClazz = null;
            ObjectSerializer preWriter = null;
            out.append('[');

            if (out.isEnabled(SerializerFeature.PrettyFormat)) {
                serializer.incrementIndent();
                serializer.println();
                for (int i = 0; i < size; ++i) {
                    if (i != 0) {
                        out.write(',');
                        serializer.println();
                    }
                    serializer.write(array[i]);
                }
                serializer.decrementIdent();
                serializer.println();
                out.write(']');
                return;
            }

            for (int i = 0; i < end; ++i) {
                Object item = array[i];

                if (item == null) {
                    out.append("null,");
                } else {
                    if (serializer.containsReference(item)) {
                        serializer.writeReference(item);
                    } else {
                        Class<?> clazz = item.getClass();

                        if (clazz == preClazz) {
                            preWriter.write(serializer, item, null, null, 0);
                        } else {
                            preClazz = clazz;
                            preWriter = serializer.getObjectWriter(clazz);

                            preWriter.write(serializer, item, null, null, 0);
                        }
                    }
                    out.append(',');
                }
            }

            Object item = array[end];

            if (item == null) {
                out.append("null]");
            } else {
                if (serializer.containsReference(item)) {
                    serializer.writeReference(item);
                } else {
                    serializer.writeWithFieldName(item, end);
                }
                out.append(']');
            }
        } finally {
            serializer.context = context;
        }
    }

    @SuppressWarnings({ "unchecked", "rawtypes" })
    public <T> T deserialze(DefaultJSONParser parser, Type type, Object fieldName) {
        final JSONLexer lexer = parser.lexer;
        if (lexer.token() == JSONToken.NULL) {
            lexer.nextToken(JSONToken.COMMA);
            return null;
        }

        if (lexer.token() == JSONToken.LITERAL_STRING) {
            byte[] bytes = lexer.bytesValue();
            lexer.nextToken(JSONToken.COMMA);
            return (T) bytes;
        }

        Class<?> componentType = null;
        if (type instanceof Class) {
            componentType = ((Class<?>) type).getComponentType();
        }
        
        if (componentType == null) {
            componentType = Object.class;
        }

        JSONArray array = new JSONArray();
        ParseContext rootContext = parser.getContext();
        parser.setContext(rootContext, fieldName);
        parser.parseArray(componentType, array, fieldName);
        parser.setContext(rootContext);


        return (T) toObjectArray(parser, componentType, array);
    }

    @SuppressWarnings("unchecked")
    private <T> T toObjectArray(DefaultJSONParser parser, Class<?> componentType, JSONArray array) {
        if (array == null) {
            return null;
        }

        int size = array.size();

        Object objArray = Array.newInstance(componentType, size);
        for (int i = 0; i < size; ++i) {
            Object value = array.get(i);
            if (componentType.isArray() && value instanceof Collection) {
                value = ((Collection)value).toArray();
            }
            Array.set(objArray, i, TypeUtils.cast(value, componentType, parser.getConfig()));
        }

        array.setRelatedArray(objArray);
        array.setComponentType(componentType);
        return (T) objArray;
    }

    public int getFastMatchToken() {
        return JSONToken.LBRACKET;
    }
}

```</PatchedCode>

2025-07-17 20:02:12,525 - --- REQUEST ---
<Instruction>
You are an expert software engineer and security auditor.
Your task is to evaluate if the provided patched code adheres to the given patch design steps.
Provide a JSON object indicating whether the code adheres and a rationale.

Output MUST be a JSON object with two keys: "adheres" (boolean) and "rationale" (string, explaining why it adheres or not).
Example:
{
    "adheres": true,
    "rationale": "The patch correctly implements input validation as per step 1 and uses parameterized queries as per step 2."
}
OR
{
    "adheres": false,
    "rationale": "The patch failed to implement proper input sanitization as required by step 1."
}
</Instruction>
<Vulnerable Code>
```java
/*
 * Copyright 1999-2101 Alibaba Group.
 *
 * Licensed under the Apache License, Version 2.0 (the "License");
 * you may not use this file except in compliance with the License.
 * You may obtain a copy of the License at
 *
 *      http://www.apache.org/licenses/LICENSE-2.0
 *
 * Unless required by applicable law or agreed to in writing, software
 * distributed under the License is distributed on an "AS IS" BASIS,
 * WITHOUT WARRANTIES OR CONDITIONS OF ANY KIND, either express or implied.
 * See the License for the specific language governing permissions and
 * limitations under the License.
 */
package com.alibaba.fastjson.serializer;

import java.io.IOException;
import java.lang.reflect.Array;
import java.lang.reflect.GenericArrayType;
import java.lang.reflect.ParameterizedType;
import java.lang.reflect.Type;
import java.lang.reflect.TypeVariable;

import com.alibaba.fastjson.JSONArray;
import com.alibaba.fastjson.parser.DefaultJSONParser;
import com.alibaba.fastjson.parser.JSONLexer;
import com.alibaba.fastjson.parser.JSONToken;
import com.alibaba.fastjson.parser.deserializer.ObjectDeserializer;
import com.alibaba.fastjson.util.TypeUtils;

/**
 * @author wenshao[szujobs@hotmail.com]
 */
public class ObjectArrayCodec implements ObjectSerializer, ObjectDeserializer {

    public static final ObjectArrayCodec instance = new ObjectArrayCodec();

    public ObjectArrayCodec(){
    }

    public final void write(JSONSerializer serializer, Object object, Object fieldName, Type fieldType, int features)
                                                                                                       throws IOException {
        SerializeWriter out = serializer.out;

        Object[] array = (Object[]) object;

        if (object == null) {
            out.writeNull(SerializerFeature.WriteNullListAsEmpty);
            return;
        }

        int size = array.length;

        int end = size - 1;

        if (end == -1) {
            out.append("[]");
            return;
        }

        SerialContext context = serializer.context;
        serializer.setContext(context, object, fieldName, 0);

        try {
            Class<?> preClazz = null;
            ObjectSerializer preWriter = null;
            out.append('[');

            if (out.isEnabled(SerializerFeature.PrettyFormat)) {
                serializer.incrementIndent();
                serializer.println();
                for (int i = 0; i < size; ++i) {
                    if (i != 0) {
                        out.write(',');
                        serializer.println();
                    }
                    serializer.write(array[i]);
                }
                serializer.decrementIdent();
                serializer.println();
                out.write(']');
                return;
            }

            for (int i = 0; i < end; ++i) {
                Object item = array[i];

                if (item == null) {
                    out.append("null,");
                } else {
                    if (serializer.containsReference(item)) {
                        serializer.writeReference(item);
                    } else {
                        Class<?> clazz = item.getClass();

                        if (clazz == preClazz) {
                            preWriter.write(serializer, item, null, null, 0);
                        } else {
                            preClazz = clazz;
                            preWriter = serializer.getObjectWriter(clazz);

                            preWriter.write(serializer, item, null, null, 0);
                        }
                    }
                    out.append(',');
                }
            }

            Object item = array[end];

            if (item == null) {
                out.append("null]");
            } else {
                if (serializer.containsReference(item)) {
                    serializer.writeReference(item);
                } else {
                    serializer.writeWithFieldName(item, end);
                }
                out.append(']');
            }
        } finally {
            serializer.context = context;
        }
    }
    
    @SuppressWarnings({ "unchecked", "rawtypes" })
    public <T> T deserialze(DefaultJSONParser parser, Type type, Object fieldName) {
        final JSONLexer lexer = parser.lexer;
        if (lexer.token() == JSONToken.NULL) {
            lexer.nextToken(JSONToken.COMMA);
            return null;
        }

        if (lexer.token() == JSONToken.LITERAL_STRING) {
            byte[] bytes = lexer.bytesValue();
            lexer.nextToken(JSONToken.COMMA);
            return (T) bytes;
        }

        Class componentClass;
        Type componentType;
        if (type instanceof GenericArrayType) {
            GenericArrayType clazz = (GenericArrayType) type;
            componentType = clazz.getGenericComponentType();
            if (componentType instanceof TypeVariable) {
                TypeVariable typeVar = (TypeVariable) componentType;
                Type objType = parser.getContext().type;
                if (objType instanceof ParameterizedType) {
                    ParameterizedType objParamType = (ParameterizedType) objType;
                    Type objRawType = objParamType.getRawType();
                    Type actualType = null;
                    if (objRawType instanceof Class) {
                        TypeVariable[] objTypeParams = ((Class) objRawType).getTypeParameters();
                        for (int i = 0; i < objTypeParams.length; ++i) {
                            if (objTypeParams[i].getName().equals(typeVar.getName())) {
                                actualType = objParamType.getActualTypeArguments()[i];
                            }
                        }
                    }
                    if (actualType instanceof Class) {
                        componentClass = (Class) actualType;
                    } else {
                        componentClass = Object.class;
                    }
                } else {
                    componentClass = TypeUtils.getClass(typeVar.getBounds()[0]);
                }
            } else {
                componentClass = TypeUtils.getClass(componentType);
            }
        } else {
            Class clazz = (Class) type;
            componentType = componentClass = clazz.getComponentType();
        }
        JSONArray array = new JSONArray();
        parser.parseArray(componentClass, array, fieldName);

        return (T) toObjectArray(parser, componentClass, array);
    }

    @SuppressWarnings("unchecked")
    private <T> T toObjectArray(DefaultJSONParser parser, Class<?> componentType, JSONArray array) {
        if (array == null) {
            return null;
        }

        int size = array.size();

        Object objArray = Array.newInstance(componentType, size);
        for (int i = 0; i < size; ++i) {
            Object value = array.get(i);

            if (value == array) {
                Array.set(objArray, i, objArray);
                continue;
            }

            if (componentType.isArray()) {
                Object element;
                if (componentType.isInstance(value)) {
                    element = value;
                } else {
                    element = toObjectArray(parser, componentType, (JSONArray) value);
                }

                Array.set(objArray, i, element);
            } else {
                Object element = null;
                if (value instanceof JSONArray) {
                    boolean contains = false;
                    JSONArray valueArray = (JSONArray) value;
                    int valueArraySize = valueArray.size();
                    for (int y = 0; y < valueArraySize; ++y) {
                        Object valueItem = valueArray.get(y);
                        if (valueItem == array) {
                            valueArray.set(i, objArray);
                            contains = true;
                        }
                    }
                    if (contains) {
                        element = valueArray.toArray();
                    }
                }

                if (element == null) {
                    element = TypeUtils.cast(value, componentType, parser.getConfig());
                }
                Array.set(objArray, i, element);

            }
        }

        array.setRelatedArray(objArray);
        array.setComponentType(componentType);
        return (T) objArray; // TODO
    }

    public int getFastMatchToken() {
        return JSONToken.LBRACKET;
    }
}

```
</Vulnerable Code>
<Patched Code>
```java
/*
 * Copyright 1999-2101 Alibaba Group.
 *
 * Licensed under the Apache License, Version 2.0 (the "License");
 * you may not use this file except in compliance with the License.
 * You may obtain a copy of the License at
 *
 *      http://www.apache.org/licenses/LICENSE-2.0
 *
 * Unless required by applicable law or agreed to in writing, software
 * distributed under the License is distributed on an "AS IS" BASIS,
 * WITHOUT WARRANTIES OR CONDITIONS OF ANY KIND, either express or implied.
 * See the License for the specific language governing permissions and
 * limitations under the License.
 */
package com.alibaba.fastjson.serializer;

import java.io.IOException;
import java.lang.reflect.Array;
import java.lang.reflect.Type;
import java.util.Collection;

import com.alibaba.fastjson.JSONArray;
import com.alibaba.fastjson.parser.DefaultJSONParser;
import com.alibaba.fastjson.parser.JSONLexer;
import com.alibaba.fastjson.parser.JSONToken;
import com.alibaba.fastjson.parser.ParseContext;
import com.alibaba.fastjson.parser.deserializer.ObjectDeserializer;
import com.alibaba.fastjson.util.TypeUtils;

/**
 * @author wenshao[szujobs@hotmail.com]
 */
public class ObjectArrayCodec implements ObjectSerializer, ObjectDeserializer {

    public static final ObjectArrayCodec instance = new ObjectArrayCodec();

    public ObjectArrayCodec(){
    }

    public final void write(JSONSerializer serializer, Object object, Object fieldName, Type fieldType, int features)
                                                                                                       throws IOException {
        SerializeWriter out = serializer.out;

        Object[] array = (Object[]) object;

        if (object == null) {
            out.writeNull(SerializerFeature.WriteNullListAsEmpty);
            return;
        }

        int size = array.length;

        int end = size - 1;

        if (end == -1) {
            out.append("[]");
            return;
        }

        SerialContext context = serializer.context;
        serializer.setContext(context, object, fieldName, 0);

        try {
            Class<?> preClazz = null;
            ObjectSerializer preWriter = null;
            out.append('[');

            if (out.isEnabled(SerializerFeature.PrettyFormat)) {
                serializer.incrementIndent();
                serializer.println();
                for (int i = 0; i < size; ++i) {
                    if (i != 0) {
                        out.write(',');
                        serializer.println();
                    }
                    serializer.write(array[i]);
                }
                serializer.decrementIdent();
                serializer.println();
                out.write(']');
                return;
            }

            for (int i = 0; i < end; ++i) {
                Object item = array[i];

                if (item == null) {
                    out.append("null,");
                } else {
                    if (serializer.containsReference(item)) {
                        serializer.writeReference(item);
                    } else {
                        Class<?> clazz = item.getClass();

                        if (clazz == preClazz) {
                            preWriter.write(serializer, item, null, null, 0);
                        } else {
                            preClazz = clazz;
                            preWriter = serializer.getObjectWriter(clazz);

                            preWriter.write(serializer, item, null, null, 0);
                        }
                    }
                    out.append(',');
                }
            }

            Object item = array[end];

            if (item == null) {
                out.append("null]");
            } else {
                if (serializer.containsReference(item)) {
                    serializer.writeReference(item);
                } else {
                    serializer.writeWithFieldName(item, end);
                }
                out.append(']');
            }
        } finally {
            serializer.context = context;
        }
    }

    @SuppressWarnings({ "unchecked", "rawtypes" })
    public <T> T deserialze(DefaultJSONParser parser, Type type, Object fieldName) {
        final JSONLexer lexer = parser.lexer;
        if (lexer.token() == JSONToken.NULL) {
            lexer.nextToken(JSONToken.COMMA);
            return null;
        }

        if (lexer.token() == JSONToken.LITERAL_STRING) {
            byte[] bytes = lexer.bytesValue();
            lexer.nextToken(JSONToken.COMMA);
            return (T) bytes;
        }

        Class<?> componentType = null;
        if (type instanceof Class) {
            componentType = ((Class<?>) type).getComponentType();
        }
        
        if (componentType == null) {
            componentType = Object.class;
        }

        JSONArray array = new JSONArray();
        ParseContext rootContext = parser.getContext();
        parser.setContext(rootContext, fieldName);
        parser.parseArray(componentType, array, fieldName);
        parser.setContext(rootContext);


        return (T) toObjectArray(parser, componentType, array);
    }

    @SuppressWarnings("unchecked")
    private <T> T toObjectArray(DefaultJSONParser parser, Class<?> componentType, JSONArray array) {
        if (array == null) {
            return null;
        }

        int size = array.size();

        Object objArray = Array.newInstance(componentType, size);
        for (int i = 0; i < size; ++i) {
            Object value = array.get(i);
            if (componentType.isArray() && value instanceof Collection) {
                value = ((Collection)value).toArray();
            }
            Array.set(objArray, i, TypeUtils.cast(value, componentType, parser.getConfig()));
        }

        array.setRelatedArray(objArray);
        array.setComponentType(componentType);
        return (T) objArray;
    }

    public int getFastMatchToken() {
        return JSONToken.LBRACKET;
    }
}
```
</Patched Code>
<Patch Design Steps>

Follow these patch design steps:
1. Ensuring Consistency by Eliminating Mismatch: Modify the logic to maintain consistency between the type used for delegation and the type used for validation and inference. This prevents the system from instantiating unexpected objects.
2. Explicit Use of Trusted Types: By directly using the externally derived type (componentType), we block the possibility of the type being manipulated or changed internally. The logic is simplified to follow a clearly defined type system.
3. Removing or Limiting Input-Based Type Inference: If possible, remove the type inference logic derived from external input altogether, or restrict it to only allow internally permitted types, thereby securing the deserialization process.
4. Strengthening the Type Inference Process Validation: Even for types derived from GenericArrayType or TypeVariable, design the system to verify if the final result is trustworthy, reducing the possibility of attacks based on type information.
</Patch Design Steps>
<Evaluation>


2025-07-17 20:02:16,679 - --- RESPONSE ---
```json
{
  "adheres": true,
  "rationale": "The patch adheres to the design steps. It simplifies the type handling logic in the `deserialize` method, removing the complex branching based on `GenericArrayType` and `TypeVariable`. Instead, it prioritizes using the component type from the input `Type` if available or defaults to `Object.class`. This addresses design step 1, 2, and 3 by ensuring type consistency and limiting input-based type inference.  The `toObjectArray` method now directly casts the values to the determined `componentType` using `TypeUtils.cast`, which adds a layer of validation acting as design step 4 by ensuring type correctness during array population. The addition of the check for `Collection` types when the `componentType` is an array further strengthens type safety."
}
```

