2025-07-18 01:17:24,325 - --- REQUEST ---
<Instruction>
You are an expert software engineer specializing in security.
please generate the code semantics of the following code.
you should generate the code semantics in the following format:

title: code title
purpose: A concise, one-sentence description of what the code does.
concept: code concept
core_flaw: code core flaw
analogy: code analogy
quote: code quote

You must output the code semantics in the following format:
```json
{
    "vulnerable_code_abstraction": {
        "title": "Abstract Representation of Vulnerable Code: Unconditional Type Trustor",
        "purpose": "This code deserializes a JSON array into a Java array of a specified type, attempting to handle generic types.",
        "concept": "This code assumes that type information passed from an external source is trustworthy and delegates to the internal parser logic based on this assumption. Despite the possibility that 'componentClass' and 'componentType' can differ, it uses them interchangeably in certain sections, performing instantiation without validation.",
        "core_flaw": "The core flaw is that critical information determining the system's behavior (the type) is introduced from external input but is used without any structural validation or reliability checks. Specifically, if the type information used in the type inference process and the parsing delegation process mismatches, malicious objects can be created through a vulnerable path.",
        "analogy": "This is like passing a blueprint received from an external source to the production line without review. Even though problems in the blueprint could lead to the creation of dangerous machinery or parts, a structure that passes it on based solely on its appearance is highly vulnerable from a security perspective.",
        "quote": "Under the assumption that 'all input can be potentially hostile,' the reliability of input data must be verified before it is used for system control decisions. (Source: Secure Coding Principles)"
    }
}
```
</Instruction>

<Code>
```java
    public <T> T deserialze(DefaultJSONParser parser, Type type, Object fieldName) {
        final JSONLexer lexer = parser.lexer;
        if (lexer.token() == JSONToken.NULL) {
            lexer.nextToken(JSONToken.COMMA);
            return null;
        }

        if (lexer.token() == JSONToken.LITERAL_STRING) {
            byte[] bytes = lexer.bytesValue();
            lexer.nextToken(JSONToken.COMMA);
            return (T) bytes;
        }

        Class componentClass;
        Type componentType;

        if (type instanceof GenericArrayType) {
            GenericArrayType clazz = (GenericArrayType) type;
            componentType = clazz.getGenericComponentType();

            if (componentType instanceof TypeVariable) {
                TypeVariable typeVar = (TypeVariable) componentType;
                Type objType = parser.getContext().type;

                if (objType instanceof ParameterizedType) {
                    ParameterizedType objParamType = (ParameterizedType) objType;
                    Type objRawType = objParamType.getRawType();
                    Type actualType = null;

                    if (objRawType instanceof Class) {
                        TypeVariable[] objTypeParams = ((Class) objRawType).getTypeParameters();
                        for (int i = 0; i < objTypeParams.length; ++i) {
                            if (objTypeParams[i].getName().equals(typeVar.getName())) {
                                actualType = objParamType.getActualTypeArguments()[i];
                            }
                        }
                    }

                    if (actualType instanceof Class) {
                        componentClass = (Class) actualType;
                    } else {
                        componentClass = Object.class;
                    }
                } else {
                    componentClass = TypeUtils.getClass(typeVar.getBounds()[0]);
                }
            } else {
                componentClass = TypeUtils.getClass(componentType);
            }
        } else {
            Class clazz = (Class) type;
            componentType = componentClass = clazz.getComponentType();
        }

        JSONArray array = new JSONArray();
        parser.parseArray(componentClass, array, fieldName);

        return (T) toObjectArray(parser, componentClass, array);
    }
```
</Code>
<Analysis>


2025-07-18 01:17:32,422 - --- RESPONSE ---
```json
{
  "vulnerable_code_abstraction": {
    "title": "Unvalidated Type Conversion during Deserialization",
    "purpose": "Deserializes a JSON array into a Java array, attempting to handle generic types, but contains a type confusion vulnerability.",
    "concept": "This code attempts to infer the component type of an array during JSON deserialization. It handles cases where the type is a `GenericArrayType`, attempting to resolve type variables.  However, it uses potentially mismatched type information (`componentClass` vs. `componentType`) during array parsing and object creation.",
    "core_flaw": "The code uses `componentClass` for parsing the JSON array and creating the Java array.  However, `componentClass` might be derived from different sources than `componentType`, which is actually used to represent the generic type. This mismatch can lead to type confusion, allowing an attacker to inject objects of an unexpected type into the resulting array, potentially bypassing security checks or causing runtime errors.",
    "analogy": "Imagine a factory receiving instructions (JSON) for building a car (Java array). The instructions specify parts (componentType), but the factory foreman (code) misinterprets them and uses different parts (componentClass) during assembly. This results in a car built with incorrect parts, potentially leading to malfunction or exploitation.",
    "quote": "“Verify that all data used to control program flow comes from trusted sources, is validated before use, and cannot be modified by an attacker.” - Robert C. Seacord, Secure Coding in C and C++"
  }
}
```


2025-07-18 01:17:32,424 - --- REQUEST ---
<Instruction>
    You are an expert software engineer specializing in security.
    Based on the provided code semantics analysis and the vulnerable code, rewrite the entire code to fix the vulnerability.
    If available, use the provided RAG (Retrieval-Augmented Generation) context which contains relevant security principles or similar solved cases.

    **VERY IMPORTANT RULES:**
    1.  You MUST output the COMPLETE, modified Java code for the file.
    2.  The code must be syntactically correct and compilable.
    3.  Do NOT output a `diff` or a patch. Output the entire file content.

    Output ONLY the code content within <PatchedCode> and </PatchedCode> tags.
    </Instruction>
    <Code Semantics Analysis>
    {
  "vulnerable_code_abstraction": {
    "title": "Unvalidated Type Conversion during Deserialization",
    "purpose": "Deserializes a JSON array into a Java array, attempting to handle generic types, but contains a type confusion vulnerability.",
    "concept": "This code attempts to infer the component type of an array during JSON deserialization. It handles cases where the type is a `GenericArrayType`, attempting to resolve type variables.  However, it uses potentially mismatched type information (`componentClass` vs. `componentType`) during array parsing and object creation.",
    "core_flaw": "The code uses `componentClass` for parsing the JSON array and creating the Java array.  However, `componentClass` might be derived from different sources than `componentType`, which is actually used to represent the generic type. This mismatch can lead to type confusion, allowing an attacker to inject objects of an unexpected type into the resulting array, potentially bypassing security checks or causing runtime errors.",
    "analogy": "Imagine a factory receiving instructions (JSON) for building a car (Java array). The instructions specify parts (componentType), but the factory foreman (code) misinterprets them and uses different parts (componentClass) during assembly. This results in a car built with incorrect parts, potentially leading to malfunction or exploitation.",
    "quote": "\u201cVerify that all data used to control program flow comes from trusted sources, is validated before use, and cannot be modified by an attacker.\u201d - Robert C. Seacord, Secure Coding in C and C++"
  }
}
    </Code Semantics Analysis>
    <Vulnerable Code>
    ```java
        public <T> T deserialze(DefaultJSONParser parser, Type type, Object fieldName) {
        final JSONLexer lexer = parser.lexer;
        if (lexer.token() == JSONToken.NULL) {
            lexer.nextToken(JSONToken.COMMA);
            return null;
        }

        if (lexer.token() == JSONToken.LITERAL_STRING) {
            byte[] bytes = lexer.bytesValue();
            lexer.nextToken(JSONToken.COMMA);
            return (T) bytes;
        }

        Class componentClass;
        Type componentType;

        if (type instanceof GenericArrayType) {
            GenericArrayType clazz = (GenericArrayType) type;
            componentType = clazz.getGenericComponentType();

            if (componentType instanceof TypeVariable) {
                TypeVariable typeVar = (TypeVariable) componentType;
                Type objType = parser.getContext().type;

                if (objType instanceof ParameterizedType) {
                    ParameterizedType objParamType = (ParameterizedType) objType;
                    Type objRawType = objParamType.getRawType();
                    Type actualType = null;

                    if (objRawType instanceof Class) {
                        TypeVariable[] objTypeParams = ((Class) objRawType).getTypeParameters();
                        for (int i = 0; i < objTypeParams.length; ++i) {
                            if (objTypeParams[i].getName().equals(typeVar.getName())) {
                                actualType = objParamType.getActualTypeArguments()[i];
                            }
                        }
                    }

                    if (actualType instanceof Class) {
                        componentClass = (Class) actualType;
                    } else {
                        componentClass = Object.class;
                    }
                } else {
                    componentClass = TypeUtils.getClass(typeVar.getBounds()[0]);
                }
            } else {
                componentClass = TypeUtils.getClass(componentType);
            }
        } else {
            Class clazz = (Class) type;
            componentType = componentClass = clazz.getComponentType();
        }

        JSONArray array = new JSONArray();
        parser.parseArray(componentClass, array, fieldName);

        return (T) toObjectArray(parser, componentClass, array);
    }
    ```
    </Vulnerable Code>
    <RAG Context>
    []
    </RAG Context>
    <PatchedCode>
    

2025-07-18 01:17:42,089 - --- RESPONSE ---
```java
import com.alibaba.fastjson.JSONArray;
import com.alibaba.fastjson.parser.DefaultJSONParser;
import com.alibaba.fastjson.parser.JSONLexer;
import com.alibaba.fastjson.parser.JSONToken;
import com.alibaba.fastjson.parser.deserializer.ObjectDeserializer;
import com.alibaba.fastjson.util.TypeUtils;

import java.lang.reflect.*;
import java.util.List;

public class SafeDeserializer implements ObjectDeserializer {

    @SuppressWarnings("unchecked")
    public <T> T deserialze(DefaultJSONParser parser, Type type, Object fieldName) {
        final JSONLexer lexer = parser.lexer;
        if (lexer.token() == JSONToken.NULL) {
            lexer.nextToken(JSONToken.COMMA);
            return null;
        }

        if (lexer.token() == JSONToken.LITERAL_STRING) {
            byte[] bytes = lexer.bytesValue();
            lexer.nextToken(JSONToken.COMMA);
            return (T) bytes;
        }

        Type componentType;
        Class<?> componentClass;

        if (type instanceof GenericArrayType) {
            GenericArrayType genericArrayType = (GenericArrayType) type;
            componentType = genericArrayType.getGenericComponentType();
            componentClass = TypeUtils.getClass(componentType);

        } else if (type instanceof Class<?>) {
            Class<?> clazz = (Class<?>) type;
            componentType = clazz.getComponentType();
            if (componentType == null) {  // Not an array type
                // Handle cases where the input is not an array type
                JSONArray array = new JSONArray();
                parser.parseArray(array);
                return (T) toObjectArray(parser, componentClass, array);
            }
           componentClass = (Class<?>) componentType;
        } else {
            // Handle other unexpected types as needed
            throw new UnsupportedOperationException("Unsupported type: " + type.getTypeName());

        }

       if (componentClass == null) {
           componentClass = Object.class; // Fallback if type resolution fails
       }

        List<Object> list = new JSONArray();
        parser.parseArray(componentClass, list, fieldName); // Parse with resolved componentClass


        return (T) toObjectArray(parser, componentClass, list);
    }


    private <T> T toObjectArray(DefaultJSONParser parser, Class<?> componentClass, List<Object> list) {
        if (componentClass.isPrimitive()) {
            componentClass = TypeUtils.wrapperClass(componentClass);
        }
        Object[] array = (Object[]) Array.newInstance(componentClass, list.size());
        for (int i = 0; i < list.size(); i++) {
            Object item = list.get(i);
            if (item != null && item.getClass() != componentClass && !componentClass.isAssignableFrom(item.getClass())) {
              array[i] = TypeUtils.cast(item, componentClass, parser.getConfig());
            } else {
                array[i] = item;
            }
        }
        return (T) array;

    }

}
```</PatchedCode>

