2025-07-18 01:40:20,731 - --- REQUEST ---
<Instruction>
You are an expert software engineer specializing in security.
please generate the code semantics of the following code.
you should generate the code semantics in the following format:

title: code title
purpose: A concise, one-sentence description of what the code does.
concept: code concept
core_flaw: code core flaw
analogy: code analogy
quote: code quote

You must output the code semantics in the following format:
```json
{
    "vulnerable_code_abstraction": {
        "title": "Abstract Representation of Vulnerable Code: Unconditional Type Trustor",
        "purpose": "This code deserializes a JSON array into a Java array of a specified type, attempting to handle generic types.",
        "concept": "This code assumes that type information passed from an external source is trustworthy and delegates to the internal parser logic based on this assumption. Despite the possibility that 'componentClass' and 'componentType' can differ, it uses them interchangeably in certain sections, performing instantiation without validation.",
        "core_flaw": "The core flaw is that critical information determining the system's behavior (the type) is introduced from external input but is used without any structural validation or reliability checks. Specifically, if the type information used in the type inference process and the parsing delegation process mismatches, malicious objects can be created through a vulnerable path.",
        "analogy": "This is like passing a blueprint received from an external source to the production line without review. Even though problems in the blueprint could lead to the creation of dangerous machinery or parts, a structure that passes it on based solely on its appearance is highly vulnerable from a security perspective.",
        "quote": "Under the assumption that 'all input can be potentially hostile,' the reliability of input data must be verified before it is used for system control decisions. (Source: Secure Coding Principles)"
    }
}
```
</Instruction>

<Code>
```java
    public <T> T deserialze(DefaultJSONParser parser, Type type, Object fieldName) {
        final JSONLexer lexer = parser.lexer;
        if (lexer.token() == JSONToken.NULL) {
            lexer.nextToken(JSONToken.COMMA);
            return null;
        }

        if (lexer.token() == JSONToken.LITERAL_STRING) {
            byte[] bytes = lexer.bytesValue();
            lexer.nextToken(JSONToken.COMMA);
            return (T) bytes;
        }

        Class componentClass;
        Type componentType;

        if (type instanceof GenericArrayType) {
            GenericArrayType clazz = (GenericArrayType) type;
            componentType = clazz.getGenericComponentType();

            if (componentType instanceof TypeVariable) {
                TypeVariable typeVar = (TypeVariable) componentType;
                Type objType = parser.getContext().type;

                if (objType instanceof ParameterizedType) {
                    ParameterizedType objParamType = (ParameterizedType) objType;
                    Type objRawType = objParamType.getRawType();
                    Type actualType = null;

                    if (objRawType instanceof Class) {
                        TypeVariable[] objTypeParams = ((Class) objRawType).getTypeParameters();
                        for (int i = 0; i < objTypeParams.length; ++i) {
                            if (objTypeParams[i].getName().equals(typeVar.getName())) {
                                actualType = objParamType.getActualTypeArguments()[i];
                            }
                        }
                    }

                    if (actualType instanceof Class) {
                        componentClass = (Class) actualType;
                    } else {
                        componentClass = Object.class;
                    }
                } else {
                    componentClass = TypeUtils.getClass(typeVar.getBounds()[0]);
                }
            } else {
                componentClass = TypeUtils.getClass(componentType);
            }
        } else {
            Class clazz = (Class) type;
            componentType = componentClass = clazz.getComponentType();
        }

        JSONArray array = new JSONArray();
        parser.parseArray(componentClass, array, fieldName);

        return (T) toObjectArray(parser, componentClass, array);
    }
```
</Code>
<Analysis>


2025-07-18 01:40:28,641 - --- RESPONSE ---
```json
{
  "vulnerable_code_abstraction": {
    "title": "Unvalidated Type Conversion during JSON Deserialization",
    "purpose": "Deserializes a JSON array into a Java array, attempting to handle generic types, but with potential type mismatches.",
    "concept": "The code infers the component type of the array from the provided 'type' parameter. However, it uses potentially differing type information derived from 'componentClass' and 'componentType' during array parsing and object creation, opening the door for type confusion attacks.",
    "core_flaw": "The core flaw lies in the inconsistent usage of `componentType` and `componentClass`.  While the code attempts to resolve generic types and determine the component type, it doesn't enforce type consistency between the declared type (`componentType`) and the actual type used for parsing and object creation (`componentClass`).  This mismatch can lead to the creation of objects of an unintended type if a malicious actor manipulates the JSON input to exploit this type inconsistency.",
    "analogy": "Imagine a factory that receives instructions (JSON input) to build a specific product (Java array). The factory manager (deserializer) interprets the instructions and determines the required parts (component type). However, due to a flaw in the manager's logic, the factory workers (parser) might use different parts than intended, resulting in a faulty product or, in a security context, a malicious object.",
    "quote": "“Be explicit about type conversions; avoid using implicit or unchecked type conversions.” (Effective Java, 3rd Edition by Joshua Bloch)"
  }
}
```


2025-07-18 01:40:28,642 - --- REQUEST ---
<Instruction>
You are an expert security analyst. Analyze the provided code and its semantics to identify the root cause of the vulnerability.
Focus on the specific code patterns, logic flaws, or missing checks that lead to the security issue.

Your analysis should be concise and structured as a JSON object.

You must output the analysis in the following format:
```json
{
  "vulnerability_analysis": {
    "title": "A brief, descriptive title of the vulnerability.",
    "root_cause_summary": "A detailed explanation of the core technical reason for the vulnerability. Explain *why* the code is insecure.",
    "attack_scenario": "Describe a potential attack scenario that could exploit this vulnerability.",
    "recommendation": "Provide a high-level recommendation for fixing the vulnerability."
  }
}
```
</Instruction>
<Code Semantics Analysis>
{
  "vulnerable_code_abstraction": {
    "title": "Unvalidated Type Conversion during JSON Deserialization",
    "purpose": "Deserializes a JSON array into a Java array, attempting to handle generic types, but with potential type mismatches.",
    "concept": "The code infers the component type of the array from the provided 'type' parameter. However, it uses potentially differing type information derived from 'componentClass' and 'componentType' during array parsing and object creation, opening the door for type confusion attacks.",
    "core_flaw": "The core flaw lies in the inconsistent usage of `componentType` and `componentClass`.  While the code attempts to resolve generic types and determine the component type, it doesn't enforce type consistency between the declared type (`componentType`) and the actual type used for parsing and object creation (`componentClass`).  This mismatch can lead to the creation of objects of an unintended type if a malicious actor manipulates the JSON input to exploit this type inconsistency.",
    "analogy": "Imagine a factory that receives instructions (JSON input) to build a specific product (Java array). The factory manager (deserializer) interprets the instructions and determines the required parts (component type). However, due to a flaw in the manager's logic, the factory workers (parser) might use different parts than intended, resulting in a faulty product or, in a security context, a malicious object.",
    "quote": "\u201cBe explicit about type conversions; avoid using implicit or unchecked type conversions.\u201d (Effective Java, 3rd Edition by Joshua Bloch)"
  }
}
</Code Semantics Analysis>
<Vulnerable Code>
```java
    public <T> T deserialze(DefaultJSONParser parser, Type type, Object fieldName) {
        final JSONLexer lexer = parser.lexer;
        if (lexer.token() == JSONToken.NULL) {
            lexer.nextToken(JSONToken.COMMA);
            return null;
        }

        if (lexer.token() == JSONToken.LITERAL_STRING) {
            byte[] bytes = lexer.bytesValue();
            lexer.nextToken(JSONToken.COMMA);
            return (T) bytes;
        }

        Class componentClass;
        Type componentType;

        if (type instanceof GenericArrayType) {
            GenericArrayType clazz = (GenericArrayType) type;
            componentType = clazz.getGenericComponentType();

            if (componentType instanceof TypeVariable) {
                TypeVariable typeVar = (TypeVariable) componentType;
                Type objType = parser.getContext().type;

                if (objType instanceof ParameterizedType) {
                    ParameterizedType objParamType = (ParameterizedType) objType;
                    Type objRawType = objParamType.getRawType();
                    Type actualType = null;

                    if (objRawType instanceof Class) {
                        TypeVariable[] objTypeParams = ((Class) objRawType).getTypeParameters();
                        for (int i = 0; i < objTypeParams.length; ++i) {
                            if (objTypeParams[i].getName().equals(typeVar.getName())) {
                                actualType = objParamType.getActualTypeArguments()[i];
                            }
                        }
                    }

                    if (actualType instanceof Class) {
                        componentClass = (Class) actualType;
                    } else {
                        componentClass = Object.class;
                    }
                } else {
                    componentClass = TypeUtils.getClass(typeVar.getBounds()[0]);
                }
            } else {
                componentClass = TypeUtils.getClass(componentType);
            }
        } else {
            Class clazz = (Class) type;
            componentType = componentClass = clazz.getComponentType();
        }

        JSONArray array = new JSONArray();
        parser.parseArray(componentClass, array, fieldName);

        return (T) toObjectArray(parser, componentClass, array);
    }
```
</Vulnerable Code>
<Analysis>


2025-07-18 01:40:35,062 - --- RESPONSE ---
```json
{
  "vulnerability_analysis": {
    "title": "Type Confusion in JSON Deserialization",
    "root_cause_summary": "The `deserialize` method uses inconsistent types (`componentType` and `componentClass`) when handling generic arrays. The code determines the component type through `componentType` but may use a different, potentially attacker-controlled, type `componentClass` for array parsing and object creation. This mismatch allows attackers to manipulate the JSON input to instantiate objects of unexpected types, leading to type confusion.",
    "attack_scenario": "An attacker could provide a JSON array where the elements have types different from the expected `componentType`. The `parser.parseArray` method, guided by `componentClass`, might deserialize these elements into incorrect Java types.  For instance, if the code expects an array of integers but the attacker supplies an array of strings representing arbitrary class names, the subsequent call to `toObjectArray` could create an array of unintended objects, potentially leading to remote code execution or other exploits depending on the application's behavior on these unexpected objects.",
    "recommendation": "Ensure type consistency throughout the deserialization process. Use the resolved `componentType` consistently for both parsing and object creation. Remove the branching logic that could lead to `componentClass` being assigned a different type than `componentType`. Alternatively, enforce strict type checking during parsing and object creation by verifying that the deserialized objects match the expected `componentType`."
  }
}
```


2025-07-18 01:40:35,063 - --- REQUEST ---
<Instruction>
    You are an expert software engineer specializing in security.
    Based on the provided code semantics analysis and the vulnerable code, rewrite the entire code to fix the vulnerability.
    If available, use the provided RAG (Retrieval-Augmented Generation) context which contains relevant security principles or similar solved cases.

    **VERY IMPORTANT RULES:**
    1.  You MUST output the COMPLETE, modified Java code for the file.
    2.  The code must be syntactically correct and compilable.
    3.  Do NOT output a `diff` or a patch. Output the entire file content.

    Output ONLY the code content within <PatchedCode> and </PatchedCode> tags.
    </Instruction>
    <Code Semantics Analysis>
    {
  "vulnerable_code_abstraction": {
    "title": "Unvalidated Type Conversion during JSON Deserialization",
    "purpose": "Deserializes a JSON array into a Java array, attempting to handle generic types, but with potential type mismatches.",
    "concept": "The code infers the component type of the array from the provided 'type' parameter. However, it uses potentially differing type information derived from 'componentClass' and 'componentType' during array parsing and object creation, opening the door for type confusion attacks.",
    "core_flaw": "The core flaw lies in the inconsistent usage of `componentType` and `componentClass`.  While the code attempts to resolve generic types and determine the component type, it doesn't enforce type consistency between the declared type (`componentType`) and the actual type used for parsing and object creation (`componentClass`).  This mismatch can lead to the creation of objects of an unintended type if a malicious actor manipulates the JSON input to exploit this type inconsistency.",
    "analogy": "Imagine a factory that receives instructions (JSON input) to build a specific product (Java array). The factory manager (deserializer) interprets the instructions and determines the required parts (component type). However, due to a flaw in the manager's logic, the factory workers (parser) might use different parts than intended, resulting in a faulty product or, in a security context, a malicious object.",
    "quote": "\u201cBe explicit about type conversions; avoid using implicit or unchecked type conversions.\u201d (Effective Java, 3rd Edition by Joshua Bloch)"
  }
}
    </Code Semantics Analysis>
    <Vulnerable Code>
    ```java
        public <T> T deserialze(DefaultJSONParser parser, Type type, Object fieldName) {
        final JSONLexer lexer = parser.lexer;
        if (lexer.token() == JSONToken.NULL) {
            lexer.nextToken(JSONToken.COMMA);
            return null;
        }

        if (lexer.token() == JSONToken.LITERAL_STRING) {
            byte[] bytes = lexer.bytesValue();
            lexer.nextToken(JSONToken.COMMA);
            return (T) bytes;
        }

        Class componentClass;
        Type componentType;

        if (type instanceof GenericArrayType) {
            GenericArrayType clazz = (GenericArrayType) type;
            componentType = clazz.getGenericComponentType();

            if (componentType instanceof TypeVariable) {
                TypeVariable typeVar = (TypeVariable) componentType;
                Type objType = parser.getContext().type;

                if (objType instanceof ParameterizedType) {
                    ParameterizedType objParamType = (ParameterizedType) objType;
                    Type objRawType = objParamType.getRawType();
                    Type actualType = null;

                    if (objRawType instanceof Class) {
                        TypeVariable[] objTypeParams = ((Class) objRawType).getTypeParameters();
                        for (int i = 0; i < objTypeParams.length; ++i) {
                            if (objTypeParams[i].getName().equals(typeVar.getName())) {
                                actualType = objParamType.getActualTypeArguments()[i];
                            }
                        }
                    }

                    if (actualType instanceof Class) {
                        componentClass = (Class) actualType;
                    } else {
                        componentClass = Object.class;
                    }
                } else {
                    componentClass = TypeUtils.getClass(typeVar.getBounds()[0]);
                }
            } else {
                componentClass = TypeUtils.getClass(componentType);
            }
        } else {
            Class clazz = (Class) type;
            componentType = componentClass = clazz.getComponentType();
        }

        JSONArray array = new JSONArray();
        parser.parseArray(componentClass, array, fieldName);

        return (T) toObjectArray(parser, componentClass, array);
    }
    ```
    </Vulnerable Code>
    <RAG Context>
    []
    </RAG Context>
    <PatchedCode>
    

2025-07-18 01:40:45,015 - --- RESPONSE ---
```java
import com.alibaba.fastjson.JSONArray;
import com.alibaba.fastjson.parser.DefaultJSONParser;
import com.alibaba.fastjson.parser.JSONLexer;
import com.alibaba.fastjson.parser.JSONToken;
import com.alibaba.fastjson.util.TypeUtils;

import java.lang.reflect.Array;
import java.lang.reflect.GenericArrayType;
import java.lang.reflect.ParameterizedType;
import java.lang.reflect.Type;
import java.lang.reflect.TypeVariable;
import java.util.List;

public class JSONDeserializer {

    public <T> T deserialze(DefaultJSONParser parser, Type type, Object fieldName) {
        final JSONLexer lexer = parser.lexer;
        if (lexer.token() == JSONToken.NULL) {
            lexer.nextToken(JSONToken.COMMA);
            return null;
        }

        if (lexer.token() == JSONToken.LITERAL_STRING) {
            byte[] bytes = lexer.bytesValue();
            lexer.nextToken(JSONToken.COMMA);
            if (type == byte[].class) {
                return (T) bytes;
            } else {
                // Handle potential mismatch, throw exception or return null based on your needs
                throw new ClassCastException("Type mismatch. Expected " + type + " but got byte[]");
            }
        }

        Class<?> componentClass;
        Type componentType;

        if (type instanceof GenericArrayType) {
            GenericArrayType genericArrayType = (GenericArrayType) type;
            componentType = genericArrayType.getGenericComponentType();
            componentClass = TypeUtils.getClass(componentType);
        } else if (type instanceof Class<?>) {
            Class<?> clazz = (Class<?>) type;
            componentType = clazz.getComponentType();
            if (componentType == null) {
                // Not an array type
                throw new ClassCastException("Type mismatch. Expected an array type but got " + type);
            }
            componentClass = componentType;
        } else {
            // Handle other types if needed, otherwise throw an exception
            throw new UnsupportedOperationException("Unsupported type: " + type);

        }


        List<?> list = parser.parseArray(componentClass, fieldName);

        if (list == null) {
            return null;
        }

        Object array = Array.newInstance(componentClass, list.size());

        for (int i = 0; i < list.size(); i++) {
            Object item = list.get(i);
            if (componentClass.isPrimitive()) {
                if (item instanceof Number) {
                    Array.set(array, i, TypeUtils.castToPrimitive(item));
                } else {
                    throw new ClassCastException("Cannot cast " + item.getClass() + " to " + componentClass);
                }
            } else if (!componentClass.isAssignableFrom(item.getClass()) && item != null){
                Array.set(array, i, TypeUtils.cast(item, componentClass, parser.getConfig()));
            } else {
                Array.set(array, i, item);
            }
        }

        return (T) array;
    }
}
```
</PatchedCode>

