2025-07-18 01:02:40,879 - --- REQUEST ---
<Instruction>
You are an expert software engineer specializing in security.
please generate the code semantics of the following code.
you should generate the code semantics in the following format:

title: code title
concept: code concept
core_flaw: code core flaw
analogy: code analogy
quote: code quote

You must output the code semantics in the following format:
```json
{
    "vulnerable_code_abstraction": {
        "title": "Abstract Representation of Vulnerable Code: Unconditional Type Trustor",
        "concept": "This code assumes that type information passed from an external source is trustworthy and delegates to the internal parser logic based on this assumption. Despite the possibility that 'componentClass' and 'componentType' can differ, it uses them interchangeably in certain sections, performing instantiation without validation.",
        "core_flaw": "The core flaw is that critical information determining the system's behavior (the type) is introduced from external input but is used without any structural validation or reliability checks. Specifically, if the type information used in the type inference process and the parsing delegation process mismatches, malicious objects can be created through a vulnerable path.",
        "analogy": "This is like passing a blueprint received from an external source to the production line without review. Even though problems in the blueprint could lead to the creation of dangerous machinery or parts, a structure that passes it on based solely on its appearance is highly vulnerable from a security perspective.",
        "quote": "Under the assumption that 'all input can be potentially hostile,' the reliability of input data must be verified before it is used for system control decisions. (Source: Secure Coding Principles)"
    }
}
```
</Instruction>

<Code>
```java
    public <T> T deserialze(DefaultJSONParser parser, Type type, Object fieldName) {
        final JSONLexer lexer = parser.lexer;
        if (lexer.token() == JSONToken.NULL) {
            lexer.nextToken(JSONToken.COMMA);
            return null;
        }

        if (lexer.token() == JSONToken.LITERAL_STRING) {
            byte[] bytes = lexer.bytesValue();
            lexer.nextToken(JSONToken.COMMA);
            return (T) bytes;
        }

        Class componentClass;
        Type componentType;

        if (type instanceof GenericArrayType) {
            GenericArrayType clazz = (GenericArrayType) type;
            componentType = clazz.getGenericComponentType();

            if (componentType instanceof TypeVariable) {
                TypeVariable typeVar = (TypeVariable) componentType;
                Type objType = parser.getContext().type;

                if (objType instanceof ParameterizedType) {
                    ParameterizedType objParamType = (ParameterizedType) objType;
                    Type objRawType = objParamType.getRawType();
                    Type actualType = null;

                    if (objRawType instanceof Class) {
                        TypeVariable[] objTypeParams = ((Class) objRawType).getTypeParameters();
                        for (int i = 0; i < objTypeParams.length; ++i) {
                            if (objTypeParams[i].getName().equals(typeVar.getName())) {
                                actualType = objParamType.getActualTypeArguments()[i];
                            }
                        }
                    }

                    if (actualType instanceof Class) {
                        componentClass = (Class) actualType;
                    } else {
                        componentClass = Object.class;
                    }
                } else {
                    componentClass = TypeUtils.getClass(typeVar.getBounds()[0]);
                }
            } else {
                componentClass = TypeUtils.getClass(componentType);
            }
        } else {
            Class clazz = (Class) type;
            componentType = componentClass = clazz.getComponentType();
        }

        JSONArray array = new JSONArray();
        parser.parseArray(componentClass, array, fieldName);

        return (T) toObjectArray(parser, componentClass, array);
    }
```
</Code>
<Analysis>


2025-07-18 01:02:50,968 - --- RESPONSE ---
```json
{
  "vulnerable_code_abstraction": {
    "title": "Unvalidated Type Conversion Leading to Inconsistent Object Instantiation",
    "concept": "This code deserializes JSON data into Java objects. It attempts to determine the component type of arrays or collections through type introspection. However, there's a discrepancy in how it uses `componentClass` and `componentType`.  While `componentType` represents the generic type, `componentClass` represents the raw class. The code uses `componentClass` for parsing the array elements, even when the actual type might be different, potentially leading to type confusion.",
    "core_flaw": "The code infers the `componentClass` based on various conditions, including the context from the `parser`, but doesn't validate if the inferred `componentClass` is compatible with the actual `componentType`.  This can lead to a mismatch where the parser expects a certain type but receives a different one during the `parser.parseArray` call.  Consequently, `toObjectArray` might create an array of an incorrect type, leading to a `ClassCastException` or other unexpected behavior when the returned array is used. The security risk arises because the type is effectively controlled by the input data, potentially enabling an attacker to force the creation of unintended object types.",
    "analogy": "Imagine a factory that builds cars. The blueprint (`componentType`) specifies that the car should have aluminum wheels. However, the factory floor instructions (`componentClass`) are misinterpreted to mean steel wheels. The factory produces a car with steel wheels, even though the blueprint called for aluminum.  This car might function, but it deviates from the intended design. In a more malicious scenario, imagine the blueprint being manipulated to specify an incompatible part, like an airplane engine.  The blind trust in the misinterpreted instructions could lead to a disastrous outcome.",
    "quote": "“Be strict in what you send, be liberal in what you accept.” – The Robustness Principle. While the robustness principle applies to network communication, it is analogous to this situation. The code should be strict in verifying the types it uses internally, even if the input is flexible."
  }
}
```


