2025-07-17 20:14:31,618 - --- REQUEST ---
<Instruction>
You are an expert security analyst. Analyze the provided vulnerable code to identify the root cause of the vulnerability.
Your analysis should be concise and structured as a JSON object.
Output MUST be a JSON object with a single root key "vulnerability_analysis".
</Instruction>
<Vulnerable Code>
```java
package com.alibaba.fastjson.serializer;

import java.io.IOException;
import java.lang.reflect.Array;
import java.lang.reflect.GenericArrayType;
import java.lang.reflect.ParameterizedType;
import java.lang.reflect.Type;
import java.lang.reflect.TypeVariable;

import com.alibaba.fastjson.JSONArray;
import com.alibaba.fastjson.parser.DefaultJSONParser;
import com.alibaba.fastjson.parser.JSONLexer;
import com.alibaba.fastjson.parser.JSONToken;
import com.alibaba.fastjson.parser.deserializer.ObjectDeserializer;
import com.alibaba.fastjson.util.TypeUtils;

public class ObjectArrayCodec implements ObjectSerializer, ObjectDeserializer {

    @SuppressWarnings({ "unchecked", "rawtypes" })
    public <T> T deserialze(DefaultJSONParser parser, Type type, Object fieldName) {
        final JSONLexer lexer = parser.lexer;
        if (lexer.token() == JSONToken.NULL) {
            lexer.nextToken(JSONToken.COMMA);
            return null;
        }

        if (lexer.token() == JSONToken.LITERAL_STRING) {
            byte[] bytes = lexer.bytesValue();
            lexer.nextToken(JSONToken.COMMA);
            return (T) bytes;
        }

        Class componentClass;
        Type componentType;

        if (type instanceof GenericArrayType) {
            GenericArrayType clazz = (GenericArrayType) type;
            componentType = clazz.getGenericComponentType();

            if (componentType instanceof TypeVariable) {
                TypeVariable typeVar = (TypeVariable) componentType;
                Type objType = parser.getContext().type;

                if (objType instanceof ParameterizedType) {
                    ParameterizedType objParamType = (ParameterizedType) objType;
                    Type objRawType = objParamType.getRawType();
                    Type actualType = null;

                    if (objRawType instanceof Class) {
                        TypeVariable[] objTypeParams = ((Class) objRawType).getTypeParameters();
                        for (int i = 0; i < objTypeParams.length; ++i) {
                            if (objTypeParams[i].getName().equals(typeVar.getName())) {
                                actualType = objParamType.getActualTypeArguments()[i];
                            }
                        }
                    }

                    if (actualType instanceof Class) {
                        componentClass = (Class) actualType;
                    } else {
                        componentClass = Object.class;
                    }
                } else {
                    componentClass = TypeUtils.getClass(typeVar.getBounds()[0]);
                }
            } else {
                componentClass = TypeUtils.getClass(componentType);
            }
        } else {
            Class clazz = (Class) type;
            componentType = componentClass = clazz.getComponentType();
        }

        JSONArray array = new JSONArray();
        parser.parseArray(componentClass, array, fieldName);

        return (T) toObjectArray(parser, componentClass, array);
    }
}

```
</Vulnerable Code>
<Analysis>


2025-07-17 20:14:40,731 - --- RESPONSE ---
```json
{
  "vulnerability_analysis": {
    "description": "The `deserialze` method in `ObjectArrayCodec` is vulnerable to a type confusion attack. When deserializing an array, if the incoming JSON is a string instead of an array, the code assumes it represents a byte array and returns it directly without further checks or conversions.",
    "root_cause": "The vulnerability stems from the mishandling of JSON strings during deserialization. The code checks if the JSON token is a string (`JSONToken.LITERAL_STRING`) and, if so, treats the string's byte representation as a byte array. This is incorrect because a JSON string could represent various data types, not just byte arrays.  The code directly casts the string's byte array to the expected generic type without proper validation, creating a type confusion vulnerability. Further in the code, an expected array object is cast to the desired object array potentially creating type-related issues and exceptions.",
    "impact": "An attacker can exploit this vulnerability by providing a malicious JSON string where an array is expected. This can lead to unexpected behavior, including type confusion, incorrect data processing, potential crashes, and even arbitrary code execution depending on how the returned byte array is used in the application.",
    "remediation": "Remove the conditional block that handles the JSON string. JSON strings should be processed like any other values within the array itself and follow the regular deserialization logic for the component type. It should not be handled separately as it circumvents the appropriate type checking and deserialization process.\nEnsure that if the input JSON token is a string (`JSONToken.LITERAL_STRING`), the code parses it correctly according to the expected component type, rather than assuming it is a byte array. Implement proper type checking and conversion mechanisms to handle JSON strings according to the desired target type. Leveraging the standard array parsing logic can resolve this issue."
  }
}
```

