2025-07-17 20:15:05,495 - --- REQUEST ---
<Instruction>
You are an expert security analyst. Analyze the provided vulnerable code to identify the root cause of the vulnerability.
Your analysis should be concise and structured as a JSON object.
Output MUST be a JSON object with a single root key "vulnerability_analysis".
</Instruction>
<Vulnerable Code>
```java
package com.alibaba.fastjson.serializer;

import java.io.IOException;
import java.lang.reflect.Array;
import java.lang.reflect.GenericArrayType;
import java.lang.reflect.ParameterizedType;
import java.lang.reflect.Type;
import java.lang.reflect.TypeVariable;

import com.alibaba.fastjson.JSONArray;
import com.alibaba.fastjson.parser.DefaultJSONParser;
import com.alibaba.fastjson.parser.JSONLexer;
import com.alibaba.fastjson.parser.JSONToken;
import com.alibaba.fastjson.parser.deserializer.ObjectDeserializer;
import com.alibaba.fastjson.util.TypeUtils;

public class ObjectArrayCodec implements ObjectSerializer, ObjectDeserializer {

    @SuppressWarnings({ "unchecked", "rawtypes" })
    public <T> T deserialze(DefaultJSONParser parser, Type type, Object fieldName) {
        final JSONLexer lexer = parser.lexer;
        if (lexer.token() == JSONToken.NULL) {
            lexer.nextToken(JSONToken.COMMA);
            return null;
        }

        if (lexer.token() == JSONToken.LITERAL_STRING) {
            byte[] bytes = lexer.bytesValue();
            lexer.nextToken(JSONToken.COMMA);
            return (T) bytes;
        }

        Class componentClass;
        Type componentType;

        if (type instanceof GenericArrayType) {
            GenericArrayType clazz = (GenericArrayType) type;
            componentType = clazz.getGenericComponentType();

            if (componentType instanceof TypeVariable) {
                TypeVariable typeVar = (TypeVariable) componentType;
                Type objType = parser.getContext().type;

                if (objType instanceof ParameterizedType) {
                    ParameterizedType objParamType = (ParameterizedType) objType;
                    Type objRawType = objParamType.getRawType();
                    Type actualType = null;

                    if (objRawType instanceof Class) {
                        TypeVariable[] objTypeParams = ((Class) objRawType).getTypeParameters();
                        for (int i = 0; i < objTypeParams.length; ++i) {
                            if (objTypeParams[i].getName().equals(typeVar.getName())) {
                                actualType = objParamType.getActualTypeArguments()[i];
                            }
                        }
                    }

                    if (actualType instanceof Class) {
                        componentClass = (Class) actualType;
                    } else {
                        componentClass = Object.class;
                    }
                } else {
                    componentClass = TypeUtils.getClass(typeVar.getBounds()[0]);
                }
            } else {
                componentClass = TypeUtils.getClass(componentType);
            }
        } else {
            Class clazz = (Class) type;
            componentType = componentClass = clazz.getComponentType();
        }

        JSONArray array = new JSONArray();
        parser.parseArray(componentClass, array, fieldName);

        return (T) toObjectArray(parser, componentClass, array);
    }
}

```
</Vulnerable Code>
<Analysis>


2025-07-17 20:15:14,007 - --- RESPONSE ---
```json
{
  "vulnerability_analysis": {
    "description": "Type confusion vulnerability due to incorrect handling of GenericArrayType and potential misuse of byte arrays.",
    "root_cause": "The `deserialze` method attempts to handle arrays. However, it contains a block that checks if the incoming token is a string literal (JSONToken.LITERAL_STRING).  If it is, it directly casts the string's byte representation to the generic type T without proper type checking or conversion. This can lead to type confusion if the expected array type T is not compatible with a byte array. The code assumes that if the JSON input is a string, it should be treated as a byte array, ignoring the actual parameterized type information, causing a type confusion vulnerability.",
    "impact": "An attacker could exploit this vulnerability by providing a specially crafted JSON payload containing a string where an array of objects is expected. This could lead to unexpected behavior, including crashes, denial-of-service, or potentially remote code execution depending on how the application uses the deserialized object. Specifically, type confusion can break type safety, allowing attackers to overwrite memory in unintended ways.",
    "proof_of_concept": "Consider the case where the expected type `T` is `Integer[]`. An attacker can send a JSON string such as \"exploit\". The code will treat the byte representation of \"exploit\" as an Integer array, leading to type confusion and unpredictable behavior.",
    "remediation": "Remove the block that handles JSONToken.LITERAL_STRING within the array deserialization logic.  Ensure that arrays are parsed as arrays, regardless of whether their elements are primitives or objects. Enforce strict type checking during deserialization based on the expected `Type`. Instead of directly casting, use `TypeUtils.cast` or similar methods to perform safe type conversions when necessary."
  }
}
```

