2025-07-18 01:01:30,248 - --- REQUEST ---
<Instruction>
You are an expert software engineer specializing in security.
please generate the code semantics of the following code.
you should generate the code semantics in the following format:

title: code title
concept: code concept
core_flaw: code core flaw
analogy: code analogy
quote: code quote

You must output the code semantics in the following format:
```json
{
    "vulnerable_code_abstraction": {
        "title": "Abstract Representation of Vulnerable Code: Unconditional Type Trustor",
        "concept": "This code assumes that type information passed from an external source is trustworthy and delegates to the internal parser logic based on this assumption. Despite the possibility that 'componentClass' and 'componentType' can differ, it uses them interchangeably in certain sections, performing instantiation without validation.",
        "core_flaw": "The core flaw is that critical information determining the system's behavior (the type) is introduced from external input but is used without any structural validation or reliability checks. Specifically, if the type information used in the type inference process and the parsing delegation process mismatches, malicious objects can be created through a vulnerable path.",
        "analogy": "This is like passing a blueprint received from an external source to the production line without review. Even though problems in the blueprint could lead to the creation of dangerous machinery or parts, a structure that passes it on based solely on its appearance is highly vulnerable from a security perspective.",
        "quote": "Under the assumption that 'all input can be potentially hostile,' the reliability of input data must be verified before it is used for system control decisions. (Source: Secure Coding Principles)"
    }
}
```
</Instruction>

<Code>
```java
    public <T> T deserialze(DefaultJSONParser parser, Type type, Object fieldName) {
        final JSONLexer lexer = parser.lexer;
        if (lexer.token() == JSONToken.NULL) {
            lexer.nextToken(JSONToken.COMMA);
            return null;
        }

        if (lexer.token() == JSONToken.LITERAL_STRING) {
            byte[] bytes = lexer.bytesValue();
            lexer.nextToken(JSONToken.COMMA);
            return (T) bytes;
        }

        Class componentClass;
        Type componentType;

        if (type instanceof GenericArrayType) {
            GenericArrayType clazz = (GenericArrayType) type;
            componentType = clazz.getGenericComponentType();

            if (componentType instanceof TypeVariable) {
                TypeVariable typeVar = (TypeVariable) componentType;
                Type objType = parser.getContext().type;

                if (objType instanceof ParameterizedType) {
                    ParameterizedType objParamType = (ParameterizedType) objType;
                    Type objRawType = objParamType.getRawType();
                    Type actualType = null;

                    if (objRawType instanceof Class) {
                        TypeVariable[] objTypeParams = ((Class) objRawType).getTypeParameters();
                        for (int i = 0; i < objTypeParams.length; ++i) {
                            if (objTypeParams[i].getName().equals(typeVar.getName())) {
                                actualType = objParamType.getActualTypeArguments()[i];
                            }
                        }
                    }

                    if (actualType instanceof Class) {
                        componentClass = (Class) actualType;
                    } else {
                        componentClass = Object.class;
                    }
                } else {
                    componentClass = TypeUtils.getClass(typeVar.getBounds()[0]);
                }
            } else {
                componentClass = TypeUtils.getClass(componentType);
            }
        } else {
            Class clazz = (Class) type;
            componentType = componentClass = clazz.getComponentType();
        }

        JSONArray array = new JSONArray();
        parser.parseArray(componentClass, array, fieldName);

        return (T) toObjectArray(parser, componentClass, array);
    }
```
</Code>
<Analysis>


2025-07-18 01:01:37,765 - --- RESPONSE ---
```json
{
  "vulnerable_code_abstraction": {
    "title": "Unvalidated Type Conversion in Deserialization",
    "concept": "This code deserializes data into an array. It infers the component type of the array from the provided 'type' parameter, potentially resolving generic type variables. However, it lacks validation and consistent handling of the resolved type, leading to type confusion vulnerabilities.",
    "core_flaw": "The code uses `componentClass` and `componentType` somewhat interchangeably, especially during array parsing and conversion to an object array.  The logic for determining `componentClass` based on `componentType` has several branches, and some of them fall back to using `Object.class` or a bound type, which can differ from the actual parameterized type. This discrepancy can lead to an incorrect `componentClass` being used, allowing an attacker to manipulate the deserialization process to create unexpected object types.",
    "analogy": "Imagine a factory that builds products based on blueprints.  This code is like a factory worker who receives a blueprint (the `type` parameter) for a set of parts. The worker correctly identifies the general type of material needed (e.g., metal), but due to some confusion during the manufacturing process, chooses a completely different metal alloy (wrong `componentClass`) than intended. This results in the final product (the deserialized object) being built with incorrect materials, potentially making it unsafe or malfunctioning.",
    "quote": "“Type safety is a critical component of secure coding practices, preventing exploitation through type-related vulnerabilities.” (Source: Secure Coding Principles)"
  }
}
```


