2025-07-18 01:00:52,223 - --- REQUEST ---
<Instruction>
You are an expert software engineer specializing in security.
please generate the code semantics of the following code.
you should generate the code semantics in the following format:

title: code title
concept: code concept
core_flaw: code core flaw
analogy: code analogy
quote: code quote

You must output the code semantics in the following format:
```json
{
    "vulnerable_code_abstraction": {
        "title": "Abstract Representation of Vulnerable Code: Unconditional Type Trustor",
        "concept": "This code assumes that type information passed from an external source is trustworthy and delegates to the internal parser logic based on this assumption. Despite the possibility that 'componentClass' and 'componentType' can differ, it uses them interchangeably in certain sections, performing instantiation without validation.",
        "core_flaw": "The core flaw is that critical information determining the system's behavior (the type) is introduced from external input but is used without any structural validation or reliability checks. Specifically, if the type information used in the type inference process and the parsing delegation process mismatches, malicious objects can be created through a vulnerable path.",
        "analogy": "This is like passing a blueprint received from an external source to the production line without review. Even though problems in the blueprint could lead to the creation of dangerous machinery or parts, a structure that passes it on based solely on its appearance is highly vulnerable from a security perspective.",
        "quote": "Under the assumption that 'all input can be potentially hostile,' the reliability of input data must be verified before it is used for system control decisions. (Source: Secure Coding Principles)"
    }
}
```
</Instruction>

<Code>
```java
    public <T> T deserialze(DefaultJSONParser parser, Type type, Object fieldName) {
        final JSONLexer lexer = parser.lexer;
        if (lexer.token() == JSONToken.NULL) {
            lexer.nextToken(JSONToken.COMMA);
            return null;
        }

        if (lexer.token() == JSONToken.LITERAL_STRING) {
            byte[] bytes = lexer.bytesValue();
            lexer.nextToken(JSONToken.COMMA);
            return (T) bytes;
        }

        Class componentClass;
        Type componentType;

        if (type instanceof GenericArrayType) {
            GenericArrayType clazz = (GenericArrayType) type;
            componentType = clazz.getGenericComponentType();

            if (componentType instanceof TypeVariable) {
                TypeVariable typeVar = (TypeVariable) componentType;
                Type objType = parser.getContext().type;

                if (objType instanceof ParameterizedType) {
                    ParameterizedType objParamType = (ParameterizedType) objType;
                    Type objRawType = objParamType.getRawType();
                    Type actualType = null;

                    if (objRawType instanceof Class) {
                        TypeVariable[] objTypeParams = ((Class) objRawType).getTypeParameters();
                        for (int i = 0; i < objTypeParams.length; ++i) {
                            if (objTypeParams[i].getName().equals(typeVar.getName())) {
                                actualType = objParamType.getActualTypeArguments()[i];
                            }
                        }
                    }

                    if (actualType instanceof Class) {
                        componentClass = (Class) actualType;
                    } else {
                        componentClass = Object.class;
                    }
                } else {
                    componentClass = TypeUtils.getClass(typeVar.getBounds()[0]);
                }
            } else {
                componentClass = TypeUtils.getClass(componentType);
            }
        } else {
            Class clazz = (Class) type;
            componentType = componentClass = clazz.getComponentType();
        }

        JSONArray array = new JSONArray();
        parser.parseArray(componentClass, array, fieldName);

        return (T) toObjectArray(parser, componentClass, array);
    }
```
</Code>
<Analysis>


2025-07-18 01:01:01,884 - --- RESPONSE ---
```json
{
  "vulnerable_code_abstraction": {
    "title": "Unvalidated Type Conversion during Deserialization",
    "concept": "This code deserializes JSON data into Java objects. It attempts to handle generic types and arrays, inferring component types from various sources like `GenericArrayType`, `TypeVariable`, and `ParameterizedType`.  However, it lacks proper validation and relies on potentially inaccurate type information, especially when dealing with nested generics and type variables.",
    "core_flaw": "The core flaw lies in the blind trust of the inferred `componentClass` and its usage in `parser.parseArray` and `toObjectArray`.  The complex logic for deriving `componentClass` from `componentType` might lead to a mismatch between the actual type of the JSON data and the expected type, resulting in type confusion. Specifically, different code paths determine `componentClass` based on whether the input `type` is a `GenericArrayType` or not.  In the case of `GenericArrayType`, especially when dealing with `TypeVariable`, the actual concrete type might not be accurately resolved, leading to `componentClass` being different from what is expected. This discrepancy is then exploited by `parser.parseArray`, leading to a potential type confusion vulnerability when converting to an array using `toObjectArray`. The logic attempts to resolve types based on the context provided by `parser.getContext().type`, but this context might be manipulated by malicious JSON input.  The fallback to `Object.class` or using `typeVar.getBounds()[0]` further exacerbates the issue by widening the accepted types, increasing the chances of type mismatches.",
    "analogy": "Imagine a factory receiving instructions on how to build a product from an external source. The instructions specify using certain components, but the factory doesn't verify the compatibility of these components.  It assumes they fit together based on the instructions. A malicious actor could provide instructions with mismatched components, causing the factory to assemble a faulty or even dangerous product.",
    "quote": "“Verify all input before processing.  Treat all data from external sources as tainted” – OWASP Top 10"
  }
}
```


